   1              		.syntax unified
   2              		.cpu cortex-m3
   3              		.fpu softvfp
   4              		.eabi_attribute 20, 1
   5              		.eabi_attribute 21, 1
   6              		.eabi_attribute 23, 3
   7              		.eabi_attribute 24, 1
   8              		.eabi_attribute 25, 1
   9              		.eabi_attribute 26, 1
  10              		.eabi_attribute 30, 4
  11              		.eabi_attribute 18, 4
  12              		.thumb
  13              		.file	"misc.c"
  14              		.text
  15              		.align	1
  16              		.global	getHandles
  17              		.thumb
  18              		.thumb_func
  20              	getHandles:
  21              		@ args = 0, pretend = 0, frame = 0
  22              		@ frame_needed = 0, uses_anonymous_args = 0
  23 0000 70B5     		push	{r4, r5, r6, lr}
  24 0002 0F4C     		ldr	r4, .L3
  25 0004 2568     		ldr	r5, [r4, #0]
  26 0006 BDB9     		cbnz	r5, .L2
  27 0008 1820     		movs	r0, #24
  28 000a FFF7FEFF 		bl	malloc
  29 000e 0646     		mov	r6, r0
  30 0010 2060     		str	r0, [r4, #0]
  31 0012 0120     		movs	r0, #1
  32 0014 FFF7FEFF 		bl	xQueueCreateMutex
  33 0018 2946     		mov	r1, r5
  34 001a 3060     		str	r0, [r6, #0]
  35 001c 0322     		movs	r2, #3
  36 001e 0120     		movs	r0, #1
  37 0020 2668     		ldr	r6, [r4, #0]
  38 0022 FFF7FEFF 		bl	xQueueGenericCreate
  39 0026 2368     		ldr	r3, [r4, #0]
  40 0028 7060     		str	r0, [r6, #4]
  41 002a 5868     		ldr	r0, [r3, #4]
  42 002c 20B1     		cbz	r0, .L2
  43 002e 2946     		mov	r1, r5
  44 0030 2A46     		mov	r2, r5
  45 0032 2B46     		mov	r3, r5
  46 0034 FFF7FEFF 		bl	xQueueGenericSend
  47              	.L2:
  48 0038 014B     		ldr	r3, .L3
  49 003a 1868     		ldr	r0, [r3, #0]
  50 003c 70BD     		pop	{r4, r5, r6, pc}
  51              	.L4:
  52 003e 00BF     		.align	2
  53              	.L3:
  54 0040 00000000 		.word	.LANCHOR0
  56              		.bss
  57              		.align	2
  58              		.set	.LANCHOR0,. + 0
  61              	handles.3178:
  62 0000 00000000 		.space	4
  63              		.ident	"GCC: (GNU) 4.6.2"
DEFINED SYMBOLS
                            *ABS*:00000000 misc.c
C:\Users\Montoya\AppData\Local\Temp\ccP96rA6.s:15     .text:00000000 $t
C:\Users\Montoya\AppData\Local\Temp\ccP96rA6.s:20     .text:00000000 getHandles
C:\Users\Montoya\AppData\Local\Temp\ccP96rA6.s:54     .text:00000040 $d
C:\Users\Montoya\AppData\Local\Temp\ccP96rA6.s:57     .bss:00000000 $d
C:\Users\Montoya\AppData\Local\Temp\ccP96rA6.s:61     .bss:00000000 handles.3178

UNDEFINED SYMBOLS
malloc
xQueueCreateMutex
xQueueGenericCreate
xQueueGenericSend
