   1              		.syntax unified
   2              		.cpu cortex-m3
   3              		.fpu softvfp
   4              		.eabi_attribute 20, 1
   5              		.eabi_attribute 21, 1
   6              		.eabi_attribute 23, 3
   7              		.eabi_attribute 24, 1
   8              		.eabi_attribute 25, 1
   9              		.eabi_attribute 26, 1
  10              		.eabi_attribute 30, 4
  11              		.eabi_attribute 18, 4
  12              		.thumb
  13              		.file	"str.cpp"
  14              		.text
  15              		.align	1
  16              		.global	_ZN3str5toIntEPKc
  17              		.thumb
  18              		.thumb_func
  20              	_ZN3str5toIntEPKc:
  21              		@ args = 0, pretend = 0, frame = 0
  22              		@ frame_needed = 0, uses_anonymous_args = 0
  23              		@ link register save eliminated.
  24 0000 FFF7FEBF 		b	atoi
  26              		.align	1
  27              		.global	_ZN3strC2EPci
  28              		.thumb
  29              		.thumb_func
  31              	_ZN3strC2EPci:
  32              		@ args = 0, pretend = 0, frame = 0
  33              		@ frame_needed = 0, uses_anonymous_args = 0
  34 0004 0123     		movs	r3, #1
  35 0006 10B5     		push	{r4, lr}
  36 0008 0370     		strb	r3, [r0, #0]
  37 000a 0023     		movs	r3, #0
  38 000c 9A42     		cmp	r2, r3
  39 000e D4BF     		ite	le
  40 0010 1A46     		movle	r2, r3
  41 0012 013A     		subgt	r2, r2, #1
  42 0014 0446     		mov	r4, r0
  43 0016 8160     		str	r1, [r0, #8]
  44 0018 C360     		str	r3, [r0, #12]
  45 001a 0361     		str	r3, [r0, #16]
  46 001c 4260     		str	r2, [r0, #4]
  47 001e 0846     		mov	r0, r1
  48 0020 0021     		movs	r1, #0
  49 0022 FFF7FEFF 		bl	memset
  50 0026 2046     		mov	r0, r4
  51 0028 10BD     		pop	{r4, pc}
  53              		.align	1
  54              		.global	_ZN3strD2Ev
  55              		.thumb
  56              		.thumb_func
  58              	_ZN3strD2Ev:
  59              		@ args = 0, pretend = 0, frame = 0
  60              		@ frame_needed = 0, uses_anonymous_args = 0
  61 002a 38B5     		push	{r3, r4, r5, lr}
  62 002c 0446     		mov	r4, r0
  63 002e 8068     		ldr	r0, [r0, #8]
  64 0030 18B1     		cbz	r0, .L7
  65 0032 2378     		ldrb	r3, [r4, #0]	@ zero_extendqisi2
  66 0034 0BB9     		cbnz	r3, .L7
  67 0036 FFF7FEFF 		bl	_ZdlPv
  68              	.L7:
  69 003a E568     		ldr	r5, [r4, #12]
  70 003c 2DB1     		cbz	r5, .L8
  71 003e 2846     		mov	r0, r5
  72 0040 FFF7FEFF 		bl	_ZN3strD1Ev
  73 0044 2846     		mov	r0, r5
  74 0046 FFF7FEFF 		bl	_ZdlPv
  75              	.L8:
  76 004a 2046     		mov	r0, r4
  77 004c 38BD     		pop	{r3, r4, r5, pc}
  79              		.align	1
  80              		.global	_ZNK3str6getLenEv
  81              		.thumb
  82              		.thumb_func
  84              	_ZNK3str6getLenEv:
  85              		@ args = 0, pretend = 0, frame = 0
  86              		@ frame_needed = 0, uses_anonymous_args = 0
  87              		@ link register save eliminated.
  88 004e 8068     		ldr	r0, [r0, #8]
  89 0050 FFF7FEBF 		b	strlen
  91              		.align	1
  92              		.global	_ZNK3str11getCapacityEv
  93              		.thumb
  94              		.thumb_func
  96              	_ZNK3str11getCapacityEv:
  97              		@ args = 0, pretend = 0, frame = 0
  98              		@ frame_needed = 0, uses_anonymous_args = 0
  99              		@ link register save eliminated.
 100 0054 4068     		ldr	r0, [r0, #4]
 101 0056 7047     		bx	lr
 103              		.align	1
 104              		.global	_ZN3str5clearEv
 105              		.thumb
 106              		.thumb_func
 108              	_ZN3str5clearEv:
 109              		@ args = 0, pretend = 0, frame = 0
 110              		@ frame_needed = 0, uses_anonymous_args = 0
 111              		@ link register save eliminated.
 112 0058 8368     		ldr	r3, [r0, #8]
 113 005a 0022     		movs	r2, #0
 114 005c 1A70     		strb	r2, [r3, #0]
 115 005e 7047     		bx	lr
 117              		.align	1
 118              		.global	_ZN3str7toLowerEv
 119              		.thumb
 120              		.thumb_func
 122              	_ZN3str7toLowerEv:
 123              		@ args = 0, pretend = 0, frame = 0
 124              		@ frame_needed = 0, uses_anonymous_args = 0
 125 0060 10B5     		push	{r4, lr}
 126 0062 8468     		ldr	r4, [r0, #8]
 127 0064 03E0     		b	.L13
 128              	.L14:
 129 0066 FFF7FEFF 		bl	tolower
 130 006a 04F8010C 		strb	r0, [r4, #-1]
 131              	.L13:
 132 006e 14F8010B 		ldrb	r0, [r4], #1	@ zero_extendqisi2
 133 0072 0028     		cmp	r0, #0
 134 0074 F7D1     		bne	.L14
 135 0076 10BD     		pop	{r4, pc}
 137              		.align	1
 138              		.global	_ZN3str7toUpperEv
 139              		.thumb
 140              		.thumb_func
 142              	_ZN3str7toUpperEv:
 143              		@ args = 0, pretend = 0, frame = 0
 144              		@ frame_needed = 0, uses_anonymous_args = 0
 145 0078 10B5     		push	{r4, lr}
 146 007a 8468     		ldr	r4, [r0, #8]
 147 007c 03E0     		b	.L16
 148              	.L17:
 149 007e FFF7FEFF 		bl	toupper
 150 0082 04F8010C 		strb	r0, [r4, #-1]
 151              	.L16:
 152 0086 14F8010B 		ldrb	r0, [r4], #1	@ zero_extendqisi2
 153 008a 0028     		cmp	r0, #0
 154 008c F7D1     		bne	.L17
 155 008e 10BD     		pop	{r4, pc}
 157              		.align	1
 158              		.global	_ZN3str5scanfEPKcz
 159              		.thumb
 160              		.thumb_func
 162              	_ZN3str5scanfEPKcz:
 163              		@ args = 4, pretend = 12, frame = 8
 164              		@ frame_needed = 0, uses_anonymous_args = 1
 165 0090 0EB4     		push	{r1, r2, r3}
 166 0092 03B5     		push	{r0, r1, lr}
 167 0094 03AA     		add	r2, sp, #12
 168 0096 52F8041B 		ldr	r1, [r2], #4
 169 009a 8068     		ldr	r0, [r0, #8]
 170 009c 0192     		str	r2, [sp, #4]
 171 009e FFF7FEFF 		bl	vsiscanf
 172 00a2 BDE80C40 		pop	{r2, r3, lr}
 173 00a6 03B0     		add	sp, sp, #12
 174 00a8 7047     		bx	lr
 176              		.align	1
 177              		.global	_ZNK3str9compareToEPKc
 178              		.thumb
 179              		.thumb_func
 181              	_ZNK3str9compareToEPKc:
 182              		@ args = 0, pretend = 0, frame = 0
 183              		@ frame_needed = 0, uses_anonymous_args = 0
 184 00aa 08B5     		push	{r3, lr}
 185 00ac 0346     		mov	r3, r0
 186 00ae 0846     		mov	r0, r1
 187 00b0 9968     		ldr	r1, [r3, #8]
 188 00b2 FFF7FEFF 		bl	strcmp
 189 00b6 D0F10100 		rsbs	r0, r0, #1
 190 00ba 38BF     		it	cc
 191 00bc 0020     		movcc	r0, #0
 192 00be 08BD     		pop	{r3, pc}
 194              		.align	1
 195              		.global	_ZNK3str19compareToIgnoreCaseEPKc
 196              		.thumb
 197              		.thumb_func
 199              	_ZNK3str19compareToIgnoreCaseEPKc:
 200              		@ args = 0, pretend = 0, frame = 0
 201              		@ frame_needed = 0, uses_anonymous_args = 0
 202 00c0 08B5     		push	{r3, lr}
 203 00c2 8068     		ldr	r0, [r0, #8]
 204 00c4 FFF7FEFF 		bl	strcasecmp
 205 00c8 D0F10100 		rsbs	r0, r0, #1
 206 00cc 38BF     		it	cc
 207 00ce 0020     		movcc	r0, #0
 208 00d0 08BD     		pop	{r3, pc}
 210              		.align	1
 211              		.global	_ZNK3str22firstIndexOfIgnoreCaseEPKc
 212              		.thumb
 213              		.thumb_func
 215              	_ZNK3str22firstIndexOfIgnoreCaseEPKc:
 216              		@ args = 0, pretend = 0, frame = 0
 217              		@ frame_needed = 0, uses_anonymous_args = 0
 218 00d2 2DE9F84F 		push	{r3, r4, r5, r6, r7, r8, r9, sl, fp, lr}
 219 00d6 0D78     		ldrb	r5, [r1, #0]	@ zero_extendqisi2
 220 00d8 0E46     		mov	r6, r1
 221 00da 002D     		cmp	r5, #0
 222 00dc 33D0     		beq	.L30
 223 00de 8468     		ldr	r4, [r0, #8]
 224 00e0 4FF0FF37 		mov	r7, #-1
 225 00e4 2378     		ldrb	r3, [r4, #0]	@ zero_extendqisi2
 226 00e6 29E0     		b	.L32
 227              	.L28:
 228 00e8 2846     		mov	r0, r5
 229 00ea FFF7FEFF 		bl	tolower
 230 00ee 0146     		mov	r1, r0
 231 00f0 2046     		mov	r0, r4
 232 00f2 FFF7FEFF 		bl	strchr
 233 00f6 38B9     		cbnz	r0, .L24
 234 00f8 2846     		mov	r0, r5
 235 00fa FFF7FEFF 		bl	toupper
 236 00fe 0146     		mov	r1, r0
 237 0100 2046     		mov	r0, r4
 238 0102 FFF7FEFF 		bl	strchr
 239 0106 F0B1     		cbz	r0, .L30
 240              	.L24:
 241 0108 071B     		subs	r7, r0, r4
 242 010a 00F1010A 		add	sl, r0, #1
 243 010e 8146     		mov	r9, r0
 244 0110 3346     		mov	r3, r6
 245              	.L26:
 246 0112 19F8010F 		ldrb	r0, [r9, #1]!	@ zero_extendqisi2
 247 0116 03F10108 		add	r8, r3, #1
 248 011a 60B1     		cbz	r0, .L25
 249 011c 5C78     		ldrb	r4, [r3, #1]	@ zero_extendqisi2
 250 011e 54B1     		cbz	r4, .L25
 251 0120 FFF7FEFF 		bl	tolower
 252 0124 8346     		mov	fp, r0
 253 0126 2046     		mov	r0, r4
 254 0128 FFF7FEFF 		bl	tolower
 255 012c 8345     		cmp	fp, r0
 256 012e 4346     		mov	r3, r8
 257 0130 EFD0     		beq	.L26
 258 0132 4FF0FF37 		mov	r7, #-1
 259              	.L25:
 260 0136 98F80030 		ldrb	r3, [r8, #0]	@ zero_extendqisi2
 261 013a 5446     		mov	r4, sl
 262              	.L32:
 263 013c 2BB1     		cbz	r3, .L22
 264              	.L27:
 265 013e 2378     		ldrb	r3, [r4, #0]	@ zero_extendqisi2
 266 0140 002B     		cmp	r3, #0
 267 0142 D1D1     		bne	.L28
 268 0144 01E0     		b	.L22
 269              	.L30:
 270 0146 4FF0FF37 		mov	r7, #-1
 271              	.L22:
 272 014a 3846     		mov	r0, r7
 273 014c BDE8F88F 		pop	{r3, r4, r5, r6, r7, r8, r9, sl, fp, pc}
 275              		.align	1
 276              		.global	_ZNK3str18containsIgnoreCaseEPKc
 277              		.thumb
 278              		.thumb_func
 280              	_ZNK3str18containsIgnoreCaseEPKc:
 281              		@ args = 0, pretend = 0, frame = 0
 282              		@ frame_needed = 0, uses_anonymous_args = 0
 283 0150 08B5     		push	{r3, lr}
 284 0152 FFF7FEFF 		bl	_ZNK3str22firstIndexOfIgnoreCaseEPKc
 285 0156 0130     		adds	r0, r0, #1
 286 0158 18BF     		it	ne
 287 015a 0120     		movne	r0, #1
 288 015c 08BD     		pop	{r3, pc}
 290              		.align	1
 291              		.global	_ZNK3str12firstIndexOfEPKc
 292              		.thumb
 293              		.thumb_func
 295              	_ZNK3str12firstIndexOfEPKc:
 296              		@ args = 0, pretend = 0, frame = 0
 297              		@ frame_needed = 0, uses_anonymous_args = 0
 298 015e 10B5     		push	{r4, lr}
 299 0160 8468     		ldr	r4, [r0, #8]
 300 0162 2046     		mov	r0, r4
 301 0164 FFF7FEFF 		bl	strstr
 302 0168 08B1     		cbz	r0, .L36
 303 016a 001B     		subs	r0, r0, r4
 304 016c 10BD     		pop	{r4, pc}
 305              	.L36:
 306 016e 4FF0FF30 		mov	r0, #-1
 307 0172 10BD     		pop	{r4, pc}
 309              		.align	1
 310              		.global	_ZNK3str8containsEPKc
 311              		.thumb
 312              		.thumb_func
 314              	_ZNK3str8containsEPKc:
 315              		@ args = 0, pretend = 0, frame = 0
 316              		@ frame_needed = 0, uses_anonymous_args = 0
 317 0174 08B5     		push	{r3, lr}
 318 0176 FFF7FEFF 		bl	_ZNK3str12firstIndexOfEPKc
 319 017a 0130     		adds	r0, r0, #1
 320 017c 18BF     		it	ne
 321 017e 0120     		movne	r0, #1
 322 0180 08BD     		pop	{r3, pc}
 324              		.align	1
 325              		.global	_ZNK3str11lastIndexOfEPKc
 326              		.thumb
 327              		.thumb_func
 329              	_ZNK3str11lastIndexOfEPKc:
 330              		@ args = 0, pretend = 0, frame = 0
 331              		@ frame_needed = 0, uses_anonymous_args = 0
 332 0182 F8B5     		push	{r3, r4, r5, r6, r7, lr}
 333 0184 0446     		mov	r4, r0
 334 0186 0846     		mov	r0, r1
 335 0188 0D46     		mov	r5, r1
 336 018a FFF7FEFF 		bl	strlen
 337 018e 0746     		mov	r7, r0
 338 0190 90B1     		cbz	r0, .L42
 339 0192 A668     		ldr	r6, [r4, #8]
 340 0194 2946     		mov	r1, r5
 341 0196 3046     		mov	r0, r6
 342 0198 FFF7FEFF 		bl	strstr
 343 019c 0446     		mov	r4, r0
 344 019e 0346     		mov	r3, r0
 345 01a0 05E0     		b	.L40
 346              	.L41:
 347 01a2 E019     		adds	r0, r4, r7
 348 01a4 2946     		mov	r1, r5
 349 01a6 FFF7FEFF 		bl	strstr
 350 01aa 2346     		mov	r3, r4
 351 01ac 0446     		mov	r4, r0
 352              	.L40:
 353 01ae 002C     		cmp	r4, #0
 354 01b0 F7D1     		bne	.L41
 355 01b2 23B1     		cbz	r3, .L43
 356 01b4 981B     		subs	r0, r3, r6
 357 01b6 F8BD     		pop	{r3, r4, r5, r6, r7, pc}
 358              	.L42:
 359 01b8 4FF0FF30 		mov	r0, #-1
 360 01bc F8BD     		pop	{r3, r4, r5, r6, r7, pc}
 361              	.L43:
 362 01be 4FF0FF30 		mov	r0, #-1
 363 01c2 F8BD     		pop	{r3, r4, r5, r6, r7, pc}
 365              		.align	1
 366              		.global	_ZNK3str7countOfEPKc
 367              		.thumb
 368              		.thumb_func
 370              	_ZNK3str7countOfEPKc:
 371              		@ args = 0, pretend = 0, frame = 0
 372              		@ frame_needed = 0, uses_anonymous_args = 0
 373 01c4 70B5     		push	{r4, r5, r6, lr}
 374 01c6 0446     		mov	r4, r0
 375 01c8 0846     		mov	r0, r1
 376 01ca 0E46     		mov	r6, r1
 377 01cc FFF7FEFF 		bl	strlen
 378 01d0 3146     		mov	r1, r6
 379 01d2 0546     		mov	r5, r0
 380 01d4 A068     		ldr	r0, [r4, #8]
 381 01d6 FFF7FEFF 		bl	strstr
 382 01da 0024     		movs	r4, #0
 383 01dc 2DB9     		cbnz	r5, .L46
 384 01de 07E0     		b	.L49
 385              	.L47:
 386 01e0 4019     		adds	r0, r0, r5
 387 01e2 3146     		mov	r1, r6
 388 01e4 0134     		adds	r4, r4, #1
 389 01e6 FFF7FEFF 		bl	strstr
 390              	.L46:
 391 01ea 0028     		cmp	r0, #0
 392 01ec F8D1     		bne	.L47
 393 01ee 00E0     		b	.L45
 394              	.L49:
 395 01f0 2C46     		mov	r4, r5
 396              	.L45:
 397 01f2 2046     		mov	r0, r4
 398 01f4 70BD     		pop	{r4, r5, r6, pc}
 400              		.align	1
 401              		.global	_ZNK3str10beginsWithEPKc
 402              		.thumb
 403              		.thumb_func
 405              	_ZNK3str10beginsWithEPKc:
 406              		@ args = 0, pretend = 0, frame = 0
 407              		@ frame_needed = 0, uses_anonymous_args = 0
 408 01f6 70B5     		push	{r4, r5, r6, lr}
 409 01f8 0546     		mov	r5, r0
 410 01fa 0846     		mov	r0, r1
 411 01fc 0E46     		mov	r6, r1
 412 01fe FFF7FEFF 		bl	strlen
 413 0202 AD68     		ldr	r5, [r5, #8]
 414 0204 0446     		mov	r4, r0
 415 0206 2846     		mov	r0, r5
 416 0208 FFF7FEFF 		bl	strlen
 417 020c A042     		cmp	r0, r4
 418 020e 09DB     		blt	.L52
 419 0210 2846     		mov	r0, r5
 420 0212 3146     		mov	r1, r6
 421 0214 2246     		mov	r2, r4
 422 0216 FFF7FEFF 		bl	strncmp
 423 021a D0F10100 		rsbs	r0, r0, #1
 424 021e 38BF     		it	cc
 425 0220 0020     		movcc	r0, #0
 426 0222 70BD     		pop	{r4, r5, r6, pc}
 427              	.L52:
 428 0224 0020     		movs	r0, #0
 429 0226 70BD     		pop	{r4, r5, r6, pc}
 431              		.align	1
 432              		.global	_ZNK3str20beginsWithIgnoreCaseEPKc
 433              		.thumb
 434              		.thumb_func
 436              	_ZNK3str20beginsWithIgnoreCaseEPKc:
 437              		@ args = 0, pretend = 0, frame = 0
 438              		@ frame_needed = 0, uses_anonymous_args = 0
 439 0228 70B5     		push	{r4, r5, r6, lr}
 440 022a 0546     		mov	r5, r0
 441 022c 0846     		mov	r0, r1
 442 022e 0E46     		mov	r6, r1
 443 0230 FFF7FEFF 		bl	strlen
 444 0234 AD68     		ldr	r5, [r5, #8]
 445 0236 0446     		mov	r4, r0
 446 0238 2846     		mov	r0, r5
 447 023a FFF7FEFF 		bl	strlen
 448 023e A042     		cmp	r0, r4
 449 0240 09DB     		blt	.L55
 450 0242 3046     		mov	r0, r6
 451 0244 2946     		mov	r1, r5
 452 0246 2246     		mov	r2, r4
 453 0248 FFF7FEFF 		bl	strncasecmp
 454 024c D0F10100 		rsbs	r0, r0, #1
 455 0250 38BF     		it	cc
 456 0252 0020     		movcc	r0, #0
 457 0254 70BD     		pop	{r4, r5, r6, pc}
 458              	.L55:
 459 0256 0020     		movs	r0, #0
 460 0258 70BD     		pop	{r4, r5, r6, pc}
 462              		.align	1
 463              		.global	_ZNK3str19beginsWithWholeWordEPKcc
 464              		.thumb
 465              		.thumb_func
 467              	_ZNK3str19beginsWithWholeWordEPKcc:
 468              		@ args = 0, pretend = 0, frame = 0
 469              		@ frame_needed = 0, uses_anonymous_args = 0
 470 025a F8B5     		push	{r3, r4, r5, r6, r7, lr}
 471 025c 0446     		mov	r4, r0
 472 025e 0846     		mov	r0, r1
 473 0260 0E46     		mov	r6, r1
 474 0262 1746     		mov	r7, r2
 475 0264 FFF7FEFF 		bl	strlen
 476 0268 A368     		ldr	r3, [r4, #8]
 477 026a 3146     		mov	r1, r6
 478 026c 1D5C     		ldrb	r5, [r3, r0]	@ zero_extendqisi2
 479 026e 2046     		mov	r0, r4
 480 0270 FFF7FEFF 		bl	_ZNK3str10beginsWithEPKc
 481 0274 40B1     		cbz	r0, .L57
 482 0276 7B1B     		subs	r3, r7, r5
 483 0278 5F42     		rsbs	r7, r3, #0
 484 027a 47EB0307 		adc	r7, r7, r3
 485 027e 002D     		cmp	r5, #0
 486 0280 14BF     		ite	ne
 487 0282 3846     		movne	r0, r7
 488 0284 47F00100 		orreq	r0, r7, #1
 489              	.L57:
 490 0288 F8BD     		pop	{r3, r4, r5, r6, r7, pc}
 492              		.align	1
 493              		.global	_ZNK3str29beginsWithWholeWordIgnoreCaseEPKcc
 494              		.thumb
 495              		.thumb_func
 497              	_ZNK3str29beginsWithWholeWordIgnoreCaseEPKcc:
 498              		@ args = 0, pretend = 0, frame = 0
 499              		@ frame_needed = 0, uses_anonymous_args = 0
 500 028a F8B5     		push	{r3, r4, r5, r6, r7, lr}
 501 028c 0446     		mov	r4, r0
 502 028e 0846     		mov	r0, r1
 503 0290 0E46     		mov	r6, r1
 504 0292 1746     		mov	r7, r2
 505 0294 FFF7FEFF 		bl	strlen
 506 0298 A368     		ldr	r3, [r4, #8]
 507 029a 3146     		mov	r1, r6
 508 029c 1D5C     		ldrb	r5, [r3, r0]	@ zero_extendqisi2
 509 029e 2046     		mov	r0, r4
 510 02a0 FFF7FEFF 		bl	_ZNK3str20beginsWithIgnoreCaseEPKc
 511 02a4 40B1     		cbz	r0, .L60
 512 02a6 7A1B     		subs	r2, r7, r5
 513 02a8 5742     		rsbs	r7, r2, #0
 514 02aa 47EB0207 		adc	r7, r7, r2
 515 02ae 002D     		cmp	r5, #0
 516 02b0 14BF     		ite	ne
 517 02b2 3846     		movne	r0, r7
 518 02b4 47F00100 		orreq	r0, r7, #1
 519              	.L60:
 520 02b8 F8BD     		pop	{r3, r4, r5, r6, r7, pc}
 522              		.align	1
 523              		.global	_ZNK3str8endsWithEPKc
 524              		.thumb
 525              		.thumb_func
 527              	_ZNK3str8endsWithEPKc:
 528              		@ args = 0, pretend = 0, frame = 0
 529              		@ frame_needed = 0, uses_anonymous_args = 0
 530 02ba 70B5     		push	{r4, r5, r6, lr}
 531 02bc 0446     		mov	r4, r0
 532 02be 0846     		mov	r0, r1
 533 02c0 0D46     		mov	r5, r1
 534 02c2 FFF7FEFF 		bl	strlen
 535 02c6 A468     		ldr	r4, [r4, #8]
 536 02c8 0646     		mov	r6, r0
 537 02ca 2046     		mov	r0, r4
 538 02cc FFF7FEFF 		bl	strlen
 539 02d0 B042     		cmp	r0, r6
 540 02d2 09DB     		blt	.L64
 541 02d4 801B     		subs	r0, r0, r6
 542 02d6 2018     		adds	r0, r4, r0
 543 02d8 2946     		mov	r1, r5
 544 02da FFF7FEFF 		bl	strcmp
 545 02de D0F10100 		rsbs	r0, r0, #1
 546 02e2 38BF     		it	cc
 547 02e4 0020     		movcc	r0, #0
 548 02e6 70BD     		pop	{r4, r5, r6, pc}
 549              	.L64:
 550 02e8 0020     		movs	r0, #0
 551 02ea 70BD     		pop	{r4, r5, r6, pc}
 553              		.align	1
 554              		.global	_ZNK3str18endsWithIgnoreCaseEPKc
 555              		.thumb
 556              		.thumb_func
 558              	_ZNK3str18endsWithIgnoreCaseEPKc:
 559              		@ args = 0, pretend = 0, frame = 0
 560              		@ frame_needed = 0, uses_anonymous_args = 0
 561 02ec 70B5     		push	{r4, r5, r6, lr}
 562 02ee 0446     		mov	r4, r0
 563 02f0 0846     		mov	r0, r1
 564 02f2 0D46     		mov	r5, r1
 565 02f4 FFF7FEFF 		bl	strlen
 566 02f8 A468     		ldr	r4, [r4, #8]
 567 02fa 0646     		mov	r6, r0
 568 02fc 2046     		mov	r0, r4
 569 02fe FFF7FEFF 		bl	strlen
 570 0302 8642     		cmp	r6, r0
 571 0304 09DC     		bgt	.L67
 572 0306 861B     		subs	r6, r0, r6
 573 0308 A119     		adds	r1, r4, r6
 574 030a 2846     		mov	r0, r5
 575 030c FFF7FEFF 		bl	strcasecmp
 576 0310 D0F10100 		rsbs	r0, r0, #1
 577 0314 38BF     		it	cc
 578 0316 0020     		movcc	r0, #0
 579 0318 70BD     		pop	{r4, r5, r6, pc}
 580              	.L67:
 581 031a 0020     		movs	r0, #0
 582 031c 70BD     		pop	{r4, r5, r6, pc}
 584              		.align	1
 585              		.global	_ZN3str10eraseFirstEi
 586              		.thumb
 587              		.thumb_func
 589              	_ZN3str10eraseFirstEi:
 590              		@ args = 0, pretend = 0, frame = 0
 591              		@ frame_needed = 0, uses_anonymous_args = 0
 592 031e 38B5     		push	{r3, r4, r5, lr}
 593 0320 8568     		ldr	r5, [r0, #8]
 594 0322 0C46     		mov	r4, r1
 595 0324 2846     		mov	r0, r5
 596 0326 FFF7FEFF 		bl	strlen
 597 032a 002C     		cmp	r4, #0
 598 032c D4BF     		ite	le
 599 032e 0023     		movle	r3, #0
 600 0330 0123     		movgt	r3, #1
 601 0332 8442     		cmp	r4, r0
 602 0334 CCBF     		ite	gt
 603 0336 0023     		movgt	r3, #0
 604 0338 03F00103 		andle	r3, r3, #1
 605 033c 3BB1     		cbz	r3, .L70
 606 033e 2919     		adds	r1, r5, r4
 607 0340 041B     		subs	r4, r0, r4
 608 0342 621C     		adds	r2, r4, #1
 609 0344 2846     		mov	r0, r5
 610 0346 FFF7FEFF 		bl	memmove
 611 034a 0120     		movs	r0, #1
 612 034c 38BD     		pop	{r3, r4, r5, pc}
 613              	.L70:
 614 034e 1846     		mov	r0, r3
 615 0350 38BD     		pop	{r3, r4, r5, pc}
 617              		.align	1
 618              		.global	_ZN3str9eraseLastEi
 619              		.thumb
 620              		.thumb_func
 622              	_ZN3str9eraseLastEi:
 623              		@ args = 0, pretend = 0, frame = 0
 624              		@ frame_needed = 0, uses_anonymous_args = 0
 625 0352 38B5     		push	{r3, r4, r5, lr}
 626 0354 8468     		ldr	r4, [r0, #8]
 627 0356 0D46     		mov	r5, r1
 628 0358 2046     		mov	r0, r4
 629 035a FFF7FEFF 		bl	strlen
 630 035e 8542     		cmp	r5, r0
 631 0360 4FF00003 		mov	r3, #0
 632 0364 03DC     		bgt	.L73
 633 0366 451B     		subs	r5, r0, r5
 634 0368 6355     		strb	r3, [r4, r5]
 635 036a 0120     		movs	r0, #1
 636 036c 38BD     		pop	{r3, r4, r5, pc}
 637              	.L73:
 638 036e 1846     		mov	r0, r3
 639 0370 38BD     		pop	{r3, r4, r5, pc}
 641              		.align	1
 642              		.global	_ZN3str13eraseAllAfterEi
 643              		.thumb
 644              		.thumb_func
 646              	_ZN3str13eraseAllAfterEi:
 647              		@ args = 0, pretend = 0, frame = 0
 648              		@ frame_needed = 0, uses_anonymous_args = 0
 649 0372 0029     		cmp	r1, #0
 650 0374 38B5     		push	{r3, r4, r5, lr}
 651 0376 0C46     		mov	r4, r1
 652 0378 0ADB     		blt	.L76
 653 037a 8568     		ldr	r5, [r0, #8]
 654 037c 2846     		mov	r0, r5
 655 037e FFF7FEFF 		bl	strlen
 656 0382 8442     		cmp	r4, r0
 657 0384 4FF00000 		mov	r0, #0
 658 0388 03DA     		bge	.L75
 659 038a 2855     		strb	r0, [r5, r4]
 660 038c 0120     		movs	r0, #1
 661 038e 38BD     		pop	{r3, r4, r5, pc}
 662              	.L76:
 663 0390 0020     		movs	r0, #0
 664              	.L75:
 665 0392 38BD     		pop	{r3, r4, r5, pc}
 667              		.align	1
 668              		.global	_ZN3str10eraseAfterEii
 669              		.thumb
 670              		.thumb_func
 672              	_ZN3str10eraseAfterEii:
 673              		@ args = 0, pretend = 0, frame = 0
 674              		@ frame_needed = 0, uses_anonymous_args = 0
 675 0394 70B5     		push	{r4, r5, r6, lr}
 676 0396 8568     		ldr	r5, [r0, #8]
 677 0398 0C46     		mov	r4, r1
 678 039a 2846     		mov	r0, r5
 679 039c 1646     		mov	r6, r2
 680 039e FFF7FEFF 		bl	strlen
 681 03a2 E343     		mvns	r3, r4
 682 03a4 DB0F     		lsrs	r3, r3, #31
 683 03a6 8442     		cmp	r4, r0
 684 03a8 ACBF     		ite	ge
 685 03aa 0023     		movge	r3, #0
 686 03ac 03F00103 		andlt	r3, r3, #1
 687 03b0 73B1     		cbz	r3, .L80
 688 03b2 002E     		cmp	r6, #0
 689 03b4 0EDD     		ble	.L81
 690 03b6 021B     		subs	r2, r0, r4
 691 03b8 B242     		cmp	r2, r6
 692 03ba B8BF     		it	lt
 693 03bc 1646     		movlt	r6, r2
 694 03be 2819     		adds	r0, r5, r4
 695 03c0 921B     		subs	r2, r2, r6
 696 03c2 3419     		adds	r4, r6, r4
 697 03c4 2919     		adds	r1, r5, r4
 698 03c6 0132     		adds	r2, r2, #1
 699 03c8 FFF7FEFF 		bl	memmove
 700 03cc 0120     		movs	r0, #1
 701 03ce 70BD     		pop	{r4, r5, r6, pc}
 702              	.L80:
 703 03d0 1846     		mov	r0, r3
 704 03d2 70BD     		pop	{r4, r5, r6, pc}
 705              	.L81:
 706 03d4 0020     		movs	r0, #0
 707 03d6 70BD     		pop	{r4, r5, r6, pc}
 709              		.align	1
 710              		.global	_ZN3str11eraseCharAtEi
 711              		.thumb
 712              		.thumb_func
 714              	_ZN3str11eraseCharAtEi:
 715              		@ args = 0, pretend = 0, frame = 0
 716              		@ frame_needed = 0, uses_anonymous_args = 0
 717              		@ link register save eliminated.
 718 03d8 0122     		movs	r2, #1
 719 03da FEE7     		b	_ZN3str10eraseAfterEii
 721              		.align	1
 722              		.global	_ZN3str5eraseEPKc
 723              		.thumb
 724              		.thumb_func
 726              	_ZN3str5eraseEPKc:
 727              		@ args = 0, pretend = 0, frame = 0
 728              		@ frame_needed = 0, uses_anonymous_args = 0
 729 03dc 70B5     		push	{r4, r5, r6, lr}
 730 03de 0D46     		mov	r5, r1
 731 03e0 0446     		mov	r4, r0
 732 03e2 FFF7FEFF 		bl	_ZNK3str12firstIndexOfEPKc
 733 03e6 411C     		adds	r1, r0, #1
 734 03e8 0646     		mov	r6, r0
 735 03ea 08D0     		beq	.L84
 736 03ec 2846     		mov	r0, r5
 737 03ee FFF7FEFF 		bl	strlen
 738 03f2 3146     		mov	r1, r6
 739 03f4 0246     		mov	r2, r0
 740 03f6 2046     		mov	r0, r4
 741 03f8 BDE87040 		pop	{r4, r5, r6, lr}
 742 03fc FEE7     		b	_ZN3str10eraseAfterEii
 743              	.L84:
 744 03fe 0020     		movs	r0, #0
 745 0400 70BD     		pop	{r4, r5, r6, pc}
 747              		.align	1
 748              		.global	_ZN3str20eraseAllSpecialCharsEv
 749              		.thumb
 750              		.thumb_func
 752              	_ZN3str20eraseAllSpecialCharsEv:
 753              		@ args = 0, pretend = 0, frame = 0
 754              		@ frame_needed = 0, uses_anonymous_args = 0
 755 0402 F8B5     		push	{r3, r4, r5, r6, r7, lr}
 756 0404 0024     		movs	r4, #0
 757 0406 0646     		mov	r6, r0
 758 0408 2546     		mov	r5, r4
 759 040a 0AE0     		b	.L86
 760              	.L88:
 761 040c 385D     		ldrb	r0, [r7, r4]	@ zero_extendqisi2
 762 040e FFF7FEFF 		bl	isalnum
 763 0412 28B9     		cbnz	r0, .L87
 764 0414 2146     		mov	r1, r4
 765 0416 3046     		mov	r0, r6
 766 0418 FFF7FEFF 		bl	_ZN3str11eraseCharAtEi
 767 041c 013C     		subs	r4, r4, #1
 768 041e 0135     		adds	r5, r5, #1
 769              	.L87:
 770 0420 0134     		adds	r4, r4, #1
 771              	.L86:
 772 0422 B768     		ldr	r7, [r6, #8]
 773 0424 3846     		mov	r0, r7
 774 0426 FFF7FEFF 		bl	strlen
 775 042a 8442     		cmp	r4, r0
 776 042c EEDB     		blt	.L88
 777 042e 2846     		mov	r0, r5
 778 0430 F8BD     		pop	{r3, r4, r5, r6, r7, pc}
 780              		.align	1
 781              		.global	_ZN3str9trimStartEPKc
 782              		.thumb
 783              		.thumb_func
 785              	_ZN3str9trimStartEPKc:
 786              		@ args = 0, pretend = 0, frame = 0
 787              		@ frame_needed = 0, uses_anonymous_args = 0
 788 0432 2DE9F041 		push	{r4, r5, r6, r7, r8, lr}
 789 0436 8668     		ldr	r6, [r0, #8]
 790 0438 0446     		mov	r4, r0
 791 043a 3046     		mov	r0, r6
 792 043c 0F46     		mov	r7, r1
 793 043e FFF7FEFF 		bl	strlen
 794 0442 0025     		movs	r5, #0
 795 0444 8046     		mov	r8, r0
 796 0446 0EE0     		b	.L90
 797              	.L95:
 798 0448 3846     		mov	r0, r7
 799 044a FFF7FEFF 		bl	strlen
 800 044e 0023     		movs	r3, #0
 801 0450 06E0     		b	.L91
 802              	.L93:
 803 0452 F95C     		ldrb	r1, [r7, r3]	@ zero_extendqisi2
 804 0454 725D     		ldrb	r2, [r6, r5]	@ zero_extendqisi2
 805 0456 9142     		cmp	r1, r2
 806 0458 01D1     		bne	.L92
 807 045a 0135     		adds	r5, r5, #1
 808 045c 03E0     		b	.L90
 809              	.L92:
 810 045e 0133     		adds	r3, r3, #1
 811              	.L91:
 812 0460 8342     		cmp	r3, r0
 813 0462 F6DB     		blt	.L93
 814 0464 01E0     		b	.L94
 815              	.L90:
 816 0466 4545     		cmp	r5, r8
 817 0468 EEDB     		blt	.L95
 818              	.L94:
 819 046a 25B1     		cbz	r5, .L89
 820 046c 2046     		mov	r0, r4
 821 046e 2946     		mov	r1, r5
 822 0470 BDE8F041 		pop	{r4, r5, r6, r7, r8, lr}
 823 0474 FEE7     		b	_ZN3str10eraseFirstEi
 824              	.L89:
 825 0476 BDE8F081 		pop	{r4, r5, r6, r7, r8, pc}
 827              		.align	1
 828              		.global	_ZN3str7trimEndEPKc
 829              		.thumb
 830              		.thumb_func
 832              	_ZN3str7trimEndEPKc:
 833              		@ args = 0, pretend = 0, frame = 0
 834              		@ frame_needed = 0, uses_anonymous_args = 0
 835 047a F8B5     		push	{r3, r4, r5, r6, r7, lr}
 836 047c 0446     		mov	r4, r0
 837 047e 0846     		mov	r0, r1
 838 0480 0D46     		mov	r5, r1
 839 0482 FFF7FEFF 		bl	strlen
 840 0486 0646     		mov	r6, r0
 841 0488 A068     		ldr	r0, [r4, #8]
 842 048a FFF7FEFF 		bl	strlen
 843 048e 0021     		movs	r1, #0
 844 0490 0138     		subs	r0, r0, #1
 845 0492 0FE0     		b	.L98
 846              	.L100:
 847 0494 A268     		ldr	r2, [r4, #8]
 848 0496 15F803C0 		ldrb	ip, [r5, r3]	@ zero_extendqisi2
 849 049a 1718     		adds	r7, r2, r0
 850 049c 125C     		ldrb	r2, [r2, r0]	@ zero_extendqisi2
 851 049e 9445     		cmp	ip, r2
 852 04a0 02D1     		bne	.L99
 853 04a2 3970     		strb	r1, [r7, #0]
 854 04a4 0138     		subs	r0, r0, #1
 855 04a6 05E0     		b	.L98
 856              	.L99:
 857 04a8 0133     		adds	r3, r3, #1
 858 04aa 00E0     		b	.L102
 859              	.L103:
 860 04ac 0023     		movs	r3, #0
 861              	.L102:
 862 04ae B342     		cmp	r3, r6
 863 04b0 F0DB     		blt	.L100
 864 04b2 F8BD     		pop	{r3, r4, r5, r6, r7, pc}
 865              	.L98:
 866 04b4 0028     		cmp	r0, #0
 867 04b6 F9DA     		bge	.L103
 868 04b8 F8BD     		pop	{r3, r4, r5, r6, r7, pc}
 870              		.align	1
 871              		.global	_ZNK3str10isAllAlphaEv
 872              		.thumb
 873              		.thumb_func
 875              	_ZNK3str10isAllAlphaEv:
 876              		@ args = 0, pretend = 0, frame = 0
 877              		@ frame_needed = 0, uses_anonymous_args = 0
 878 04ba 70B5     		push	{r4, r5, r6, lr}
 879 04bc 8568     		ldr	r5, [r0, #8]
 880 04be 0024     		movs	r4, #0
 881 04c0 2846     		mov	r0, r5
 882 04c2 FFF7FEFF 		bl	strlen
 883 04c6 0646     		mov	r6, r0
 884 04c8 04E0     		b	.L105
 885              	.L107:
 886 04ca 285D     		ldrb	r0, [r5, r4]	@ zero_extendqisi2
 887 04cc FFF7FEFF 		bl	isalpha
 888 04d0 18B1     		cbz	r0, .L106
 889 04d2 0134     		adds	r4, r4, #1
 890              	.L105:
 891 04d4 B442     		cmp	r4, r6
 892 04d6 F8DB     		blt	.L107
 893 04d8 0120     		movs	r0, #1
 894              	.L106:
 895 04da 70BD     		pop	{r4, r5, r6, pc}
 897              		.align	1
 898              		.global	_ZNK3str14isAlphaNumericEv
 899              		.thumb
 900              		.thumb_func
 902              	_ZNK3str14isAlphaNumericEv:
 903              		@ args = 0, pretend = 0, frame = 0
 904              		@ frame_needed = 0, uses_anonymous_args = 0
 905 04dc 70B5     		push	{r4, r5, r6, lr}
 906 04de 8568     		ldr	r5, [r0, #8]
 907 04e0 0024     		movs	r4, #0
 908 04e2 2846     		mov	r0, r5
 909 04e4 FFF7FEFF 		bl	strlen
 910 04e8 0646     		mov	r6, r0
 911 04ea 04E0     		b	.L110
 912              	.L112:
 913 04ec 285D     		ldrb	r0, [r5, r4]	@ zero_extendqisi2
 914 04ee FFF7FEFF 		bl	isalnum
 915 04f2 18B1     		cbz	r0, .L111
 916 04f4 0134     		adds	r4, r4, #1
 917              	.L110:
 918 04f6 B442     		cmp	r4, r6
 919 04f8 F8DB     		blt	.L112
 920 04fa 0120     		movs	r0, #1
 921              	.L111:
 922 04fc 70BD     		pop	{r4, r5, r6, pc}
 924              		.align	1
 925              		.global	_ZNK3str6isUintEv
 926              		.thumb
 927              		.thumb_func
 929              	_ZNK3str6isUintEv:
 930              		@ args = 0, pretend = 0, frame = 0
 931              		@ frame_needed = 0, uses_anonymous_args = 0
 932 04fe 10B5     		push	{r4, lr}
 933 0500 8468     		ldr	r4, [r0, #8]
 934 0502 2046     		mov	r0, r4
 935 0504 FFF7FEFF 		bl	strlen
 936 0508 0023     		movs	r3, #0
 937 050a 04E0     		b	.L115
 938              	.L117:
 939 050c E25C     		ldrb	r2, [r4, r3]	@ zero_extendqisi2
 940 050e 303A     		subs	r2, r2, #48
 941 0510 092A     		cmp	r2, #9
 942 0512 04D8     		bhi	.L118
 943 0514 0133     		adds	r3, r3, #1
 944              	.L115:
 945 0516 8342     		cmp	r3, r0
 946 0518 F8DB     		blt	.L117
 947 051a 0120     		movs	r0, #1
 948 051c 10BD     		pop	{r4, pc}
 949              	.L118:
 950 051e 0020     		movs	r0, #0
 951 0520 10BD     		pop	{r4, pc}
 953              		.align	1
 954              		.global	_ZNK3str5isIntEv
 955              		.thumb
 956              		.thumb_func
 958              	_ZNK3str5isIntEv:
 959              		@ args = 0, pretend = 0, frame = 0
 960              		@ frame_needed = 0, uses_anonymous_args = 0
 961 0522 10B5     		push	{r4, lr}
 962 0524 8468     		ldr	r4, [r0, #8]
 963 0526 2046     		mov	r0, r4
 964 0528 FFF7FEFF 		bl	strlen
 965 052c 2378     		ldrb	r3, [r4, #0]	@ zero_extendqisi2
 966 052e A3F12D0E 		sub	lr, r3, #45
 967 0532 DEF10003 		rsbs	r3, lr, #0
 968 0536 43EB0E03 		adc	r3, r3, lr
 969 053a 04E0     		b	.L120
 970              	.L122:
 971 053c E25C     		ldrb	r2, [r4, r3]	@ zero_extendqisi2
 972 053e 303A     		subs	r2, r2, #48
 973 0540 092A     		cmp	r2, #9
 974 0542 04D8     		bhi	.L123
 975 0544 0133     		adds	r3, r3, #1
 976              	.L120:
 977 0546 8342     		cmp	r3, r0
 978 0548 F8DB     		blt	.L122
 979 054a 0120     		movs	r0, #1
 980 054c 10BD     		pop	{r4, pc}
 981              	.L123:
 982 054e 0020     		movs	r0, #0
 983 0550 10BD     		pop	{r4, pc}
 985              		.align	1
 986              		.global	_ZN3str12checksum_GetEv
 987              		.thumb
 988              		.thumb_func
 990              	_ZN3str12checksum_GetEv:
 991              		@ args = 0, pretend = 0, frame = 0
 992              		@ frame_needed = 0, uses_anonymous_args = 0
 993 0552 10B5     		push	{r4, lr}
 994 0554 8468     		ldr	r4, [r0, #8]
 995 0556 2046     		mov	r0, r4
 996 0558 FFF7FEFF 		bl	strlen
 997 055c 0023     		movs	r3, #0
 998 055e 1A46     		mov	r2, r3
 999 0560 02E0     		b	.L125
 1000              	.L126:
 1001 0562 E15C     		ldrb	r1, [r4, r3]	@ zero_extendqisi2
 1002 0564 0133     		adds	r3, r3, #1
 1003 0566 4A40     		eors	r2, r2, r1
 1004              	.L125:
 1005 0568 8342     		cmp	r3, r0
 1006 056a FADB     		blt	.L126
 1007 056c 1046     		mov	r0, r2
 1008 056e 10BD     		pop	{r4, pc}
 1010              		.align	1
 1011              		.global	_ZN3str15checksum_RemoveEv
 1012              		.thumb
 1013              		.thumb_func
 1015              	_ZN3str15checksum_RemoveEv:
 1016              		@ args = 0, pretend = 0, frame = 0
 1017              		@ frame_needed = 0, uses_anonymous_args = 0
 1018 0570 10B5     		push	{r4, lr}
 1019 0572 0449     		ldr	r1, .L128
 1020 0574 0446     		mov	r4, r0
 1021 0576 FFF7FEFF 		bl	_ZNK3str11lastIndexOfEPKc
 1022 057a 0146     		mov	r1, r0
 1023 057c 2046     		mov	r0, r4
 1024 057e BDE81040 		pop	{r4, lr}
 1025 0582 FEE7     		b	_ZN3str13eraseAllAfterEi
 1026              	.L129:
 1027              		.align	2
 1028              	.L128:
 1029 0584 00000000 		.word	.LC0
 1031              		.align	1
 1032              		.global	_ZN3strmIEPKc
 1033              		.thumb
 1034              		.thumb_func
 1036              	_ZN3strmIEPKc:
 1037              		@ args = 0, pretend = 0, frame = 0
 1038              		@ frame_needed = 0, uses_anonymous_args = 0
 1039              		@ link register save eliminated.
 1040 0588 FEE7     		b	_ZN3str5eraseEPKc
 1042              		.align	1
 1043              		.global	_ZN3strmIERKS_
 1044              		.thumb
 1045              		.thumb_func
 1047              	_ZN3strmIERKS_:
 1048              		@ args = 0, pretend = 0, frame = 0
 1049              		@ frame_needed = 0, uses_anonymous_args = 0
 1050              		@ link register save eliminated.
 1051 058a 8968     		ldr	r1, [r1, #8]
 1052 058c FEE7     		b	_ZN3str5eraseEPKc
 1054              		.align	1
 1055              		.global	_ZNK3streqEPKc
 1056              		.thumb
 1057              		.thumb_func
 1059              	_ZNK3streqEPKc:
 1060              		@ args = 0, pretend = 0, frame = 0
 1061              		@ frame_needed = 0, uses_anonymous_args = 0
 1062              		@ link register save eliminated.
 1063 058e FEE7     		b	_ZNK3str9compareToEPKc
 1065              		.align	1
 1066              		.global	_ZNK3streqERKS_
 1067              		.thumb
 1068              		.thumb_func
 1070              	_ZNK3streqERKS_:
 1071              		@ args = 0, pretend = 0, frame = 0
 1072              		@ frame_needed = 0, uses_anonymous_args = 0
 1073              		@ link register save eliminated.
 1074 0590 8968     		ldr	r1, [r1, #8]
 1075 0592 FEE7     		b	_ZNK3str9compareToEPKc
 1077              		.align	1
 1078              		.global	_ZNK3streqEi
 1079              		.thumb
 1080              		.thumb_func
 1082              	_ZNK3streqEi:
 1083              		@ args = 0, pretend = 0, frame = 0
 1084              		@ frame_needed = 0, uses_anonymous_args = 0
 1085 0594 10B5     		push	{r4, lr}
 1086 0596 8068     		ldr	r0, [r0, #8]
 1087 0598 0C46     		mov	r4, r1
 1088 059a FFF7FEFF 		bl	atoi
 1089 059e C4EB000C 		rsb	ip, r4, r0
 1090 05a2 DCF10000 		rsbs	r0, ip, #0
 1091 05a6 40EB0C00 		adc	r0, r0, ip
 1092 05aa 10BD     		pop	{r4, pc}
 1094              		.align	1
 1095              		.global	_ZNK3strneEPKc
 1096              		.thumb
 1097              		.thumb_func
 1099              	_ZNK3strneEPKc:
 1100              		@ args = 0, pretend = 0, frame = 0
 1101              		@ frame_needed = 0, uses_anonymous_args = 0
 1102 05ac 08B5     		push	{r3, lr}
 1103 05ae FFF7FEFF 		bl	_ZNK3str9compareToEPKc
 1104 05b2 80F00100 		eor	r0, r0, #1
 1105 05b6 C0B2     		uxtb	r0, r0
 1106 05b8 08BD     		pop	{r3, pc}
 1108              		.align	1
 1109              		.global	_ZNK3strneERKS_
 1110              		.thumb
 1111              		.thumb_func
 1113              	_ZNK3strneERKS_:
 1114              		@ args = 0, pretend = 0, frame = 0
 1115              		@ frame_needed = 0, uses_anonymous_args = 0
 1116 05ba 08B5     		push	{r3, lr}
 1117 05bc 8968     		ldr	r1, [r1, #8]
 1118 05be FFF7FEFF 		bl	_ZNK3str9compareToEPKc
 1119 05c2 80F00100 		eor	r0, r0, #1
 1120 05c6 C0B2     		uxtb	r0, r0
 1121 05c8 08BD     		pop	{r3, pc}
 1123              		.align	1
 1124              		.global	_ZNK3strneEi
 1125              		.thumb
 1126              		.thumb_func
 1128              	_ZNK3strneEi:
 1129              		@ args = 0, pretend = 0, frame = 0
 1130              		@ frame_needed = 0, uses_anonymous_args = 0
 1131 05ca 10B5     		push	{r4, lr}
 1132 05cc 8068     		ldr	r0, [r0, #8]
 1133 05ce 0C46     		mov	r4, r1
 1134 05d0 FFF7FEFF 		bl	atoi
 1135 05d4 001B     		subs	r0, r0, r4
 1136 05d6 18BF     		it	ne
 1137 05d8 0120     		movne	r0, #1
 1138 05da 10BD     		pop	{r4, pc}
 1140              		.align	1
 1141              		.global	_ZNK3strltEPKc
 1142              		.thumb
 1143              		.thumb_func
 1145              	_ZNK3strltEPKc:
 1146              		@ args = 0, pretend = 0, frame = 0
 1147              		@ frame_needed = 0, uses_anonymous_args = 0
 1148 05dc 08B5     		push	{r3, lr}
 1149 05de 8068     		ldr	r0, [r0, #8]
 1150 05e0 FFF7FEFF 		bl	strcmp
 1151 05e4 C00F     		lsrs	r0, r0, #31
 1152 05e6 08BD     		pop	{r3, pc}
 1154              		.align	1
 1155              		.global	_ZNK3strltEi
 1156              		.thumb
 1157              		.thumb_func
 1159              	_ZNK3strltEi:
 1160              		@ args = 0, pretend = 0, frame = 0
 1161              		@ frame_needed = 0, uses_anonymous_args = 0
 1162 05e8 10B5     		push	{r4, lr}
 1163 05ea 8068     		ldr	r0, [r0, #8]
 1164 05ec 0C46     		mov	r4, r1
 1165 05ee FFF7FEFF 		bl	atoi
 1166 05f2 A042     		cmp	r0, r4
 1167 05f4 ACBF     		ite	ge
 1168 05f6 0020     		movge	r0, #0
 1169 05f8 0120     		movlt	r0, #1
 1170 05fa 10BD     		pop	{r4, pc}
 1172              		.align	1
 1173              		.global	_ZNK3strgtEPKc
 1174              		.thumb
 1175              		.thumb_func
 1177              	_ZNK3strgtEPKc:
 1178              		@ args = 0, pretend = 0, frame = 0
 1179              		@ frame_needed = 0, uses_anonymous_args = 0
 1180 05fc 08B5     		push	{r3, lr}
 1181 05fe 8068     		ldr	r0, [r0, #8]
 1182 0600 FFF7FEFF 		bl	strcmp
 1183 0604 0028     		cmp	r0, #0
 1184 0606 D4BF     		ite	le
 1185 0608 0020     		movle	r0, #0
 1186 060a 0120     		movgt	r0, #1
 1187 060c 08BD     		pop	{r3, pc}
 1189              		.align	1
 1190              		.global	_ZNK3strgtEi
 1191              		.thumb
 1192              		.thumb_func
 1194              	_ZNK3strgtEi:
 1195              		@ args = 0, pretend = 0, frame = 0
 1196              		@ frame_needed = 0, uses_anonymous_args = 0
 1197 060e 10B5     		push	{r4, lr}
 1198 0610 8068     		ldr	r0, [r0, #8]
 1199 0612 0C46     		mov	r4, r1
 1200 0614 FFF7FEFF 		bl	atoi
 1201 0618 A042     		cmp	r0, r4
 1202 061a D4BF     		ite	le
 1203 061c 0020     		movle	r0, #0
 1204 061e 0120     		movgt	r0, #1
 1205 0620 10BD     		pop	{r4, pc}
 1207              		.align	1
 1208              		.global	_ZNK3strleEPKc
 1209              		.thumb
 1210              		.thumb_func
 1212              	_ZNK3strleEPKc:
 1213              		@ args = 0, pretend = 0, frame = 0
 1214              		@ frame_needed = 0, uses_anonymous_args = 0
 1215 0622 08B5     		push	{r3, lr}
 1216 0624 8068     		ldr	r0, [r0, #8]
 1217 0626 FFF7FEFF 		bl	strcmp
 1218 062a 0028     		cmp	r0, #0
 1219 062c CCBF     		ite	gt
 1220 062e 0020     		movgt	r0, #0
 1221 0630 0120     		movle	r0, #1
 1222 0632 08BD     		pop	{r3, pc}
 1224              		.align	1
 1225              		.global	_ZNK3strleEi
 1226              		.thumb
 1227              		.thumb_func
 1229              	_ZNK3strleEi:
 1230              		@ args = 0, pretend = 0, frame = 0
 1231              		@ frame_needed = 0, uses_anonymous_args = 0
 1232 0634 10B5     		push	{r4, lr}
 1233 0636 8068     		ldr	r0, [r0, #8]
 1234 0638 0C46     		mov	r4, r1
 1235 063a FFF7FEFF 		bl	atoi
 1236 063e A042     		cmp	r0, r4
 1237 0640 CCBF     		ite	gt
 1238 0642 0020     		movgt	r0, #0
 1239 0644 0120     		movle	r0, #1
 1240 0646 10BD     		pop	{r4, pc}
 1242              		.align	1
 1243              		.global	_ZNK3strgeEPKc
 1244              		.thumb
 1245              		.thumb_func
 1247              	_ZNK3strgeEPKc:
 1248              		@ args = 0, pretend = 0, frame = 0
 1249              		@ frame_needed = 0, uses_anonymous_args = 0
 1250 0648 08B5     		push	{r3, lr}
 1251 064a 8068     		ldr	r0, [r0, #8]
 1252 064c FFF7FEFF 		bl	strcmp
 1253 0650 C043     		mvns	r0, r0
 1254 0652 C00F     		lsrs	r0, r0, #31
 1255 0654 08BD     		pop	{r3, pc}
 1257              		.align	1
 1258              		.global	_ZNK3strgeEi
 1259              		.thumb
 1260              		.thumb_func
 1262              	_ZNK3strgeEi:
 1263              		@ args = 0, pretend = 0, frame = 0
 1264              		@ frame_needed = 0, uses_anonymous_args = 0
 1265 0656 10B5     		push	{r4, lr}
 1266 0658 8068     		ldr	r0, [r0, #8]
 1267 065a 0C46     		mov	r4, r1
 1268 065c FFF7FEFF 		bl	atoi
 1269 0660 A042     		cmp	r0, r4
 1270 0662 B4BF     		ite	lt
 1271 0664 0020     		movlt	r0, #0
 1272 0666 0120     		movge	r0, #1
 1273 0668 10BD     		pop	{r4, pc}
 1275              		.align	1
 1276              		.global	_ZNK3strclEv
 1277              		.thumb
 1278              		.thumb_func
 1280              	_ZNK3strclEv:
 1281              		@ args = 0, pretend = 0, frame = 0
 1282              		@ frame_needed = 0, uses_anonymous_args = 0
 1283              		@ link register save eliminated.
 1284 066a 8068     		ldr	r0, [r0, #8]
 1285 066c 7047     		bx	lr
 1287              		.align	1
 1288              		.global	_ZNK3strcviEv
 1289              		.thumb
 1290              		.thumb_func
 1292              	_ZNK3strcviEv:
 1293              		@ args = 0, pretend = 0, frame = 0
 1294              		@ frame_needed = 0, uses_anonymous_args = 0
 1295              		@ link register save eliminated.
 1296 066e 8068     		ldr	r0, [r0, #8]
 1297 0670 FFF7FEBF 		b	atoi
 1299              		.align	1
 1300              		.global	_ZN3strixEi
 1301              		.thumb
 1302              		.thumb_func
 1304              	_ZN3strixEi:
 1305              		@ args = 0, pretend = 0, frame = 0
 1306              		@ frame_needed = 0, uses_anonymous_args = 0
 1307 0674 38B5     		push	{r3, r4, r5, lr}
 1308 0676 8468     		ldr	r4, [r0, #8]
 1309 0678 0D46     		mov	r5, r1
 1310 067a 2046     		mov	r0, r4
 1311 067c FFF7FEFF 		bl	strlen
 1312 0680 8542     		cmp	r5, r0
 1313 0682 B8BF     		it	lt
 1314 0684 6419     		addlt	r4, r4, r5
 1315 0686 2046     		mov	r0, r4
 1316 0688 38BD     		pop	{r3, r4, r5, pc}
 1318              		.align	1
 1319              		.global	_ZN3str13reAllocateMemEi
 1320              		.thumb
 1321              		.thumb_func
 1323              	_ZN3str13reAllocateMemEi:
 1324              		@ args = 0, pretend = 0, frame = 0
 1325              		@ frame_needed = 0, uses_anonymous_args = 0
 1326 068a 0378     		ldrb	r3, [r0, #0]	@ zero_extendqisi2
 1327 068c 70B5     		push	{r4, r5, r6, lr}
 1328 068e 0446     		mov	r4, r0
 1329 0690 D3B9     		cbnz	r3, .L155
 1330 0692 8668     		ldr	r6, [r0, #8]
 1331 0694 0029     		cmp	r1, #0
 1332 0696 14BF     		ite	ne
 1333 0698 0D46     		movne	r5, r1
 1334 069a 0125     		moveq	r5, #1
 1335 069c 4560     		str	r5, [r0, #4]
 1336 069e 691C     		adds	r1, r5, #1
 1337 06a0 4EB9     		cbnz	r6, .L153
 1338 06a2 0846     		mov	r0, r1
 1339 06a4 FFF7FEFF 		bl	malloc
 1340 06a8 A060     		str	r0, [r4, #8]
 1341 06aa 40B1     		cbz	r0, .L154
 1342 06ac 3146     		mov	r1, r6
 1343 06ae 2A46     		mov	r2, r5
 1344 06b0 FFF7FEFF 		bl	memset
 1345 06b4 03E0     		b	.L154
 1346              	.L153:
 1347 06b6 3046     		mov	r0, r6
 1348 06b8 FFF7FEFF 		bl	realloc
 1349 06bc A060     		str	r0, [r4, #8]
 1350              	.L154:
 1351 06be A068     		ldr	r0, [r4, #8]
 1352 06c0 0030     		adds	r0, r0, #0
 1353 06c2 18BF     		it	ne
 1354 06c4 0120     		movne	r0, #1
 1355 06c6 70BD     		pop	{r4, r5, r6, pc}
 1356              	.L155:
 1357 06c8 0020     		movs	r0, #0
 1358 06ca 70BD     		pop	{r4, r5, r6, pc}
 1360              		.align	1
 1361              		.global	_ZN3str26ensureMemoryToInsertNCharsEi
 1362              		.thumb
 1363              		.thumb_func
 1365              	_ZN3str26ensureMemoryToInsertNCharsEi:
 1366              		@ args = 0, pretend = 0, frame = 0
 1367              		@ frame_needed = 0, uses_anonymous_args = 0
 1368 06cc 38B5     		push	{r3, r4, r5, lr}
 1369 06ce 0446     		mov	r4, r0
 1370 06d0 8068     		ldr	r0, [r0, #8]
 1371 06d2 0D46     		mov	r5, r1
 1372 06d4 FFF7FEFF 		bl	strlen
 1373 06d8 6368     		ldr	r3, [r4, #4]
 1374 06da 2918     		adds	r1, r5, r0
 1375 06dc 8B42     		cmp	r3, r1
 1376 06de 04DA     		bge	.L158
 1377 06e0 2031     		adds	r1, r1, #32
 1378 06e2 2046     		mov	r0, r4
 1379 06e4 BDE83840 		pop	{r3, r4, r5, lr}
 1380 06e8 FEE7     		b	_ZN3str13reAllocateMemEi
 1381              	.L158:
 1382 06ea 0120     		movs	r0, #1
 1383 06ec 38BD     		pop	{r3, r4, r5, pc}
 1385              		.align	1
 1386              		.global	_ZN3str8insertAtEiPKc
 1387              		.thumb
 1388              		.thumb_func
 1390              	_ZN3str8insertAtEiPKc:
 1391              		@ args = 0, pretend = 0, frame = 0
 1392              		@ frame_needed = 0, uses_anonymous_args = 0
 1393 06ee 2DE9F041 		push	{r4, r5, r6, r7, r8, lr}
 1394 06f2 0646     		mov	r6, r0
 1395 06f4 1046     		mov	r0, r2
 1396 06f6 0C46     		mov	r4, r1
 1397 06f8 1746     		mov	r7, r2
 1398 06fa FFF7FEFF 		bl	strlen
 1399 06fe 0546     		mov	r5, r0
 1400 0700 2946     		mov	r1, r5
 1401 0702 3046     		mov	r0, r6
 1402 0704 FFF7FEFF 		bl	_ZN3str26ensureMemoryToInsertNCharsEi
 1403 0708 00B3     		cbz	r0, .L160
 1404 070a 002C     		cmp	r4, #0
 1405 070c 1ADB     		blt	.L163
 1406 070e D6F80880 		ldr	r8, [r6, #8]
 1407 0712 4046     		mov	r0, r8
 1408 0714 FFF7FEFF 		bl	strlen
 1409 0718 8442     		cmp	r4, r0
 1410 071a 0246     		mov	r2, r0
 1411 071c 12DC     		bgt	.L163
 1412 071e 002D     		cmp	r5, #0
 1413 0720 13DD     		ble	.L164
 1414 0722 2819     		adds	r0, r5, r4
 1415 0724 121B     		subs	r2, r2, r4
 1416 0726 08EB0401 		add	r1, r8, r4
 1417 072a 0132     		adds	r2, r2, #1
 1418 072c 4044     		add	r0, r8, r0
 1419 072e FFF7FEFF 		bl	memmove
 1420 0732 B068     		ldr	r0, [r6, #8]
 1421 0734 3946     		mov	r1, r7
 1422 0736 0019     		adds	r0, r0, r4
 1423 0738 2A46     		mov	r2, r5
 1424 073a FFF7FEFF 		bl	memcpy
 1425 073e 0120     		movs	r0, #1
 1426 0740 BDE8F081 		pop	{r4, r5, r6, r7, r8, pc}
 1427              	.L163:
 1428 0744 0020     		movs	r0, #0
 1429 0746 BDE8F081 		pop	{r4, r5, r6, r7, r8, pc}
 1430              	.L164:
 1431 074a 0020     		movs	r0, #0
 1432              	.L160:
 1433 074c BDE8F081 		pop	{r4, r5, r6, r7, r8, pc}
 1435              		.align	1
 1436              		.global	_ZN3str10replaceAllEPKcS1_
 1437              		.thumb
 1438              		.thumb_func
 1440              	_ZN3str10replaceAllEPKcS1_:
 1441              		@ args = 0, pretend = 0, frame = 0
 1442              		@ frame_needed = 0, uses_anonymous_args = 0
 1443 0750 2DE9F041 		push	{r4, r5, r6, r7, r8, lr}
 1444 0754 0546     		mov	r5, r0
 1445 0756 0F46     		mov	r7, r1
 1446 0758 9046     		mov	r8, r2
 1447 075a 0024     		movs	r4, #0
 1448 075c 0DE0     		b	.L166
 1449              	.L167:
 1450 075e 3846     		mov	r0, r7
 1451 0760 FFF7FEFF 		bl	strlen
 1452 0764 3146     		mov	r1, r6
 1453 0766 0246     		mov	r2, r0
 1454 0768 2846     		mov	r0, r5
 1455 076a FFF7FEFF 		bl	_ZN3str10eraseAfterEii
 1456 076e 2846     		mov	r0, r5
 1457 0770 3146     		mov	r1, r6
 1458 0772 4246     		mov	r2, r8
 1459 0774 FFF7FEFF 		bl	_ZN3str8insertAtEiPKc
 1460 0778 0134     		adds	r4, r4, #1
 1461              	.L166:
 1462 077a 2846     		mov	r0, r5
 1463 077c 3946     		mov	r1, r7
 1464 077e FFF7FEFF 		bl	_ZNK3str12firstIndexOfEPKc
 1465 0782 431C     		adds	r3, r0, #1
 1466 0784 0646     		mov	r6, r0
 1467 0786 EAD1     		bne	.L167
 1468 0788 2046     		mov	r0, r4
 1469 078a BDE8F081 		pop	{r4, r5, r6, r7, r8, pc}
 1471              		.align	1
 1472              		.global	_ZN3str11replaceLastEPKcS1_
 1473              		.thumb
 1474              		.thumb_func
 1476              	_ZN3str11replaceLastEPKcS1_:
 1477              		@ args = 0, pretend = 0, frame = 0
 1478              		@ frame_needed = 0, uses_anonymous_args = 0
 1479 078e F8B5     		push	{r3, r4, r5, r6, r7, lr}
 1480 0790 1746     		mov	r7, r2
 1481 0792 0546     		mov	r5, r0
 1482 0794 0E46     		mov	r6, r1
 1483 0796 FFF7FEFF 		bl	_ZNK3str11lastIndexOfEPKc
 1484 079a 421C     		adds	r2, r0, #1
 1485 079c 0446     		mov	r4, r0
 1486 079e 0ED0     		beq	.L170
 1487 07a0 3046     		mov	r0, r6
 1488 07a2 FFF7FEFF 		bl	strlen
 1489 07a6 2146     		mov	r1, r4
 1490 07a8 0246     		mov	r2, r0
 1491 07aa 2846     		mov	r0, r5
 1492 07ac FFF7FEFF 		bl	_ZN3str10eraseAfterEii
 1493 07b0 2846     		mov	r0, r5
 1494 07b2 2146     		mov	r1, r4
 1495 07b4 3A46     		mov	r2, r7
 1496 07b6 FFF7FEFF 		bl	_ZN3str8insertAtEiPKc
 1497 07ba 0120     		movs	r0, #1
 1498 07bc F8BD     		pop	{r3, r4, r5, r6, r7, pc}
 1499              	.L170:
 1500 07be 0020     		movs	r0, #0
 1501 07c0 F8BD     		pop	{r3, r4, r5, r6, r7, pc}
 1503              		.align	1
 1504              		.global	_ZN3str12replaceFirstEPKcS1_
 1505              		.thumb
 1506              		.thumb_func
 1508              	_ZN3str12replaceFirstEPKcS1_:
 1509              		@ args = 0, pretend = 0, frame = 0
 1510              		@ frame_needed = 0, uses_anonymous_args = 0
 1511 07c2 F8B5     		push	{r3, r4, r5, r6, r7, lr}
 1512 07c4 0E46     		mov	r6, r1
 1513 07c6 0546     		mov	r5, r0
 1514 07c8 1746     		mov	r7, r2
 1515 07ca FFF7FEFF 		bl	_ZNK3str12firstIndexOfEPKc
 1516 07ce 411C     		adds	r1, r0, #1
 1517 07d0 0446     		mov	r4, r0
 1518 07d2 0ED0     		beq	.L173
 1519 07d4 3046     		mov	r0, r6
 1520 07d6 FFF7FEFF 		bl	strlen
 1521 07da 2146     		mov	r1, r4
 1522 07dc 0246     		mov	r2, r0
 1523 07de 2846     		mov	r0, r5
 1524 07e0 FFF7FEFF 		bl	_ZN3str10eraseAfterEii
 1525 07e4 2846     		mov	r0, r5
 1526 07e6 2146     		mov	r1, r4
 1527 07e8 3A46     		mov	r2, r7
 1528 07ea FFF7FEFF 		bl	_ZN3str8insertAtEiPKc
 1529 07ee 0120     		movs	r0, #1
 1530 07f0 F8BD     		pop	{r3, r4, r5, r6, r7, pc}
 1531              	.L173:
 1532 07f2 0020     		movs	r0, #0
 1533 07f4 F8BD     		pop	{r3, r4, r5, r6, r7, pc}
 1535              		.align	1
 1536              		.global	_ZN3str11insertAtBegEPKc
 1537              		.thumb
 1538              		.thumb_func
 1540              	_ZN3str11insertAtBegEPKc:
 1541              		@ args = 0, pretend = 0, frame = 0
 1542              		@ frame_needed = 0, uses_anonymous_args = 0
 1543              		@ link register save eliminated.
 1544 07f6 0A46     		mov	r2, r1
 1545 07f8 0021     		movs	r1, #0
 1546 07fa FEE7     		b	_ZN3str8insertAtEiPKc
 1548              		.align	1
 1549              		.global	_ZN3str11insertAtEndEPKc
 1550              		.thumb
 1551              		.thumb_func
 1553              	_ZN3str11insertAtEndEPKc:
 1554              		@ args = 0, pretend = 0, frame = 0
 1555              		@ frame_needed = 0, uses_anonymous_args = 0
 1556 07fc 38B5     		push	{r3, r4, r5, lr}
 1557 07fe 0546     		mov	r5, r0
 1558 0800 0846     		mov	r0, r1
 1559 0802 0C46     		mov	r4, r1
 1560 0804 FFF7FEFF 		bl	strlen
 1561 0808 0146     		mov	r1, r0
 1562 080a 2846     		mov	r0, r5
 1563 080c FFF7FEFF 		bl	_ZN3str26ensureMemoryToInsertNCharsEi
 1564 0810 20B1     		cbz	r0, .L176
 1565 0812 A868     		ldr	r0, [r5, #8]
 1566 0814 2146     		mov	r1, r4
 1567 0816 FFF7FEFF 		bl	strcat
 1568 081a 0120     		movs	r0, #1
 1569              	.L176:
 1570 081c 38BD     		pop	{r3, r4, r5, pc}
 1572              		.align	1
 1573              		.global	_ZN3str6appendEPKc
 1574              		.thumb
 1575              		.thumb_func
 1577              	_ZN3str6appendEPKc:
 1578              		@ args = 0, pretend = 0, frame = 0
 1579              		@ frame_needed = 0, uses_anonymous_args = 0
 1580              		@ link register save eliminated.
 1581 081e FEE7     		b	_ZN3str11insertAtEndEPKc
 1583              		.align	1
 1584              		.global	_ZN3strpLEc
 1585              		.thumb
 1586              		.thumb_func
 1588              	_ZN3strpLEc:
 1589              		@ args = 0, pretend = 0, frame = 8
 1590              		@ frame_needed = 0, uses_anonymous_args = 0
 1591 0820 07B5     		push	{r0, r1, r2, lr}
 1592 0822 0023     		movs	r3, #0
 1593 0824 ADF80430 		strh	r3, [sp, #4]	@ movhi
 1594 0828 02AB     		add	r3, sp, #8
 1595 082a 03F8041D 		strb	r1, [r3, #-4]!
 1596 082e 1946     		mov	r1, r3
 1597 0830 FFF7FEFF 		bl	_ZN3str6appendEPKc
 1598 0834 0EBD     		pop	{r1, r2, r3, pc}
 1600              		.align	1
 1601              		.global	_ZN3strpLERKS_
 1602              		.thumb
 1603              		.thumb_func
 1605              	_ZN3strpLERKS_:
 1606              		@ args = 0, pretend = 0, frame = 0
 1607              		@ frame_needed = 0, uses_anonymous_args = 0
 1608              		@ link register save eliminated.
 1609 0836 8968     		ldr	r1, [r1, #8]
 1610 0838 FEE7     		b	_ZN3str6appendEPKc
 1612              		.align	1
 1613              		.global	_ZN3strpLEPKc
 1614              		.thumb
 1615              		.thumb_func
 1617              	_ZN3strpLEPKc:
 1618              		@ args = 0, pretend = 0, frame = 0
 1619              		@ frame_needed = 0, uses_anonymous_args = 0
 1620              		@ link register save eliminated.
 1621 083a FEE7     		b	_ZN3str6appendEPKc
 1623              		.align	1
 1624              		.global	_ZN3str11appendAsHexEj
 1625              		.thumb
 1626              		.thumb_func
 1628              	_ZN3str11appendAsHexEj:
 1629              		@ args = 0, pretend = 0, frame = 16
 1630              		@ frame_needed = 0, uses_anonymous_args = 0
 1631 083c 1FB5     		push	{r0, r1, r2, r3, r4, lr}
 1632 083e 0446     		mov	r4, r0
 1633 0840 0A46     		mov	r2, r1
 1634 0842 6846     		mov	r0, sp
 1635 0844 0349     		ldr	r1, .L183
 1636 0846 FFF7FEFF 		bl	sprintf
 1637 084a 2046     		mov	r0, r4
 1638 084c 6946     		mov	r1, sp
 1639 084e FFF7FEFF 		bl	_ZN3str6appendEPKc
 1640 0852 1FBD     		pop	{r0, r1, r2, r3, r4, pc}
 1641              	.L184:
 1642              		.align	2
 1643              	.L183:
 1644 0854 02000000 		.word	.LC1
 1646              		.align	1
 1647              		.global	_ZN3str15checksum_AppendEv
 1648              		.thumb
 1649              		.thumb_func
 1651              	_ZN3str15checksum_AppendEv:
 1652              		@ args = 0, pretend = 0, frame = 0
 1653              		@ frame_needed = 0, uses_anonymous_args = 0
 1654 0858 38B5     		push	{r3, r4, r5, lr}
 1655 085a 0446     		mov	r4, r0
 1656 085c FFF7FEFF 		bl	_ZN3str12checksum_GetEv
 1657 0860 0449     		ldr	r1, .L186
 1658 0862 0546     		mov	r5, r0
 1659 0864 2046     		mov	r0, r4
 1660 0866 FFF7FEFF 		bl	_ZN3str6appendEPKc
 1661 086a 2046     		mov	r0, r4
 1662 086c 2946     		mov	r1, r5
 1663 086e BDE83840 		pop	{r3, r4, r5, lr}
 1664 0872 FEE7     		b	_ZN3str11appendAsHexEj
 1665              	.L187:
 1666              		.align	2
 1667              	.L186:
 1668 0874 00000000 		.word	.LC0
 1670              		.align	1
 1671              		.global	_ZN3str6appendEi
 1672              		.thumb
 1673              		.thumb_func
 1675              	_ZN3str6appendEi:
 1676              		@ args = 0, pretend = 0, frame = 16
 1677              		@ frame_needed = 0, uses_anonymous_args = 0
 1678 0878 1FB5     		push	{r0, r1, r2, r3, r4, lr}
 1679 087a 0446     		mov	r4, r0
 1680 087c 0A46     		mov	r2, r1
 1681 087e 6846     		mov	r0, sp
 1682 0880 0349     		ldr	r1, .L189
 1683 0882 FFF7FEFF 		bl	sprintf
 1684 0886 2046     		mov	r0, r4
 1685 0888 6946     		mov	r1, sp
 1686 088a FFF7FEFF 		bl	_ZN3str6appendEPKc
 1687 088e 1FBD     		pop	{r0, r1, r2, r3, r4, pc}
 1688              	.L190:
 1689              		.align	2
 1690              	.L189:
 1691 0890 07000000 		.word	.LC2
 1693              		.section	.text._ZN3str4initEi,"axG",%progbits,_ZN3str4initEi,comdat
 1694              		.align	1
 1695              		.weak	_ZN3str4initEi
 1696              		.thumb
 1697              		.thumb_func
 1699              	_ZN3str4initEi:
 1700              		@ args = 0, pretend = 0, frame = 0
 1701              		@ frame_needed = 0, uses_anonymous_args = 0
 1702              		@ link register save eliminated.
 1703 0000 0023     		movs	r3, #0
 1704 0002 0370     		strb	r3, [r0, #0]
 1705 0004 4360     		str	r3, [r0, #4]
 1706 0006 8360     		str	r3, [r0, #8]
 1707 0008 C360     		str	r3, [r0, #12]
 1708 000a 0361     		str	r3, [r0, #16]
 1709 000c FFF7FEBF 		b	_ZN3str13reAllocateMemEi
 1711              		.text
 1712              		.align	1
 1713              		.global	_ZN3strC2Ei
 1714              		.thumb
 1715              		.thumb_func
 1717              	_ZN3strC2Ei:
 1718              		@ args = 0, pretend = 0, frame = 0
 1719              		@ frame_needed = 0, uses_anonymous_args = 0
 1720 0894 10B5     		push	{r4, lr}
 1721 0896 0446     		mov	r4, r0
 1722 0898 FFF7FEFF 		bl	_ZN3str4initEi
 1723 089c 2046     		mov	r0, r4
 1724 089e 10BD     		pop	{r4, pc}
 1726              		.align	1
 1727              		.global	_ZN3strC2Ev
 1728              		.thumb
 1729              		.thumb_func
 1731              	_ZN3strC2Ev:
 1732              		@ args = 0, pretend = 0, frame = 0
 1733              		@ frame_needed = 0, uses_anonymous_args = 0
 1734 08a0 10B5     		push	{r4, lr}
 1735 08a2 1021     		movs	r1, #16
 1736 08a4 0446     		mov	r4, r0
 1737 08a6 FFF7FEFF 		bl	_ZN3str4initEi
 1738 08aa 2046     		mov	r0, r4
 1739 08ac 10BD     		pop	{r4, pc}
 1741              		.align	1
 1742              		.global	_ZN3str7reserveEi
 1743              		.thumb
 1744              		.thumb_func
 1746              	_ZN3str7reserveEi:
 1747              		@ args = 0, pretend = 0, frame = 0
 1748              		@ frame_needed = 0, uses_anonymous_args = 0
 1749              		@ link register save eliminated.
 1750 08ae 4368     		ldr	r3, [r0, #4]
 1751 08b0 8B42     		cmp	r3, r1
 1752 08b2 00DA     		bge	.L197
 1753 08b4 FEE7     		b	_ZN3str13reAllocateMemEi
 1754              	.L197:
 1755 08b6 0120     		movs	r0, #1
 1756 08b8 7047     		bx	lr
 1758              		.align	1
 1759              		.global	_ZN3str9subStringEii
 1760              		.thumb
 1761              		.thumb_func
 1763              	_ZN3str9subStringEii:
 1764              		@ args = 0, pretend = 0, frame = 0
 1765              		@ frame_needed = 0, uses_anonymous_args = 0
 1766 08ba 2DE9F843 		push	{r3, r4, r5, r6, r7, r8, r9, lr}
 1767 08be C368     		ldr	r3, [r0, #12]
 1768 08c0 0546     		mov	r5, r0
 1769 08c2 0E46     		mov	r6, r1
 1770 08c4 9046     		mov	r8, r2
 1771 08c6 3BB9     		cbnz	r3, .L199
 1772 08c8 1420     		movs	r0, #20
 1773 08ca FFF7FEFF 		bl	_Znwj
 1774 08ce 1021     		movs	r1, #16
 1775 08d0 0446     		mov	r4, r0
 1776 08d2 FFF7FEFF 		bl	_ZN3str4initEi
 1777 08d6 EC60     		str	r4, [r5, #12]
 1778              	.L199:
 1779 08d8 EC68     		ldr	r4, [r5, #12]
 1780 08da 0027     		movs	r7, #0
 1781 08dc A368     		ldr	r3, [r4, #8]
 1782 08de 1F70     		strb	r7, [r3, #0]
 1783 08e0 A868     		ldr	r0, [r5, #8]
 1784 08e2 FFF7FEFF 		bl	strlen
 1785 08e6 0146     		mov	r1, r0
 1786 08e8 2046     		mov	r0, r4
 1787 08ea FFF7FEFF 		bl	_ZN3str7reserveEi
 1788 08ee B0B1     		cbz	r0, .L201
 1789 08f0 BE42     		cmp	r6, r7
 1790 08f2 14DB     		blt	.L201
 1791 08f4 D5F80890 		ldr	r9, [r5, #8]
 1792 08f8 4846     		mov	r0, r9
 1793 08fa FFF7FEFF 		bl	strlen
 1794 08fe 8642     		cmp	r6, r0
 1795 0900 0DDA     		bge	.L201
 1796 0902 B845     		cmp	r8, r7
 1797 0904 0BDD     		ble	.L201
 1798 0906 851B     		subs	r5, r0, r6
 1799 0908 4545     		cmp	r5, r8
 1800 090a A8BF     		it	ge
 1801 090c 4546     		movge	r5, r8
 1802 090e A068     		ldr	r0, [r4, #8]
 1803 0910 09EB0601 		add	r1, r9, r6
 1804 0914 2A46     		mov	r2, r5
 1805 0916 FFF7FEFF 		bl	memcpy
 1806 091a A368     		ldr	r3, [r4, #8]
 1807 091c 5F55     		strb	r7, [r3, r5]
 1808              	.L201:
 1809 091e 2046     		mov	r0, r4
 1810 0920 BDE8F883 		pop	{r3, r4, r5, r6, r7, r8, r9, pc}
 1812              		.align	1
 1813              		.global	_ZN3str8getTokenEPKcb
 1814              		.thumb
 1815              		.thumb_func
 1817              	_ZN3str8getTokenEPKcb:
 1818              		@ args = 0, pretend = 0, frame = 0
 1819              		@ frame_needed = 0, uses_anonymous_args = 0
 1820 0924 F8B5     		push	{r3, r4, r5, r6, r7, lr}
 1821 0926 0446     		mov	r4, r0
 1822 0928 0AB9     		cbnz	r2, .L203
 1823 092a 0369     		ldr	r3, [r0, #16]
 1824 092c 0BB9     		cbnz	r3, .L204
 1825              	.L203:
 1826 092e A368     		ldr	r3, [r4, #8]
 1827 0930 2361     		str	r3, [r4, #16]
 1828              	.L204:
 1829 0932 2569     		ldr	r5, [r4, #16]
 1830 0934 2878     		ldrb	r0, [r5, #0]	@ zero_extendqisi2
 1831 0936 C0B1     		cbz	r0, .L205
 1832 0938 2846     		mov	r0, r5
 1833 093a FFF7FEFF 		bl	strpbrk
 1834 093e A668     		ldr	r6, [r4, #8]
 1835 0940 AF1B     		subs	r7, r5, r6
 1836 0942 48B9     		cbnz	r0, .L206
 1837 0944 2846     		mov	r0, r5
 1838 0946 FFF7FEFF 		bl	strlen
 1839 094a 0546     		mov	r5, r0
 1840 094c 3046     		mov	r0, r6
 1841 094e FFF7FEFF 		bl	strlen
 1842 0952 3618     		adds	r6, r6, r0
 1843 0954 2661     		str	r6, [r4, #16]
 1844 0956 02E0     		b	.L207
 1845              	.L206:
 1846 0958 451B     		subs	r5, r0, r5
 1847 095a 0130     		adds	r0, r0, #1
 1848 095c 2061     		str	r0, [r4, #16]
 1849              	.L207:
 1850 095e 2046     		mov	r0, r4
 1851 0960 3946     		mov	r1, r7
 1852 0962 2A46     		mov	r2, r5
 1853 0964 BDE8F840 		pop	{r3, r4, r5, r6, r7, lr}
 1854 0968 FEE7     		b	_ZN3str9subStringEii
 1855              	.L205:
 1856 096a F8BD     		pop	{r3, r4, r5, r6, r7, pc}
 1858              		.align	1
 1859              		.global	_ZN3str9subStringEcc
 1860              		.thumb
 1861              		.thumb_func
 1863              	_ZN3str9subStringEcc:
 1864              		@ args = 0, pretend = 0, frame = 8
 1865              		@ frame_needed = 0, uses_anonymous_args = 0
 1866 096c 37B5     		push	{r0, r1, r2, r4, r5, lr}
 1867 096e 0023     		movs	r3, #0
 1868 0970 ADF80030 		strh	r3, [sp, #0]	@ movhi
 1869 0974 8DF80010 		strb	r1, [sp, #0]
 1870 0978 6946     		mov	r1, sp
 1871 097a 0446     		mov	r4, r0
 1872 097c ADF80430 		strh	r3, [sp, #4]	@ movhi
 1873 0980 8DF80420 		strb	r2, [sp, #4]
 1874 0984 FFF7FEFF 		bl	_ZNK3str12firstIndexOfEPKc
 1875 0988 01A9     		add	r1, sp, #4
 1876 098a 0546     		mov	r5, r0
 1877 098c 2046     		mov	r0, r4
 1878 098e FFF7FEFF 		bl	_ZNK3str11lastIndexOfEPKc
 1879 0992 421B     		subs	r2, r0, r5
 1880 0994 0132     		adds	r2, r2, #1
 1881 0996 2046     		mov	r0, r4
 1882 0998 2946     		mov	r1, r5
 1883 099a FFF7FEFF 		bl	_ZN3str9subStringEii
 1884 099e 3EBD     		pop	{r1, r2, r3, r4, r5, pc}
 1886              		.align	1
 1887              		.global	_ZN3str9subStringEPKci
 1888              		.thumb
 1889              		.thumb_func
 1891              	_ZN3str9subStringEPKci:
 1892              		@ args = 0, pretend = 0, frame = 0
 1893              		@ frame_needed = 0, uses_anonymous_args = 0
 1894 09a0 38B5     		push	{r3, r4, r5, lr}
 1895 09a2 0446     		mov	r4, r0
 1896 09a4 1546     		mov	r5, r2
 1897 09a6 FFF7FEFF 		bl	_ZNK3str12firstIndexOfEPKc
 1898 09aa 2A46     		mov	r2, r5
 1899 09ac 0146     		mov	r1, r0
 1900 09ae 2046     		mov	r0, r4
 1901 09b0 BDE83840 		pop	{r3, r4, r5, lr}
 1902 09b4 FEE7     		b	_ZN3str9subStringEii
 1904              		.align	1
 1905              		.global	_ZN3str9subStringEci
 1906              		.thumb
 1907              		.thumb_func
 1909              	_ZN3str9subStringEci:
 1910              		@ args = 0, pretend = 0, frame = 8
 1911              		@ frame_needed = 0, uses_anonymous_args = 0
 1912 09b6 07B5     		push	{r0, r1, r2, lr}
 1913 09b8 0023     		movs	r3, #0
 1914 09ba ADF80430 		strh	r3, [sp, #4]	@ movhi
 1915 09be 02AB     		add	r3, sp, #8
 1916 09c0 03F8041D 		strb	r1, [r3, #-4]!
 1917 09c4 1946     		mov	r1, r3
 1918 09c6 FFF7FEFF 		bl	_ZN3str9subStringEPKci
 1919 09ca 0EBD     		pop	{r1, r2, r3, pc}
 1921              		.align	1
 1922              		.global	_ZN3str9subStringEi
 1923              		.thumb
 1924              		.thumb_func
 1926              	_ZN3str9subStringEi:
 1927              		@ args = 0, pretend = 0, frame = 0
 1928              		@ frame_needed = 0, uses_anonymous_args = 0
 1929 09cc 38B5     		push	{r3, r4, r5, lr}
 1930 09ce 0446     		mov	r4, r0
 1931 09d0 8068     		ldr	r0, [r0, #8]
 1932 09d2 0D46     		mov	r5, r1
 1933 09d4 FFF7FEFF 		bl	strlen
 1934 09d8 2946     		mov	r1, r5
 1935 09da 0246     		mov	r2, r0
 1936 09dc 2046     		mov	r0, r4
 1937 09de BDE83840 		pop	{r3, r4, r5, lr}
 1938 09e2 FEE7     		b	_ZN3str9subStringEii
 1940              		.align	1
 1941              		.global	_ZN3str9subStringEPKc
 1942              		.thumb
 1943              		.thumb_func
 1945              	_ZN3str9subStringEPKc:
 1946              		@ args = 0, pretend = 0, frame = 0
 1947              		@ frame_needed = 0, uses_anonymous_args = 0
 1948 09e4 10B5     		push	{r4, lr}
 1949 09e6 0446     		mov	r4, r0
 1950 09e8 FFF7FEFF 		bl	_ZNK3str12firstIndexOfEPKc
 1951 09ec 0146     		mov	r1, r0
 1952 09ee 2046     		mov	r0, r4
 1953 09f0 BDE81040 		pop	{r4, lr}
 1954 09f4 FEE7     		b	_ZN3str9subStringEi
 1956              		.align	1
 1957              		.global	_ZN3str9subStringEc
 1958              		.thumb
 1959              		.thumb_func
 1961              	_ZN3str9subStringEc:
 1962              		@ args = 0, pretend = 0, frame = 8
 1963              		@ frame_needed = 0, uses_anonymous_args = 0
 1964 09f6 07B5     		push	{r0, r1, r2, lr}
 1965 09f8 0023     		movs	r3, #0
 1966 09fa ADF80430 		strh	r3, [sp, #4]	@ movhi
 1967 09fe 02AB     		add	r3, sp, #8
 1968 0a00 03F8041D 		strb	r1, [r3, #-4]!
 1969 0a04 1946     		mov	r1, r3
 1970 0a06 FFF7FEFF 		bl	_ZN3str9subStringEPKc
 1971 0a0a 0EBD     		pop	{r1, r2, r3, pc}
 1973              		.align	1
 1974              		.global	_ZN3str6printfEPKcz
 1975              		.thumb
 1976              		.thumb_func
 1978              	_ZN3str6printfEPKcz:
 1979              		@ args = 4, pretend = 12, frame = 8
 1980              		@ frame_needed = 0, uses_anonymous_args = 1
 1981 0a0c 0EB4     		push	{r1, r2, r3}
 1982 0a0e 77B5     		push	{r0, r1, r2, r4, r5, r6, lr}
 1983 0a10 07AB     		add	r3, sp, #28
 1984 0a12 53F8045B 		ldr	r5, [r3], #4
 1985 0a16 4168     		ldr	r1, [r0, #4]
 1986 0a18 0446     		mov	r4, r0
 1987 0a1a 0193     		str	r3, [sp, #4]
 1988 0a1c 0131     		adds	r1, r1, #1
 1989 0a1e 8068     		ldr	r0, [r0, #8]
 1990 0a20 2A46     		mov	r2, r5
 1991 0a22 04E0     		b	.L221
 1992              	.L222:
 1993 0a24 6168     		ldr	r1, [r4, #4]
 1994 0a26 A068     		ldr	r0, [r4, #8]
 1995 0a28 019B     		ldr	r3, [sp, #4]
 1996 0a2a 0131     		adds	r1, r1, #1
 1997 0a2c 2A46     		mov	r2, r5
 1998              	.L221:
 1999 0a2e FFF7FEFF 		bl	vsniprintf
 2000 0a32 0646     		mov	r6, r0
 2001              	.L220:
 2002 0a34 2378     		ldrb	r3, [r4, #0]	@ zero_extendqisi2
 2003 0a36 5BB9     		cbnz	r3, .L216
 2004 0a38 002E     		cmp	r6, #0
 2005 0a3a 6168     		ldr	r1, [r4, #4]
 2006 0a3c 01DD     		ble	.L217
 2007 0a3e 8E42     		cmp	r6, r1
 2008 0a40 06DD     		ble	.L216
 2009              	.L217:
 2010 0a42 4900     		lsls	r1, r1, #1
 2011 0a44 2046     		mov	r0, r4
 2012 0a46 FFF7FEFF 		bl	_ZN3str7reserveEi
 2013 0a4a 0028     		cmp	r0, #0
 2014 0a4c F2D0     		beq	.L220
 2015 0a4e E9E7     		b	.L222
 2016              	.L216:
 2017 0a50 3046     		mov	r0, r6
 2018 0a52 BDE87E40 		pop	{r1, r2, r3, r4, r5, r6, lr}
 2019 0a56 03B0     		add	sp, sp, #12
 2020 0a58 7047     		bx	lr
 2022              		.align	1
 2023              		.global	_ZN3str8copyFromEPKc
 2024              		.thumb
 2025              		.thumb_func
 2027              	_ZN3str8copyFromEPKc:
 2028              		@ args = 0, pretend = 0, frame = 0
 2029              		@ frame_needed = 0, uses_anonymous_args = 0
 2030 0a5a 70B5     		push	{r4, r5, r6, lr}
 2031 0a5c 0446     		mov	r4, r0
 2032 0a5e 0846     		mov	r0, r1
 2033 0a60 0E46     		mov	r6, r1
 2034 0a62 FFF7FEFF 		bl	strlen
 2035 0a66 6368     		ldr	r3, [r4, #4]
 2036 0a68 0146     		mov	r1, r0
 2037 0a6a 9842     		cmp	r0, r3
 2038 0a6c 0DDD     		ble	.L224
 2039 0a6e 2046     		mov	r0, r4
 2040 0a70 FFF7FEFF 		bl	_ZN3str13reAllocateMemEi
 2041 0a74 0546     		mov	r5, r0
 2042 0a76 40B9     		cbnz	r0, .L224
 2043 0a78 6268     		ldr	r2, [r4, #4]
 2044 0a7a A068     		ldr	r0, [r4, #8]
 2045 0a7c 3146     		mov	r1, r6
 2046 0a7e FFF7FEFF 		bl	strncpy
 2047 0a82 A268     		ldr	r2, [r4, #8]
 2048 0a84 6368     		ldr	r3, [r4, #4]
 2049 0a86 D554     		strb	r5, [r2, r3]
 2050 0a88 70BD     		pop	{r4, r5, r6, pc}
 2051              	.L224:
 2052 0a8a A068     		ldr	r0, [r4, #8]
 2053 0a8c 3146     		mov	r1, r6
 2054 0a8e BDE87040 		pop	{r4, r5, r6, lr}
 2055 0a92 FFF7FEBF 		b	strcpy
 2057              		.align	1
 2058              		.global	_ZN3straSEi
 2059              		.thumb
 2060              		.thumb_func
 2062              	_ZN3straSEi:
 2063              		@ args = 0, pretend = 0, frame = 32
 2064              		@ frame_needed = 0, uses_anonymous_args = 0
 2065 0a96 10B5     		push	{r4, lr}
 2066 0a98 88B0     		sub	sp, sp, #32
 2067 0a9a 0446     		mov	r4, r0
 2068 0a9c 0A46     		mov	r2, r1
 2069 0a9e 6846     		mov	r0, sp
 2070 0aa0 0449     		ldr	r1, .L227
 2071 0aa2 FFF7FEFF 		bl	sprintf
 2072 0aa6 2046     		mov	r0, r4
 2073 0aa8 6946     		mov	r1, sp
 2074 0aaa FFF7FEFF 		bl	_ZN3str8copyFromEPKc
 2075 0aae 08B0     		add	sp, sp, #32
 2076 0ab0 10BD     		pop	{r4, pc}
 2077              	.L228:
 2078 0ab2 00BF     		.align	2
 2079              	.L227:
 2080 0ab4 07000000 		.word	.LC2
 2082              		.align	1
 2083              		.global	_ZN3strmIEi
 2084              		.thumb
 2085              		.thumb_func
 2087              	_ZN3strmIEi:
 2088              		@ args = 0, pretend = 0, frame = 0
 2089              		@ frame_needed = 0, uses_anonymous_args = 0
 2090 0ab8 38B5     		push	{r3, r4, r5, lr}
 2091 0aba 0446     		mov	r4, r0
 2092 0abc 0D46     		mov	r5, r1
 2093 0abe FFF7FEFF 		bl	_ZNK3str5isIntEv
 2094 0ac2 38B1     		cbz	r0, .L229
 2095 0ac4 A068     		ldr	r0, [r4, #8]
 2096 0ac6 FFF7FEFF 		bl	atoi
 2097 0aca 411B     		subs	r1, r0, r5
 2098 0acc 2046     		mov	r0, r4
 2099 0ace BDE83840 		pop	{r3, r4, r5, lr}
 2100 0ad2 FEE7     		b	_ZN3straSEi
 2101              	.L229:
 2102 0ad4 38BD     		pop	{r3, r4, r5, pc}
 2104              		.align	1
 2105              		.global	_ZN3strmmEi
 2106              		.thumb
 2107              		.thumb_func
 2109              	_ZN3strmmEi:
 2110              		@ args = 0, pretend = 0, frame = 0
 2111              		@ frame_needed = 0, uses_anonymous_args = 0
 2112              		@ link register save eliminated.
 2113 0ad6 0121     		movs	r1, #1
 2114 0ad8 FEE7     		b	_ZN3strmIEi
 2116              		.align	1
 2117              		.global	_ZN3strmmEv
 2118              		.thumb
 2119              		.thumb_func
 2121              	_ZN3strmmEv:
 2122              		@ args = 0, pretend = 0, frame = 0
 2123              		@ frame_needed = 0, uses_anonymous_args = 0
 2124              		@ link register save eliminated.
 2125 0ada 0121     		movs	r1, #1
 2126 0adc FEE7     		b	_ZN3strmIEi
 2128              		.align	1
 2129              		.global	_ZN3strpLEi
 2130              		.thumb
 2131              		.thumb_func
 2133              	_ZN3strpLEi:
 2134              		@ args = 0, pretend = 0, frame = 0
 2135              		@ frame_needed = 0, uses_anonymous_args = 0
 2136 0ade 38B5     		push	{r3, r4, r5, lr}
 2137 0ae0 0446     		mov	r4, r0
 2138 0ae2 0D46     		mov	r5, r1
 2139 0ae4 FFF7FEFF 		bl	_ZNK3str5isIntEv
 2140 0ae8 38B1     		cbz	r0, .L233
 2141 0aea A068     		ldr	r0, [r4, #8]
 2142 0aec FFF7FEFF 		bl	atoi
 2143 0af0 4119     		adds	r1, r0, r5
 2144 0af2 2046     		mov	r0, r4
 2145 0af4 BDE83840 		pop	{r3, r4, r5, lr}
 2146 0af8 FEE7     		b	_ZN3straSEi
 2147              	.L233:
 2148 0afa 38BD     		pop	{r3, r4, r5, pc}
 2150              		.align	1
 2151              		.global	_ZN3strppEi
 2152              		.thumb
 2153              		.thumb_func
 2155              	_ZN3strppEi:
 2156              		@ args = 0, pretend = 0, frame = 0
 2157              		@ frame_needed = 0, uses_anonymous_args = 0
 2158              		@ link register save eliminated.
 2159 0afc 0121     		movs	r1, #1
 2160 0afe FEE7     		b	_ZN3strpLEi
 2162              		.align	1
 2163              		.global	_ZN3strppEv
 2164              		.thumb
 2165              		.thumb_func
 2167              	_ZN3strppEv:
 2168              		@ args = 0, pretend = 0, frame = 0
 2169              		@ frame_needed = 0, uses_anonymous_args = 0
 2170              		@ link register save eliminated.
 2171 0b00 0121     		movs	r1, #1
 2172 0b02 FEE7     		b	_ZN3strpLEi
 2174              		.align	1
 2175              		.global	_ZN3straSEPKc
 2176              		.thumb
 2177              		.thumb_func
 2179              	_ZN3straSEPKc:
 2180              		@ args = 0, pretend = 0, frame = 0
 2181              		@ frame_needed = 0, uses_anonymous_args = 0
 2182              		@ link register save eliminated.
 2183 0b04 FEE7     		b	_ZN3str8copyFromEPKc
 2185              		.align	1
 2186              		.global	_ZN3straSERKS_
 2187              		.thumb
 2188              		.thumb_func
 2190              	_ZN3straSERKS_:
 2191              		@ args = 0, pretend = 0, frame = 0
 2192              		@ frame_needed = 0, uses_anonymous_args = 0
 2193 0b06 8842     		cmp	r0, r1
 2194 0b08 10B5     		push	{r4, lr}
 2195 0b0a 0446     		mov	r4, r0
 2196 0b0c 02D0     		beq	.L239
 2197 0b0e 8968     		ldr	r1, [r1, #8]
 2198 0b10 FFF7FEFF 		bl	_ZN3str8copyFromEPKc
 2199              	.L239:
 2200 0b14 2046     		mov	r0, r4
 2201 0b16 10BD     		pop	{r4, pc}
 2203              		.align	1
 2204              		.global	_ZN3strC2ERKS_
 2205              		.thumb
 2206              		.thumb_func
 2208              	_ZN3strC2ERKS_:
 2209              		@ args = 0, pretend = 0, frame = 0
 2210              		@ frame_needed = 0, uses_anonymous_args = 0
 2211 0b18 38B5     		push	{r3, r4, r5, lr}
 2212 0b1a 0446     		mov	r4, r0
 2213 0b1c 8868     		ldr	r0, [r1, #8]
 2214 0b1e 0D46     		mov	r5, r1
 2215 0b20 FFF7FEFF 		bl	strlen
 2216 0b24 0146     		mov	r1, r0
 2217 0b26 2046     		mov	r0, r4
 2218 0b28 FFF7FEFF 		bl	_ZN3str4initEi
 2219 0b2c 2046     		mov	r0, r4
 2220 0b2e 2946     		mov	r1, r5
 2221 0b30 FFF7FEFF 		bl	_ZN3straSERKS_
 2222 0b34 2046     		mov	r0, r4
 2223 0b36 38BD     		pop	{r3, r4, r5, pc}
 2225              		.align	1
 2226              		.global	_ZN3strC2EPKc
 2227              		.thumb
 2228              		.thumb_func
 2230              	_ZN3strC2EPKc:
 2231              		@ args = 0, pretend = 0, frame = 0
 2232              		@ frame_needed = 0, uses_anonymous_args = 0
 2233 0b38 38B5     		push	{r3, r4, r5, lr}
 2234 0b3a 0446     		mov	r4, r0
 2235 0b3c 0846     		mov	r0, r1
 2236 0b3e 0D46     		mov	r5, r1
 2237 0b40 FFF7FEFF 		bl	strlen
 2238 0b44 0146     		mov	r1, r0
 2239 0b46 2046     		mov	r0, r4
 2240 0b48 FFF7FEFF 		bl	_ZN3str4initEi
 2241 0b4c 2046     		mov	r0, r4
 2242 0b4e 2946     		mov	r1, r5
 2243 0b50 FFF7FEFF 		bl	_ZN3str8copyFromEPKc
 2244 0b54 2046     		mov	r0, r4
 2245 0b56 38BD     		pop	{r3, r4, r5, pc}
 2247              		.align	1
 2248              		.global	_ZN3str18singleHexCharToIntEh
 2249              		.thumb
 2250              		.thumb_func
 2252              	_ZN3str18singleHexCharToIntEh:
 2253              		@ args = 0, pretend = 0, frame = 0
 2254              		@ frame_needed = 0, uses_anonymous_args = 0
 2255              		@ link register save eliminated.
 2256 0b58 4129     		cmp	r1, #65
 2257 0b5a 0AD3     		bcc	.L245
 2258 0b5c 4629     		cmp	r1, #70
 2259 0b5e 05D9     		bls	.L246
 2260 0b60 A1F16103 		sub	r3, r1, #97
 2261 0b64 052B     		cmp	r3, #5
 2262 0b66 04D8     		bhi	.L245
 2263 0b68 6B39     		subs	r1, r1, #107
 2264 0b6a 00E0     		b	.L249
 2265              	.L246:
 2266 0b6c 4B39     		subs	r1, r1, #75
 2267              	.L249:
 2268 0b6e C8B2     		uxtb	r0, r1
 2269 0b70 7047     		bx	lr
 2270              	.L245:
 2271 0b72 3039     		subs	r1, r1, #48
 2272 0b74 C8B2     		uxtb	r0, r1
 2273 0b76 7047     		bx	lr
 2275              		.align	1
 2276              		.global	_ZN3str17hexStrDigitsToIntEPc
 2277              		.thumb
 2278              		.thumb_func
 2280              	_ZN3str17hexStrDigitsToIntEPc:
 2281              		@ args = 0, pretend = 0, frame = 0
 2282              		@ frame_needed = 0, uses_anonymous_args = 0
 2283 0b78 70B5     		push	{r4, r5, r6, lr}
 2284 0b7a 0D46     		mov	r5, r1
 2285 0b7c 0978     		ldrb	r1, [r1, #0]	@ zero_extendqisi2
 2286 0b7e 0446     		mov	r4, r0
 2287 0b80 FFF7FEFF 		bl	_ZN3str18singleHexCharToIntEh
 2288 0b84 6978     		ldrb	r1, [r5, #1]	@ zero_extendqisi2
 2289 0b86 0646     		mov	r6, r0
 2290 0b88 2046     		mov	r0, r4
 2291 0b8a FFF7FEFF 		bl	_ZN3str18singleHexCharToIntEh
 2292 0b8e 00EB0610 		add	r0, r0, r6, lsl #4
 2293 0b92 70BD     		pop	{r4, r5, r6, pc}
 2295              		.align	1
 2296              		.global	_ZN3str15checksum_VerifyEv
 2297              		.thumb
 2298              		.thumb_func
 2300              	_ZN3str15checksum_VerifyEv:
 2301              		@ args = 0, pretend = 0, frame = 0
 2302              		@ frame_needed = 0, uses_anonymous_args = 0
 2303 0b94 F8B5     		push	{r3, r4, r5, r6, r7, lr}
 2304 0b96 0F49     		ldr	r1, .L254
 2305 0b98 0446     		mov	r4, r0
 2306 0b9a FFF7FEFF 		bl	_ZNK3str11lastIndexOfEPKc
 2307 0b9e 431C     		adds	r3, r0, #1
 2308 0ba0 0546     		mov	r5, r0
 2309 0ba2 4FF00000 		mov	r0, #0
 2310 0ba6 13D0     		beq	.L252
 2311 0ba8 A368     		ldr	r3, [r4, #8]
 2312 0baa 691C     		adds	r1, r5, #1
 2313 0bac 5855     		strb	r0, [r3, r5]
 2314 0bae A668     		ldr	r6, [r4, #8]
 2315 0bb0 2046     		mov	r0, r4
 2316 0bb2 7118     		adds	r1, r6, r1
 2317 0bb4 FFF7FEFF 		bl	_ZN3str17hexStrDigitsToIntEPc
 2318 0bb8 0746     		mov	r7, r0
 2319 0bba 2046     		mov	r0, r4
 2320 0bbc FFF7FEFF 		bl	_ZN3str12checksum_GetEv
 2321 0bc0 C0EB070E 		rsb	lr, r0, r7
 2322 0bc4 DEF10000 		rsbs	r0, lr, #0
 2323 0bc8 40EB0E00 		adc	r0, r0, lr
 2324 0bcc 3A23     		movs	r3, #58
 2325 0bce 7355     		strb	r3, [r6, r5]
 2326              	.L252:
 2327 0bd0 F8BD     		pop	{r3, r4, r5, r6, r7, pc}
 2328              	.L255:
 2329 0bd2 00BF     		.align	2
 2330              	.L254:
 2331 0bd4 00000000 		.word	.LC0
 2333              		.global	_ZN3strC1EPci
 2334              		.thumb_set _ZN3strC1EPci,_ZN3strC2EPci
 2335              		.global	_ZN3strD1Ev
 2336              		.thumb_set _ZN3strD1Ev,_ZN3strD2Ev
 2337              		.global	_ZN3strC1Ei
 2338              		.thumb_set _ZN3strC1Ei,_ZN3strC2Ei
 2339              		.global	_ZN3strC1Ev
 2340              		.thumb_set _ZN3strC1Ev,_ZN3strC2Ev
 2341              		.global	_ZN3strC1ERKS_
 2342              		.thumb_set _ZN3strC1ERKS_,_ZN3strC2ERKS_
 2343              		.global	_ZN3strC1EPKc
 2344              		.thumb_set _ZN3strC1EPKc,_ZN3strC2EPKc
 2345              		.section	.rodata.str1.1,"aMS",%progbits,1
 2346              	.LC0:
 2347 0000 3A00     		.ascii	":\000"
 2348              	.LC1:
 2349 0002 25303258 		.ascii	"%02X\000"
 2349      00
 2350              	.LC2:
 2351 0007 256900   		.ascii	"%i\000"
 2352              		.ident	"GCC: (GNU) 4.6.2"
DEFINED SYMBOLS
                            *ABS*:00000000 str.cpp
C:\Users\Montoya\AppData\Local\Temp\ccrqavaI.s:15     .text:00000000 $t
C:\Users\Montoya\AppData\Local\Temp\ccrqavaI.s:20     .text:00000000 _ZN3str5toIntEPKc
C:\Users\Montoya\AppData\Local\Temp\ccrqavaI.s:31     .text:00000004 _ZN3strC2EPci
C:\Users\Montoya\AppData\Local\Temp\ccrqavaI.s:58     .text:0000002a _ZN3strD2Ev
C:\Users\Montoya\AppData\Local\Temp\ccrqavaI.s:58     .text:0000002a _ZN3strD1Ev
C:\Users\Montoya\AppData\Local\Temp\ccrqavaI.s:84     .text:0000004e _ZNK3str6getLenEv
C:\Users\Montoya\AppData\Local\Temp\ccrqavaI.s:96     .text:00000054 _ZNK3str11getCapacityEv
C:\Users\Montoya\AppData\Local\Temp\ccrqavaI.s:108    .text:00000058 _ZN3str5clearEv
C:\Users\Montoya\AppData\Local\Temp\ccrqavaI.s:122    .text:00000060 _ZN3str7toLowerEv
C:\Users\Montoya\AppData\Local\Temp\ccrqavaI.s:142    .text:00000078 _ZN3str7toUpperEv
C:\Users\Montoya\AppData\Local\Temp\ccrqavaI.s:162    .text:00000090 _ZN3str5scanfEPKcz
C:\Users\Montoya\AppData\Local\Temp\ccrqavaI.s:181    .text:000000aa _ZNK3str9compareToEPKc
C:\Users\Montoya\AppData\Local\Temp\ccrqavaI.s:199    .text:000000c0 _ZNK3str19compareToIgnoreCaseEPKc
C:\Users\Montoya\AppData\Local\Temp\ccrqavaI.s:215    .text:000000d2 _ZNK3str22firstIndexOfIgnoreCaseEPKc
C:\Users\Montoya\AppData\Local\Temp\ccrqavaI.s:280    .text:00000150 _ZNK3str18containsIgnoreCaseEPKc
C:\Users\Montoya\AppData\Local\Temp\ccrqavaI.s:295    .text:0000015e _ZNK3str12firstIndexOfEPKc
C:\Users\Montoya\AppData\Local\Temp\ccrqavaI.s:314    .text:00000174 _ZNK3str8containsEPKc
C:\Users\Montoya\AppData\Local\Temp\ccrqavaI.s:329    .text:00000182 _ZNK3str11lastIndexOfEPKc
C:\Users\Montoya\AppData\Local\Temp\ccrqavaI.s:370    .text:000001c4 _ZNK3str7countOfEPKc
C:\Users\Montoya\AppData\Local\Temp\ccrqavaI.s:405    .text:000001f6 _ZNK3str10beginsWithEPKc
C:\Users\Montoya\AppData\Local\Temp\ccrqavaI.s:436    .text:00000228 _ZNK3str20beginsWithIgnoreCaseEPKc
C:\Users\Montoya\AppData\Local\Temp\ccrqavaI.s:467    .text:0000025a _ZNK3str19beginsWithWholeWordEPKcc
C:\Users\Montoya\AppData\Local\Temp\ccrqavaI.s:497    .text:0000028a _ZNK3str29beginsWithWholeWordIgnoreCaseEPKcc
C:\Users\Montoya\AppData\Local\Temp\ccrqavaI.s:527    .text:000002ba _ZNK3str8endsWithEPKc
C:\Users\Montoya\AppData\Local\Temp\ccrqavaI.s:558    .text:000002ec _ZNK3str18endsWithIgnoreCaseEPKc
C:\Users\Montoya\AppData\Local\Temp\ccrqavaI.s:589    .text:0000031e _ZN3str10eraseFirstEi
C:\Users\Montoya\AppData\Local\Temp\ccrqavaI.s:622    .text:00000352 _ZN3str9eraseLastEi
C:\Users\Montoya\AppData\Local\Temp\ccrqavaI.s:646    .text:00000372 _ZN3str13eraseAllAfterEi
C:\Users\Montoya\AppData\Local\Temp\ccrqavaI.s:672    .text:00000394 _ZN3str10eraseAfterEii
C:\Users\Montoya\AppData\Local\Temp\ccrqavaI.s:714    .text:000003d8 _ZN3str11eraseCharAtEi
C:\Users\Montoya\AppData\Local\Temp\ccrqavaI.s:726    .text:000003dc _ZN3str5eraseEPKc
C:\Users\Montoya\AppData\Local\Temp\ccrqavaI.s:752    .text:00000402 _ZN3str20eraseAllSpecialCharsEv
C:\Users\Montoya\AppData\Local\Temp\ccrqavaI.s:785    .text:00000432 _ZN3str9trimStartEPKc
C:\Users\Montoya\AppData\Local\Temp\ccrqavaI.s:832    .text:0000047a _ZN3str7trimEndEPKc
C:\Users\Montoya\AppData\Local\Temp\ccrqavaI.s:875    .text:000004ba _ZNK3str10isAllAlphaEv
C:\Users\Montoya\AppData\Local\Temp\ccrqavaI.s:902    .text:000004dc _ZNK3str14isAlphaNumericEv
C:\Users\Montoya\AppData\Local\Temp\ccrqavaI.s:929    .text:000004fe _ZNK3str6isUintEv
C:\Users\Montoya\AppData\Local\Temp\ccrqavaI.s:958    .text:00000522 _ZNK3str5isIntEv
C:\Users\Montoya\AppData\Local\Temp\ccrqavaI.s:990    .text:00000552 _ZN3str12checksum_GetEv
C:\Users\Montoya\AppData\Local\Temp\ccrqavaI.s:1015   .text:00000570 _ZN3str15checksum_RemoveEv
C:\Users\Montoya\AppData\Local\Temp\ccrqavaI.s:1029   .text:00000584 $d
C:\Users\Montoya\AppData\Local\Temp\ccrqavaI.s:1031   .text:00000588 $t
C:\Users\Montoya\AppData\Local\Temp\ccrqavaI.s:1036   .text:00000588 _ZN3strmIEPKc
C:\Users\Montoya\AppData\Local\Temp\ccrqavaI.s:1047   .text:0000058a _ZN3strmIERKS_
C:\Users\Montoya\AppData\Local\Temp\ccrqavaI.s:1059   .text:0000058e _ZNK3streqEPKc
C:\Users\Montoya\AppData\Local\Temp\ccrqavaI.s:1070   .text:00000590 _ZNK3streqERKS_
C:\Users\Montoya\AppData\Local\Temp\ccrqavaI.s:1082   .text:00000594 _ZNK3streqEi
C:\Users\Montoya\AppData\Local\Temp\ccrqavaI.s:1099   .text:000005ac _ZNK3strneEPKc
C:\Users\Montoya\AppData\Local\Temp\ccrqavaI.s:1113   .text:000005ba _ZNK3strneERKS_
C:\Users\Montoya\AppData\Local\Temp\ccrqavaI.s:1128   .text:000005ca _ZNK3strneEi
C:\Users\Montoya\AppData\Local\Temp\ccrqavaI.s:1145   .text:000005dc _ZNK3strltEPKc
C:\Users\Montoya\AppData\Local\Temp\ccrqavaI.s:1159   .text:000005e8 _ZNK3strltEi
C:\Users\Montoya\AppData\Local\Temp\ccrqavaI.s:1177   .text:000005fc _ZNK3strgtEPKc
C:\Users\Montoya\AppData\Local\Temp\ccrqavaI.s:1194   .text:0000060e _ZNK3strgtEi
C:\Users\Montoya\AppData\Local\Temp\ccrqavaI.s:1212   .text:00000622 _ZNK3strleEPKc
C:\Users\Montoya\AppData\Local\Temp\ccrqavaI.s:1229   .text:00000634 _ZNK3strleEi
C:\Users\Montoya\AppData\Local\Temp\ccrqavaI.s:1247   .text:00000648 _ZNK3strgeEPKc
C:\Users\Montoya\AppData\Local\Temp\ccrqavaI.s:1262   .text:00000656 _ZNK3strgeEi
C:\Users\Montoya\AppData\Local\Temp\ccrqavaI.s:1280   .text:0000066a _ZNK3strclEv
C:\Users\Montoya\AppData\Local\Temp\ccrqavaI.s:1292   .text:0000066e _ZNK3strcviEv
C:\Users\Montoya\AppData\Local\Temp\ccrqavaI.s:1304   .text:00000674 _ZN3strixEi
C:\Users\Montoya\AppData\Local\Temp\ccrqavaI.s:1323   .text:0000068a _ZN3str13reAllocateMemEi
C:\Users\Montoya\AppData\Local\Temp\ccrqavaI.s:1365   .text:000006cc _ZN3str26ensureMemoryToInsertNCharsEi
C:\Users\Montoya\AppData\Local\Temp\ccrqavaI.s:1390   .text:000006ee _ZN3str8insertAtEiPKc
C:\Users\Montoya\AppData\Local\Temp\ccrqavaI.s:1440   .text:00000750 _ZN3str10replaceAllEPKcS1_
C:\Users\Montoya\AppData\Local\Temp\ccrqavaI.s:1476   .text:0000078e _ZN3str11replaceLastEPKcS1_
C:\Users\Montoya\AppData\Local\Temp\ccrqavaI.s:1508   .text:000007c2 _ZN3str12replaceFirstEPKcS1_
C:\Users\Montoya\AppData\Local\Temp\ccrqavaI.s:1540   .text:000007f6 _ZN3str11insertAtBegEPKc
C:\Users\Montoya\AppData\Local\Temp\ccrqavaI.s:1553   .text:000007fc _ZN3str11insertAtEndEPKc
C:\Users\Montoya\AppData\Local\Temp\ccrqavaI.s:1577   .text:0000081e _ZN3str6appendEPKc
C:\Users\Montoya\AppData\Local\Temp\ccrqavaI.s:1588   .text:00000820 _ZN3strpLEc
C:\Users\Montoya\AppData\Local\Temp\ccrqavaI.s:1605   .text:00000836 _ZN3strpLERKS_
C:\Users\Montoya\AppData\Local\Temp\ccrqavaI.s:1617   .text:0000083a _ZN3strpLEPKc
C:\Users\Montoya\AppData\Local\Temp\ccrqavaI.s:1628   .text:0000083c _ZN3str11appendAsHexEj
C:\Users\Montoya\AppData\Local\Temp\ccrqavaI.s:1644   .text:00000854 $d
C:\Users\Montoya\AppData\Local\Temp\ccrqavaI.s:1646   .text:00000858 $t
C:\Users\Montoya\AppData\Local\Temp\ccrqavaI.s:1651   .text:00000858 _ZN3str15checksum_AppendEv
C:\Users\Montoya\AppData\Local\Temp\ccrqavaI.s:1668   .text:00000874 $d
C:\Users\Montoya\AppData\Local\Temp\ccrqavaI.s:1670   .text:00000878 $t
C:\Users\Montoya\AppData\Local\Temp\ccrqavaI.s:1675   .text:00000878 _ZN3str6appendEi
C:\Users\Montoya\AppData\Local\Temp\ccrqavaI.s:1691   .text:00000890 $d
C:\Users\Montoya\AppData\Local\Temp\ccrqavaI.s:1694   .text._ZN3str4initEi:00000000 $t
C:\Users\Montoya\AppData\Local\Temp\ccrqavaI.s:1699   .text._ZN3str4initEi:00000000 _ZN3str4initEi
C:\Users\Montoya\AppData\Local\Temp\ccrqavaI.s:1712   .text:00000894 $t
C:\Users\Montoya\AppData\Local\Temp\ccrqavaI.s:1717   .text:00000894 _ZN3strC2Ei
C:\Users\Montoya\AppData\Local\Temp\ccrqavaI.s:1731   .text:000008a0 _ZN3strC2Ev
C:\Users\Montoya\AppData\Local\Temp\ccrqavaI.s:1746   .text:000008ae _ZN3str7reserveEi
C:\Users\Montoya\AppData\Local\Temp\ccrqavaI.s:1763   .text:000008ba _ZN3str9subStringEii
C:\Users\Montoya\AppData\Local\Temp\ccrqavaI.s:1817   .text:00000924 _ZN3str8getTokenEPKcb
C:\Users\Montoya\AppData\Local\Temp\ccrqavaI.s:1863   .text:0000096c _ZN3str9subStringEcc
C:\Users\Montoya\AppData\Local\Temp\ccrqavaI.s:1891   .text:000009a0 _ZN3str9subStringEPKci
C:\Users\Montoya\AppData\Local\Temp\ccrqavaI.s:1909   .text:000009b6 _ZN3str9subStringEci
C:\Users\Montoya\AppData\Local\Temp\ccrqavaI.s:1926   .text:000009cc _ZN3str9subStringEi
C:\Users\Montoya\AppData\Local\Temp\ccrqavaI.s:1945   .text:000009e4 _ZN3str9subStringEPKc
C:\Users\Montoya\AppData\Local\Temp\ccrqavaI.s:1961   .text:000009f6 _ZN3str9subStringEc
C:\Users\Montoya\AppData\Local\Temp\ccrqavaI.s:1978   .text:00000a0c _ZN3str6printfEPKcz
C:\Users\Montoya\AppData\Local\Temp\ccrqavaI.s:2027   .text:00000a5a _ZN3str8copyFromEPKc
C:\Users\Montoya\AppData\Local\Temp\ccrqavaI.s:2062   .text:00000a96 _ZN3straSEi
C:\Users\Montoya\AppData\Local\Temp\ccrqavaI.s:2080   .text:00000ab4 $d
C:\Users\Montoya\AppData\Local\Temp\ccrqavaI.s:2082   .text:00000ab8 $t
C:\Users\Montoya\AppData\Local\Temp\ccrqavaI.s:2087   .text:00000ab8 _ZN3strmIEi
C:\Users\Montoya\AppData\Local\Temp\ccrqavaI.s:2109   .text:00000ad6 _ZN3strmmEi
C:\Users\Montoya\AppData\Local\Temp\ccrqavaI.s:2121   .text:00000ada _ZN3strmmEv
C:\Users\Montoya\AppData\Local\Temp\ccrqavaI.s:2133   .text:00000ade _ZN3strpLEi
C:\Users\Montoya\AppData\Local\Temp\ccrqavaI.s:2155   .text:00000afc _ZN3strppEi
C:\Users\Montoya\AppData\Local\Temp\ccrqavaI.s:2167   .text:00000b00 _ZN3strppEv
C:\Users\Montoya\AppData\Local\Temp\ccrqavaI.s:2179   .text:00000b04 _ZN3straSEPKc
C:\Users\Montoya\AppData\Local\Temp\ccrqavaI.s:2190   .text:00000b06 _ZN3straSERKS_
C:\Users\Montoya\AppData\Local\Temp\ccrqavaI.s:2208   .text:00000b18 _ZN3strC2ERKS_
C:\Users\Montoya\AppData\Local\Temp\ccrqavaI.s:2230   .text:00000b38 _ZN3strC2EPKc
C:\Users\Montoya\AppData\Local\Temp\ccrqavaI.s:2252   .text:00000b58 _ZN3str18singleHexCharToIntEh
C:\Users\Montoya\AppData\Local\Temp\ccrqavaI.s:2280   .text:00000b78 _ZN3str17hexStrDigitsToIntEPc
C:\Users\Montoya\AppData\Local\Temp\ccrqavaI.s:2300   .text:00000b94 _ZN3str15checksum_VerifyEv
C:\Users\Montoya\AppData\Local\Temp\ccrqavaI.s:2331   .text:00000bd4 $d
C:\Users\Montoya\AppData\Local\Temp\ccrqavaI.s:31     .text:00000004 _ZN3strC1EPci
C:\Users\Montoya\AppData\Local\Temp\ccrqavaI.s:1717   .text:00000894 _ZN3strC1Ei
C:\Users\Montoya\AppData\Local\Temp\ccrqavaI.s:1731   .text:000008a0 _ZN3strC1Ev
C:\Users\Montoya\AppData\Local\Temp\ccrqavaI.s:2208   .text:00000b18 _ZN3strC1ERKS_
C:\Users\Montoya\AppData\Local\Temp\ccrqavaI.s:2230   .text:00000b38 _ZN3strC1EPKc

UNDEFINED SYMBOLS
atoi
memset
_ZdlPv
strlen
tolower
toupper
vsiscanf
strcmp
strcasecmp
strchr
strstr
strncmp
strncasecmp
memmove
isalnum
isalpha
malloc
realloc
memcpy
strcat
sprintf
_Znwj
strpbrk
vsniprintf
strncpy
strcpy
