   1              		.syntax unified
   2              		.cpu cortex-m3
   3              		.fpu softvfp
   4              		.eabi_attribute 20, 1
   5              		.eabi_attribute 21, 1
   6              		.eabi_attribute 23, 3
   7              		.eabi_attribute 24, 1
   8              		.eabi_attribute 25, 1
   9              		.eabi_attribute 26, 1
  10              		.eabi_attribute 30, 4
  11              		.eabi_attribute 18, 4
  12              		.thumb
  13              		.file	"diskio.c"
  14              		.text
  15              		.align	1
  16              		.global	diskio_initializeSPIMutex
  17              		.thumb
  18              		.thumb_func
  20              	diskio_initializeSPIMutex:
  21              		@ args = 0, pretend = 0, frame = 0
  22              		@ frame_needed = 0, uses_anonymous_args = 0
  23              		@ link register save eliminated.
  24 0000 014B     		ldr	r3, .L2
  25 0002 1860     		str	r0, [r3, #0]
  26 0004 7047     		bx	lr
  27              	.L3:
  28 0006 00BF     		.align	2
  29              	.L2:
  30 0008 00000000 		.word	.LANCHOR0
  32              		.align	1
  33              		.global	disk_initialize
  34              		.thumb
  35              		.thumb_func
  37              	disk_initialize:
  38              		@ args = 0, pretend = 0, frame = 0
  39              		@ frame_needed = 0, uses_anonymous_args = 0
  40 000c F8B5     		push	{r3, r4, r5, r6, r7, lr}
  41 000e 0646     		mov	r6, r0
  42 0010 FFF7FEFF 		bl	xTaskGetSchedulerState
  43 0014 A0F10103 		sub	r3, r0, #1
  44 0018 5D42     		rsbs	r5, r3, #0
  45 001a 45EB0305 		adc	r5, r5, r3
  46 001e 0120     		movs	r0, #1
  47 0020 4DB1     		cbz	r5, .L5
  48 0022 154B     		ldr	r3, .L19
  49 0024 0021     		movs	r1, #0
  50 0026 1B68     		ldr	r3, [r3, #0]
  51 0028 4FF0FF32 		mov	r2, #-1
  52 002c 1868     		ldr	r0, [r3, #0]
  53 002e 0B46     		mov	r3, r1
  54 0030 FFF7FEFF 		bl	xQueueGenericReceive
  55 0034 C0B2     		uxtb	r0, r0
  56              	.L5:
  57 0036 0424     		movs	r4, #4
  58 0038 0F4F     		ldr	r7, .L19
  59 003a 18E0     		b	.L6
  60              	.L11:
  61 003c 1EB1     		cbz	r6, .L8
  62 003e 0424     		movs	r4, #4
  63 0040 012E     		cmp	r6, #1
  64 0042 06D1     		bne	.L7
  65 0044 02E0     		b	.L18
  66              	.L8:
  67 0046 FFF7FEFF 		bl	flash_Initialize
  68 004a 01E0     		b	.L17
  69              	.L18:
  70 004c FFF7FEFF 		bl	sd_initialize
  71              	.L17:
  72 0050 0446     		mov	r4, r0
  73              	.L7:
  74 0052 2846     		mov	r0, r5
  75 0054 55B1     		cbz	r5, .L10
  76 0056 3B68     		ldr	r3, [r7, #0]
  77 0058 0021     		movs	r1, #0
  78 005a 1868     		ldr	r0, [r3, #0]
  79 005c 0A46     		mov	r2, r1
  80 005e 0B46     		mov	r3, r1
  81 0060 FFF7FEFF 		bl	xQueueGenericSend
  82 0064 D0F10100 		rsbs	r0, r0, #1
  83 0068 38BF     		it	cc
  84 006a 0020     		movcc	r0, #0
  85              	.L10:
  86 006c C0B2     		uxtb	r0, r0
  87              	.L6:
  88 006e 0028     		cmp	r0, #0
  89 0070 E4D1     		bne	.L11
  90 0072 2046     		mov	r0, r4
  91 0074 F8BD     		pop	{r3, r4, r5, r6, r7, pc}
  92              	.L20:
  93 0076 00BF     		.align	2
  94              	.L19:
  95 0078 00000000 		.word	.LANCHOR0
  97              		.align	1
  98              		.global	disk_status
  99              		.thumb
 100              		.thumb_func
 102              	disk_status:
 103              		@ args = 0, pretend = 0, frame = 0
 104              		@ frame_needed = 0, uses_anonymous_args = 0
 105 007c F8B5     		push	{r3, r4, r5, r6, r7, lr}
 106 007e 0646     		mov	r6, r0
 107 0080 FFF7FEFF 		bl	xTaskGetSchedulerState
 108 0084 A0F10102 		sub	r2, r0, #1
 109 0088 5542     		rsbs	r5, r2, #0
 110 008a 45EB0205 		adc	r5, r5, r2
 111 008e 0120     		movs	r0, #1
 112 0090 4DB1     		cbz	r5, .L22
 113 0092 134B     		ldr	r3, .L34
 114 0094 0021     		movs	r1, #0
 115 0096 1B68     		ldr	r3, [r3, #0]
 116 0098 4FF0FF32 		mov	r2, #-1
 117 009c 1868     		ldr	r0, [r3, #0]
 118 009e 0B46     		mov	r3, r1
 119 00a0 FFF7FEFF 		bl	xQueueGenericReceive
 120 00a4 C0B2     		uxtb	r0, r0
 121              	.L22:
 122 00a6 0424     		movs	r4, #4
 123 00a8 0D4F     		ldr	r7, .L34
 124 00aa 15E0     		b	.L23
 125              	.L28:
 126 00ac 3446     		mov	r4, r6
 127 00ae 2EB1     		cbz	r6, .L24
 128 00b0 0424     		movs	r4, #4
 129 00b2 012E     		cmp	r6, #1
 130 00b4 02D1     		bne	.L24
 131 00b6 FFF7FEFF 		bl	sd_status
 132 00ba 0446     		mov	r4, r0
 133              	.L24:
 134 00bc 2846     		mov	r0, r5
 135 00be 55B1     		cbz	r5, .L27
 136 00c0 3B68     		ldr	r3, [r7, #0]
 137 00c2 0021     		movs	r1, #0
 138 00c4 1868     		ldr	r0, [r3, #0]
 139 00c6 0A46     		mov	r2, r1
 140 00c8 0B46     		mov	r3, r1
 141 00ca FFF7FEFF 		bl	xQueueGenericSend
 142 00ce D0F10100 		rsbs	r0, r0, #1
 143 00d2 38BF     		it	cc
 144 00d4 0020     		movcc	r0, #0
 145              	.L27:
 146 00d6 C0B2     		uxtb	r0, r0
 147              	.L23:
 148 00d8 0028     		cmp	r0, #0
 149 00da E7D1     		bne	.L28
 150 00dc 2046     		mov	r0, r4
 151 00de F8BD     		pop	{r3, r4, r5, r6, r7, pc}
 152              	.L35:
 153              		.align	2
 154              	.L34:
 155 00e0 00000000 		.word	.LANCHOR0
 157              		.align	1
 158              		.global	disk_read
 159              		.thumb
 160              		.thumb_func
 162              	disk_read:
 163              		@ args = 0, pretend = 0, frame = 0
 164              		@ frame_needed = 0, uses_anonymous_args = 0
 165 00e4 2DE9F047 		push	{r4, r5, r6, r7, r8, r9, sl, lr}
 166 00e8 8846     		mov	r8, r1
 167 00ea 8146     		mov	r9, r0
 168 00ec 1646     		mov	r6, r2
 169 00ee 1F46     		mov	r7, r3
 170 00f0 FFF7FEFF 		bl	xTaskGetSchedulerState
 171 00f4 A0F10101 		sub	r1, r0, #1
 172 00f8 4D42     		rsbs	r5, r1, #0
 173 00fa 45EB0105 		adc	r5, r5, r1
 174 00fe 0120     		movs	r0, #1
 175 0100 4DB1     		cbz	r5, .L37
 176 0102 1B4B     		ldr	r3, .L51
 177 0104 0021     		movs	r1, #0
 178 0106 1B68     		ldr	r3, [r3, #0]
 179 0108 4FF0FF32 		mov	r2, #-1
 180 010c 1868     		ldr	r0, [r3, #0]
 181 010e 0B46     		mov	r3, r1
 182 0110 FFF7FEFF 		bl	xQueueGenericReceive
 183 0114 C0B2     		uxtb	r0, r0
 184              	.L37:
 185 0116 0424     		movs	r4, #4
 186 0118 DFF854A0 		ldr	sl, .L51
 187 011c 22E0     		b	.L38
 188              	.L43:
 189 011e B9F1000F 		cmp	r9, #0
 190 0122 04D0     		beq	.L40
 191 0124 0424     		movs	r4, #4
 192 0126 B9F1010F 		cmp	r9, #1
 193 012a 0CD1     		bne	.L39
 194 012c 05E0     		b	.L50
 195              	.L40:
 196 012e 4046     		mov	r0, r8
 197 0130 3146     		mov	r1, r6
 198 0132 3A46     		mov	r2, r7
 199 0134 FFF7FEFF 		bl	flash_ReadSector
 200 0138 04E0     		b	.L49
 201              	.L50:
 202 013a 4046     		mov	r0, r8
 203 013c 3146     		mov	r1, r6
 204 013e 3A46     		mov	r2, r7
 205 0140 FFF7FEFF 		bl	sd_read
 206              	.L49:
 207 0144 0446     		mov	r4, r0
 208              	.L39:
 209 0146 2846     		mov	r0, r5
 210 0148 5DB1     		cbz	r5, .L42
 211 014a DAF80030 		ldr	r3, [sl, #0]
 212 014e 0021     		movs	r1, #0
 213 0150 1868     		ldr	r0, [r3, #0]
 214 0152 0A46     		mov	r2, r1
 215 0154 0B46     		mov	r3, r1
 216 0156 FFF7FEFF 		bl	xQueueGenericSend
 217 015a D0F10100 		rsbs	r0, r0, #1
 218 015e 38BF     		it	cc
 219 0160 0020     		movcc	r0, #0
 220              	.L42:
 221 0162 C0B2     		uxtb	r0, r0
 222              	.L38:
 223 0164 0028     		cmp	r0, #0
 224 0166 DAD1     		bne	.L43
 225 0168 2046     		mov	r0, r4
 226 016a BDE8F087 		pop	{r4, r5, r6, r7, r8, r9, sl, pc}
 227              	.L52:
 228 016e 00BF     		.align	2
 229              	.L51:
 230 0170 00000000 		.word	.LANCHOR0
 232              		.align	1
 233              		.global	disk_write
 234              		.thumb
 235              		.thumb_func
 237              	disk_write:
 238              		@ args = 0, pretend = 0, frame = 0
 239              		@ frame_needed = 0, uses_anonymous_args = 0
 240 0174 2DE9F047 		push	{r4, r5, r6, r7, r8, r9, sl, lr}
 241 0178 8246     		mov	sl, r0
 242 017a 8946     		mov	r9, r1
 243 017c 9046     		mov	r8, r2
 244 017e 1F46     		mov	r7, r3
 245 0180 FFF7FEFF 		bl	xTaskGetSchedulerState
 246 0184 A0F10100 		sub	r0, r0, #1
 247 0188 4642     		rsbs	r6, r0, #0
 248 018a 46EB0006 		adc	r6, r6, r0
 249 018e 0120     		movs	r0, #1
 250 0190 4EB1     		cbz	r6, .L54
 251 0192 1B4B     		ldr	r3, .L68
 252 0194 0021     		movs	r1, #0
 253 0196 1B68     		ldr	r3, [r3, #0]
 254 0198 4FF0FF32 		mov	r2, #-1
 255 019c 1868     		ldr	r0, [r3, #0]
 256 019e 0B46     		mov	r3, r1
 257 01a0 FFF7FEFF 		bl	xQueueGenericReceive
 258 01a4 C0B2     		uxtb	r0, r0
 259              	.L54:
 260 01a6 0424     		movs	r4, #4
 261 01a8 154D     		ldr	r5, .L68
 262 01aa 24E0     		b	.L55
 263              	.L60:
 264 01ac BAF1000F 		cmp	sl, #0
 265 01b0 04D0     		beq	.L57
 266 01b2 0424     		movs	r4, #4
 267 01b4 BAF1010F 		cmp	sl, #1
 268 01b8 0FD1     		bne	.L56
 269 01ba 08E0     		b	.L67
 270              	.L57:
 271 01bc 6B68     		ldr	r3, [r5, #4]
 272 01be 4846     		mov	r0, r9
 273 01c0 0133     		adds	r3, r3, #1
 274 01c2 4146     		mov	r1, r8
 275 01c4 3A46     		mov	r2, r7
 276 01c6 6B60     		str	r3, [r5, #4]
 277 01c8 FFF7FEFF 		bl	flash_WriteSector
 278 01cc 04E0     		b	.L66
 279              	.L67:
 280 01ce 4846     		mov	r0, r9
 281 01d0 4146     		mov	r1, r8
 282 01d2 3A46     		mov	r2, r7
 283 01d4 FFF7FEFF 		bl	sd_write
 284              	.L66:
 285 01d8 0446     		mov	r4, r0
 286              	.L56:
 287 01da 3046     		mov	r0, r6
 288 01dc 56B1     		cbz	r6, .L59
 289 01de 2B68     		ldr	r3, [r5, #0]
 290 01e0 0021     		movs	r1, #0
 291 01e2 1868     		ldr	r0, [r3, #0]
 292 01e4 0A46     		mov	r2, r1
 293 01e6 0B46     		mov	r3, r1
 294 01e8 FFF7FEFF 		bl	xQueueGenericSend
 295 01ec D0F10100 		rsbs	r0, r0, #1
 296 01f0 38BF     		it	cc
 297 01f2 0020     		movcc	r0, #0
 298              	.L59:
 299 01f4 C0B2     		uxtb	r0, r0
 300              	.L55:
 301 01f6 0028     		cmp	r0, #0
 302 01f8 D8D1     		bne	.L60
 303 01fa 2046     		mov	r0, r4
 304 01fc BDE8F087 		pop	{r4, r5, r6, r7, r8, r9, sl, pc}
 305              	.L69:
 306              		.align	2
 307              	.L68:
 308 0200 00000000 		.word	.LANCHOR0
 310              		.align	1
 311              		.global	disk_ioctl
 312              		.thumb
 313              		.thumb_func
 315              	disk_ioctl:
 316              		@ args = 0, pretend = 0, frame = 0
 317              		@ frame_needed = 0, uses_anonymous_args = 0
 318 0204 2DE9F843 		push	{r3, r4, r5, r6, r7, r8, r9, lr}
 319 0208 8046     		mov	r8, r0
 320 020a 0E46     		mov	r6, r1
 321 020c 1746     		mov	r7, r2
 322 020e FFF7FEFF 		bl	xTaskGetSchedulerState
 323 0212 A0F10104 		sub	r4, r0, #1
 324 0216 6542     		rsbs	r5, r4, #0
 325 0218 45EB0405 		adc	r5, r5, r4
 326 021c 0120     		movs	r0, #1
 327 021e 4DB1     		cbz	r5, .L71
 328 0220 194B     		ldr	r3, .L85
 329 0222 0021     		movs	r1, #0
 330 0224 1B68     		ldr	r3, [r3, #0]
 331 0226 4FF0FF32 		mov	r2, #-1
 332 022a 1868     		ldr	r0, [r3, #0]
 333 022c 0B46     		mov	r3, r1
 334 022e FFF7FEFF 		bl	xQueueGenericReceive
 335 0232 C0B2     		uxtb	r0, r0
 336              	.L71:
 337 0234 0424     		movs	r4, #4
 338 0236 DFF85090 		ldr	r9, .L85
 339 023a 20E0     		b	.L72
 340              	.L77:
 341 023c B8F1000F 		cmp	r8, #0
 342 0240 04D0     		beq	.L74
 343 0242 0424     		movs	r4, #4
 344 0244 B8F1010F 		cmp	r8, #1
 345 0248 0AD1     		bne	.L73
 346 024a 04E0     		b	.L84
 347              	.L74:
 348 024c 3046     		mov	r0, r6
 349 024e 3946     		mov	r1, r7
 350 0250 FFF7FEFF 		bl	flash_ioctl
 351 0254 03E0     		b	.L83
 352              	.L84:
 353 0256 3046     		mov	r0, r6
 354 0258 3946     		mov	r1, r7
 355 025a FFF7FEFF 		bl	sd_ioctl
 356              	.L83:
 357 025e 0446     		mov	r4, r0
 358              	.L73:
 359 0260 2846     		mov	r0, r5
 360 0262 5DB1     		cbz	r5, .L76
 361 0264 D9F80030 		ldr	r3, [r9, #0]
 362 0268 0021     		movs	r1, #0
 363 026a 1868     		ldr	r0, [r3, #0]
 364 026c 0A46     		mov	r2, r1
 365 026e 0B46     		mov	r3, r1
 366 0270 FFF7FEFF 		bl	xQueueGenericSend
 367 0274 D0F10100 		rsbs	r0, r0, #1
 368 0278 38BF     		it	cc
 369 027a 0020     		movcc	r0, #0
 370              	.L76:
 371 027c C0B2     		uxtb	r0, r0
 372              	.L72:
 373 027e 0028     		cmp	r0, #0
 374 0280 DCD1     		bne	.L77
 375 0282 2046     		mov	r0, r4
 376 0284 BDE8F883 		pop	{r3, r4, r5, r6, r7, r8, r9, pc}
 377              	.L86:
 378              		.align	2
 379              	.L85:
 380 0288 00000000 		.word	.LANCHOR0
 382              		.global	mFlashWriteCount
 383              		.bss
 384              		.align	2
 385              		.set	.LANCHOR0,. + 0
 388              	pSpiSemaphore:
 389 0000 00000000 		.space	4
 392              	mFlashWriteCount:
 393 0004 00000000 		.space	4
 394              		.ident	"GCC: (GNU) 4.6.2"
DEFINED SYMBOLS
                            *ABS*:00000000 diskio.c
C:\Users\Montoya\AppData\Local\Temp\ccSdulQq.s:15     .text:00000000 $t
C:\Users\Montoya\AppData\Local\Temp\ccSdulQq.s:20     .text:00000000 diskio_initializeSPIMutex
C:\Users\Montoya\AppData\Local\Temp\ccSdulQq.s:30     .text:00000008 $d
C:\Users\Montoya\AppData\Local\Temp\ccSdulQq.s:32     .text:0000000c $t
C:\Users\Montoya\AppData\Local\Temp\ccSdulQq.s:37     .text:0000000c disk_initialize
C:\Users\Montoya\AppData\Local\Temp\ccSdulQq.s:95     .text:00000078 $d
C:\Users\Montoya\AppData\Local\Temp\ccSdulQq.s:97     .text:0000007c $t
C:\Users\Montoya\AppData\Local\Temp\ccSdulQq.s:102    .text:0000007c disk_status
C:\Users\Montoya\AppData\Local\Temp\ccSdulQq.s:155    .text:000000e0 $d
C:\Users\Montoya\AppData\Local\Temp\ccSdulQq.s:157    .text:000000e4 $t
C:\Users\Montoya\AppData\Local\Temp\ccSdulQq.s:162    .text:000000e4 disk_read
C:\Users\Montoya\AppData\Local\Temp\ccSdulQq.s:230    .text:00000170 $d
C:\Users\Montoya\AppData\Local\Temp\ccSdulQq.s:232    .text:00000174 $t
C:\Users\Montoya\AppData\Local\Temp\ccSdulQq.s:237    .text:00000174 disk_write
C:\Users\Montoya\AppData\Local\Temp\ccSdulQq.s:308    .text:00000200 $d
C:\Users\Montoya\AppData\Local\Temp\ccSdulQq.s:310    .text:00000204 $t
C:\Users\Montoya\AppData\Local\Temp\ccSdulQq.s:315    .text:00000204 disk_ioctl
C:\Users\Montoya\AppData\Local\Temp\ccSdulQq.s:380    .text:00000288 $d
C:\Users\Montoya\AppData\Local\Temp\ccSdulQq.s:392    .bss:00000004 mFlashWriteCount
C:\Users\Montoya\AppData\Local\Temp\ccSdulQq.s:384    .bss:00000000 $d
C:\Users\Montoya\AppData\Local\Temp\ccSdulQq.s:388    .bss:00000000 pSpiSemaphore

UNDEFINED SYMBOLS
xTaskGetSchedulerState
xQueueGenericReceive
flash_Initialize
sd_initialize
xQueueGenericSend
sd_status
flash_ReadSector
sd_read
flash_WriteSector
sd_write
flash_ioctl
sd_ioctl
