   1              		.syntax unified
   2              		.cpu cortex-m3
   3              		.fpu softvfp
   4              		.eabi_attribute 20, 1
   5              		.eabi_attribute 21, 1
   6              		.eabi_attribute 23, 3
   7              		.eabi_attribute 24, 1
   8              		.eabi_attribute 25, 1
   9              		.eabi_attribute 26, 1
  10              		.eabi_attribute 30, 4
  11              		.eabi_attribute 18, 4
  12              		.thumb
  13              		.file	"matrixDisplay.cpp"
  14              		.text
  15              		.align	1
  16              		.global	_Z16initilize_matrixv
  17              		.thumb
  18              		.thumb_func
  20              	_Z16initilize_matrixv:
  21              		@ args = 0, pretend = 0, frame = 0
  22              		@ frame_needed = 0, uses_anonymous_args = 0
  23 0000 08B5     		push	{r3, lr}
  24 0002 FFF7FEFF 		bl	spi1_Init
  25 0006 054B     		ldr	r3, .L2
  26 0008 DA68     		ldr	r2, [r3, #12]
  27 000a 22F0C002 		bic	r2, r2, #192
  28 000e DA60     		str	r2, [r3, #12]
  29 0010 034B     		ldr	r3, .L2+4
  30 0012 9A78     		ldrb	r2, [r3, #2]	@ zero_extendqisi2
  31 0014 42F00802 		orr	r2, r2, #8
  32 0018 9A70     		strb	r2, [r3, #2]
  33 001a 08BD     		pop	{r3, pc}
  34              	.L3:
  35              		.align	2
  36              	.L2:
  37 001c 00C00240 		.word	1073922048
  38 0020 20C00920 		.word	537509920
  40              		.align	1
  41              		.global	_Z6CS_Lowv
  42              		.thumb
  43              		.thumb_func
  45              	_Z6CS_Lowv:
  46              		@ args = 0, pretend = 0, frame = 0
  47              		@ frame_needed = 0, uses_anonymous_args = 0
  48              		@ link register save eliminated.
  49 0024 024B     		ldr	r3, .L5
  50 0026 DA69     		ldr	r2, [r3, #28]
  51 0028 42F00802 		orr	r2, r2, #8
  52 002c DA61     		str	r2, [r3, #28]
  53 002e 7047     		bx	lr
  54              	.L6:
  55              		.align	2
  56              	.L5:
  57 0030 20C00920 		.word	537509920
  59              		.align	1
  60              		.global	_Z7CS_Highv
  61              		.thumb
  62              		.thumb_func
  64              	_Z7CS_Highv:
  65              		@ args = 0, pretend = 0, frame = 0
  66              		@ frame_needed = 0, uses_anonymous_args = 0
  67              		@ link register save eliminated.
  68 0034 024B     		ldr	r3, .L8
  69 0036 9A69     		ldr	r2, [r3, #24]
  70 0038 42F00802 		orr	r2, r2, #8
  71 003c 9A61     		str	r2, [r3, #24]
  72 003e 7047     		bx	lr
  73              	.L9:
  74              		.align	2
  75              	.L8:
  76 0040 20C00920 		.word	537509920
  78              		.align	1
  79              		.global	_Z11writeMatrixhh
  80              		.thumb
  81              		.thumb_func
  83              	_Z11writeMatrixhh:
  84              		@ args = 0, pretend = 0, frame = 0
  85              		@ frame_needed = 0, uses_anonymous_args = 0
  86 0044 40F42070 		orr	r0, r0, #640
  87 0048 01F00F01 		and	r1, r1, #15
  88 004c 10B5     		push	{r4, lr}
  89 004e 41EA0014 		orr	r4, r1, r0, lsl #4
  90 0052 FFF7FEFF 		bl	_Z6CS_Lowv
  91 0056 A300     		lsls	r3, r4, #2
  92 0058 084A     		ldr	r2, .L15
  93 005a DBB2     		uxtb	r3, r3
  94 005c 9360     		str	r3, [r2, #8]
  95              	.L11:
  96 005e D168     		ldr	r1, [r2, #12]
  97 0060 064B     		ldr	r3, .L15
  98 0062 11F01001 		ands	r1, r1, #16
  99 0066 FAD1     		bne	.L11
 100 0068 9868     		ldr	r0, [r3, #8]
 101 006a 9960     		str	r1, [r3, #8]
 102              	.L12:
 103 006c D368     		ldr	r3, [r2, #12]
 104 006e DB06     		lsls	r3, r3, #27
 105 0070 FCD4     		bmi	.L12
 106 0072 024B     		ldr	r3, .L15
 107 0074 9B68     		ldr	r3, [r3, #8]
 108 0076 BDE81040 		pop	{r4, lr}
 109 007a FEE7     		b	_Z7CS_Highv
 110              	.L16:
 111              		.align	2
 112              	.L15:
 113 007c 00000340 		.word	1073938432
 115              		.align	1
 116              		.global	_Z11clearMatrixv
 117              		.thumb
 118              		.thumb_func
 120              	_Z11clearMatrixv:
 121              		@ args = 0, pretend = 0, frame = 0
 122              		@ frame_needed = 0, uses_anonymous_args = 0
 123 0080 10B5     		push	{r4, lr}
 124 0082 0024     		movs	r4, #0
 125              	.L18:
 126 0084 E0B2     		uxtb	r0, r4
 127 0086 0021     		movs	r1, #0
 128 0088 0134     		adds	r4, r4, #1
 129 008a FFF7FEFF 		bl	_Z11writeMatrixhh
 130 008e 602C     		cmp	r4, #96
 131 0090 F8D1     		bne	.L18
 132 0092 10BD     		pop	{r4, pc}
 134              		.align	1
 135              		.global	_Z10paintPixeliii
 136              		.thumb
 137              		.thumb_func
 139              	_Z10paintPixeliii:
 140              		@ args = 0, pretend = 0, frame = 96
 141              		@ frame_needed = 0, uses_anonymous_args = 0
 142 0094 0823     		movs	r3, #8
 143 0096 70B5     		push	{r4, r5, r6, lr}
 144 0098 91FBF3F5 		sdiv	r5, r1, r3
 145 009c 90FBF3F3 		sdiv	r3, r0, r3
 146 00a0 DEB2     		uxtb	r6, r3
 147 00a2 1D4B     		ldr	r3, .L27
 148 00a4 98B0     		sub	sp, sp, #96
 149 00a6 0B40     		ands	r3, r3, r1
 150 00a8 002B     		cmp	r3, #0
 151 00aa EDB2     		uxtb	r5, r5
 152 00ac 03DA     		bge	.L21
 153 00ae 013B     		subs	r3, r3, #1
 154 00b0 63F00703 		orn	r3, r3, #7
 155 00b4 0133     		adds	r3, r3, #1
 156              	.L21:
 157 00b6 D9B2     		uxtb	r1, r3
 158 00b8 174B     		ldr	r3, .L27
 159 00ba 0340     		ands	r3, r3, r0
 160 00bc 002B     		cmp	r3, #0
 161 00be 03DA     		bge	.L22
 162 00c0 013B     		subs	r3, r3, #1
 163 00c2 63F00703 		orn	r3, r3, #7
 164 00c6 0133     		adds	r3, r3, #1
 165              	.L22:
 166 00c8 9B00     		lsls	r3, r3, #2
 167 00ca 0329     		cmp	r1, #3
 168 00cc DCB2     		uxtb	r4, r3
 169 00ce 01D9     		bls	.L23
 170 00d0 0134     		adds	r4, r4, #1
 171 00d2 E4B2     		uxtb	r4, r4
 172              	.L23:
 173 00d4 7300     		lsls	r3, r6, #1
 174 00d6 03EB4510 		add	r0, r3, r5, lsl #5
 175 00da 0019     		adds	r0, r0, r4
 176 00dc 00F0FF00 		and	r0, r0, #255
 177 00e0 72B1     		cbz	r2, .L26
 178 00e2 C943     		mvns	r1, r1
 179 00e4 0123     		movs	r3, #1
 180 00e6 01F00301 		and	r1, r1, #3
 181 00ea 13FA01F1 		lsls	r1, r3, r1
 182 00ee 9A42     		cmp	r2, r3
 183 00f0 C9B2     		uxtb	r1, r1
 184 00f2 06D1     		bne	.L24
 185 00f4 18AA     		add	r2, sp, #96
 186 00f6 1318     		adds	r3, r2, r0
 187 00f8 13F8603C 		ldrb	r3, [r3, #-96]	@ zero_extendqisi2
 188 00fc 1943     		orrs	r1, r1, r3
 189 00fe 06E0     		b	.L25
 190              	.L26:
 191 0100 1146     		mov	r1, r2
 192              	.L24:
 193 0102 18AA     		add	r2, sp, #96
 194 0104 1318     		adds	r3, r2, r0
 195 0106 13F8603C 		ldrb	r3, [r3, #-96]	@ zero_extendqisi2
 196 010a 23EA0101 		bic	r1, r3, r1
 197              	.L25:
 198 010e 18B0     		add	sp, sp, #96
 199 0110 BDE87040 		pop	{r4, r5, r6, lr}
 200 0114 FEE7     		b	_Z11writeMatrixhh
 201              	.L28:
 202 0116 00BF     		.align	2
 203              	.L27:
 204 0118 07000080 		.word	-2147483641
 206              		.align	1
 207              		.global	_Z14ht1632_sendcmdh
 208              		.thumb
 209              		.thumb_func
 211              	_Z14ht1632_sendcmdh:
 212              		@ args = 0, pretend = 0, frame = 0
 213              		@ frame_needed = 0, uses_anonymous_args = 0
 214 011c 08B5     		push	{r3, lr}
 215 011e FFF7FEFF 		bl	_Z6CS_Lowv
 216 0122 BDE80840 		pop	{r3, lr}
 217 0126 FEE7     		b	_Z7CS_Highv
 219              		.align	1
 220              		.global	_Z12ht1632_setupv
 221              		.thumb
 222              		.thumb_func
 224              	_Z12ht1632_setupv:
 225              		@ args = 0, pretend = 0, frame = 0
 226              		@ frame_needed = 0, uses_anonymous_args = 0
 227 0128 08B5     		push	{r3, lr}
 228 012a FFF7FEFF 		bl	_Z6CS_Lowv
 229 012e FFF7FEFF 		bl	_Z7CS_Highv
 230 0132 FFF7FEFF 		bl	_Z6CS_Lowv
 231 0136 FFF7FEFF 		bl	_Z7CS_Highv
 232 013a FFF7FEFF 		bl	_Z6CS_Lowv
 233 013e FFF7FEFF 		bl	_Z7CS_Highv
 234 0142 FFF7FEFF 		bl	_Z6CS_Lowv
 235 0146 FFF7FEFF 		bl	_Z7CS_Highv
 236 014a FFF7FEFF 		bl	_Z6CS_Lowv
 237 014e FFF7FEFF 		bl	_Z7CS_Highv
 238 0152 FFF7FEFF 		bl	_Z6CS_Lowv
 239 0156 FFF7FEFF 		bl	_Z7CS_Highv
 240 015a FFF7FEFF 		bl	_Z6CS_Lowv
 241 015e FFF7FEFF 		bl	_Z7CS_Highv
 242 0162 0120     		movs	r0, #1
 243 0164 08BD     		pop	{r3, pc}
 245 0166 00BF     		.ident	"GCC: (GNU) 4.6.2"
DEFINED SYMBOLS
                            *ABS*:00000000 matrixDisplay.cpp
C:\Users\Montoya\AppData\Local\Temp\ccWlMF2y.s:15     .text:00000000 $t
C:\Users\Montoya\AppData\Local\Temp\ccWlMF2y.s:20     .text:00000000 _Z16initilize_matrixv
C:\Users\Montoya\AppData\Local\Temp\ccWlMF2y.s:37     .text:0000001c $d
C:\Users\Montoya\AppData\Local\Temp\ccWlMF2y.s:40     .text:00000024 $t
C:\Users\Montoya\AppData\Local\Temp\ccWlMF2y.s:45     .text:00000024 _Z6CS_Lowv
C:\Users\Montoya\AppData\Local\Temp\ccWlMF2y.s:57     .text:00000030 $d
C:\Users\Montoya\AppData\Local\Temp\ccWlMF2y.s:59     .text:00000034 $t
C:\Users\Montoya\AppData\Local\Temp\ccWlMF2y.s:64     .text:00000034 _Z7CS_Highv
C:\Users\Montoya\AppData\Local\Temp\ccWlMF2y.s:76     .text:00000040 $d
C:\Users\Montoya\AppData\Local\Temp\ccWlMF2y.s:78     .text:00000044 $t
C:\Users\Montoya\AppData\Local\Temp\ccWlMF2y.s:83     .text:00000044 _Z11writeMatrixhh
C:\Users\Montoya\AppData\Local\Temp\ccWlMF2y.s:113    .text:0000007c $d
C:\Users\Montoya\AppData\Local\Temp\ccWlMF2y.s:115    .text:00000080 $t
C:\Users\Montoya\AppData\Local\Temp\ccWlMF2y.s:120    .text:00000080 _Z11clearMatrixv
C:\Users\Montoya\AppData\Local\Temp\ccWlMF2y.s:139    .text:00000094 _Z10paintPixeliii
C:\Users\Montoya\AppData\Local\Temp\ccWlMF2y.s:204    .text:00000118 $d
C:\Users\Montoya\AppData\Local\Temp\ccWlMF2y.s:206    .text:0000011c $t
C:\Users\Montoya\AppData\Local\Temp\ccWlMF2y.s:211    .text:0000011c _Z14ht1632_sendcmdh
C:\Users\Montoya\AppData\Local\Temp\ccWlMF2y.s:224    .text:00000128 _Z12ht1632_setupv

UNDEFINED SYMBOLS
spi1_Init
