   1              		.syntax unified
   2              		.cpu cortex-m3
   3              		.fpu softvfp
   4              		.eabi_attribute 20, 1
   5              		.eabi_attribute 21, 1
   6              		.eabi_attribute 23, 3
   7              		.eabi_attribute 24, 1
   8              		.eabi_attribute 25, 1
   9              		.eabi_attribute 26, 1
  10              		.eabi_attribute 30, 4
  11              		.eabi_attribute 18, 4
  12              		.thumb
  13              		.file	"core_cm3.c"
  14              		.text
  15              		.align	1
  16              		.global	__get_PSP
  17              		.thumb
  18              		.thumb_func
  20              	__get_PSP:
  21              		@ Naked Function: prologue and epilogue provided by programmer.
  22              		@ args = 0, pretend = 0, frame = 0
  23              		@ frame_needed = 0, uses_anonymous_args = 0
  24              	@ 447 "../L0_LowLevel/source/core_cm3.c" 1
  25 0000 EFF30980 		MRS r0, psp
  26 0004 0046     		MOV r0, r0 
  27 0006 7047     		BX  lr     
  28              		
  29              	@ 0 "" 2
  30              		.thumb
  32              		.align	1
  33              		.global	__set_PSP
  34              		.thumb
  35              		.thumb_func
  37              	__set_PSP:
  38              		@ Naked Function: prologue and epilogue provided by programmer.
  39              		@ args = 0, pretend = 0, frame = 0
  40              		@ frame_needed = 0, uses_anonymous_args = 0
  41              	@ 464 "../L0_LowLevel/source/core_cm3.c" 1
  42 0008 80F30988 		MSR psp, r0
  43 000c 7047     		BX  lr     
  44              		
  45              	@ 0 "" 2
  46              		.thumb
  48              		.align	1
  49              		.global	__get_MSP
  50              		.thumb
  51              		.thumb_func
  53              	__get_MSP:
  54              		@ Naked Function: prologue and epilogue provided by programmer.
  55              		@ args = 0, pretend = 0, frame = 0
  56              		@ frame_needed = 0, uses_anonymous_args = 0
  57              	@ 481 "../L0_LowLevel/source/core_cm3.c" 1
  58 000e EFF30880 		MRS r0, msp
  59 0012 0046     		MOV r0, r0 
  60 0014 7047     		BX  lr     
  61              		
  62              	@ 0 "" 2
  63              		.thumb
  65              		.align	1
  66              		.global	__set_MSP
  67              		.thumb
  68              		.thumb_func
  70              	__set_MSP:
  71              		@ Naked Function: prologue and epilogue provided by programmer.
  72              		@ args = 0, pretend = 0, frame = 0
  73              		@ frame_needed = 0, uses_anonymous_args = 0
  74              	@ 498 "../L0_LowLevel/source/core_cm3.c" 1
  75 0016 80F30888 		MSR msp, r0
  76 001a 7047     		BX  lr     
  77              		
  78              	@ 0 "" 2
  79              		.thumb
  81              		.align	1
  82              		.global	__get_BASEPRI
  83              		.thumb
  84              		.thumb_func
  86              	__get_BASEPRI:
  87              		@ args = 0, pretend = 0, frame = 0
  88              		@ frame_needed = 0, uses_anonymous_args = 0
  89              		@ link register save eliminated.
  90              	@ 513 "../L0_LowLevel/source/core_cm3.c" 1
  91 001c EFF31280 		MRS r0, basepri_max
  92              	@ 0 "" 2
  93              		.thumb
  94 0020 7047     		bx	lr
  96              		.align	1
  97              		.global	__set_BASEPRI
  98              		.thumb
  99              		.thumb_func
 101              	__set_BASEPRI:
 102              		@ args = 0, pretend = 0, frame = 0
 103              		@ frame_needed = 0, uses_anonymous_args = 0
 104              		@ link register save eliminated.
 105              	@ 526 "../L0_LowLevel/source/core_cm3.c" 1
 106 0022 80F31188 		MSR basepri, r0
 107              	@ 0 "" 2
 108              		.thumb
 109 0026 7047     		bx	lr
 111              		.align	1
 112              		.global	__get_PRIMASK
 113              		.thumb
 114              		.thumb_func
 116              	__get_PRIMASK:
 117              		@ args = 0, pretend = 0, frame = 0
 118              		@ frame_needed = 0, uses_anonymous_args = 0
 119              		@ link register save eliminated.
 120              	@ 540 "../L0_LowLevel/source/core_cm3.c" 1
 121 0028 EFF31080 		MRS r0, primask
 122              	@ 0 "" 2
 123              		.thumb
 124 002c 7047     		bx	lr
 126              		.align	1
 127              		.global	__set_PRIMASK
 128              		.thumb
 129              		.thumb_func
 131              	__set_PRIMASK:
 132              		@ args = 0, pretend = 0, frame = 0
 133              		@ frame_needed = 0, uses_anonymous_args = 0
 134              		@ link register save eliminated.
 135              	@ 553 "../L0_LowLevel/source/core_cm3.c" 1
 136 002e 80F31088 		MSR primask, r0
 137              	@ 0 "" 2
 138              		.thumb
 139 0032 7047     		bx	lr
 141              		.align	1
 142              		.global	__get_FAULTMASK
 143              		.thumb
 144              		.thumb_func
 146              	__get_FAULTMASK:
 147              		@ args = 0, pretend = 0, frame = 0
 148              		@ frame_needed = 0, uses_anonymous_args = 0
 149              		@ link register save eliminated.
 150              	@ 567 "../L0_LowLevel/source/core_cm3.c" 1
 151 0034 EFF31380 		MRS r0, faultmask
 152              	@ 0 "" 2
 153              		.thumb
 154 0038 7047     		bx	lr
 156              		.align	1
 157              		.global	__set_FAULTMASK
 158              		.thumb
 159              		.thumb_func
 161              	__set_FAULTMASK:
 162              		@ args = 0, pretend = 0, frame = 0
 163              		@ frame_needed = 0, uses_anonymous_args = 0
 164              		@ link register save eliminated.
 165              	@ 580 "../L0_LowLevel/source/core_cm3.c" 1
 166 003a 80F31388 		MSR faultmask, r0
 167              	@ 0 "" 2
 168              		.thumb
 169 003e 7047     		bx	lr
 171              		.align	1
 172              		.global	__get_CONTROL
 173              		.thumb
 174              		.thumb_func
 176              	__get_CONTROL:
 177              		@ args = 0, pretend = 0, frame = 0
 178              		@ frame_needed = 0, uses_anonymous_args = 0
 179              		@ link register save eliminated.
 180              	@ 594 "../L0_LowLevel/source/core_cm3.c" 1
 181 0040 EFF31480 		MRS r0, control
 182              	@ 0 "" 2
 183              		.thumb
 184 0044 7047     		bx	lr
 186              		.align	1
 187              		.global	__set_CONTROL
 188              		.thumb
 189              		.thumb_func
 191              	__set_CONTROL:
 192              		@ args = 0, pretend = 0, frame = 0
 193              		@ frame_needed = 0, uses_anonymous_args = 0
 194              		@ link register save eliminated.
 195              	@ 607 "../L0_LowLevel/source/core_cm3.c" 1
 196 0046 80F31488 		MSR control, r0
 197              	@ 0 "" 2
 198              		.thumb
 199 004a 7047     		bx	lr
 201              		.align	1
 202              		.global	__REV
 203              		.thumb
 204              		.thumb_func
 206              	__REV:
 207              		@ args = 0, pretend = 0, frame = 0
 208              		@ frame_needed = 0, uses_anonymous_args = 0
 209              		@ link register save eliminated.
 210              	@ 623 "../L0_LowLevel/source/core_cm3.c" 1
 211 004c 00BA     		rev r0, r0
 212              	@ 0 "" 2
 213              		.thumb
 214 004e 7047     		bx	lr
 216              		.align	1
 217              		.global	__REV16
 218              		.thumb
 219              		.thumb_func
 221              	__REV16:
 222              		@ args = 0, pretend = 0, frame = 0
 223              		@ frame_needed = 0, uses_anonymous_args = 0
 224              		@ link register save eliminated.
 225              	@ 639 "../L0_LowLevel/source/core_cm3.c" 1
 226 0050 40BA     		rev16 r0, r0
 227              	@ 0 "" 2
 228              		.thumb
 229 0052 7047     		bx	lr
 231              		.align	1
 232              		.global	__REVSH
 233              		.thumb
 234              		.thumb_func
 236              	__REVSH:
 237              		@ args = 0, pretend = 0, frame = 0
 238              		@ frame_needed = 0, uses_anonymous_args = 0
 239              		@ link register save eliminated.
 240              	@ 655 "../L0_LowLevel/source/core_cm3.c" 1
 241 0054 C0BA     		revsh r0, r0
 242              	@ 0 "" 2
 243              		.thumb
 244 0056 7047     		bx	lr
 246              		.align	1
 247              		.global	__RBIT
 248              		.thumb
 249              		.thumb_func
 251              	__RBIT:
 252              		@ args = 0, pretend = 0, frame = 0
 253              		@ frame_needed = 0, uses_anonymous_args = 0
 254              		@ link register save eliminated.
 255              	@ 671 "../L0_LowLevel/source/core_cm3.c" 1
 256 0058 90FAA0F0 		rbit r0, r0
 257              	@ 0 "" 2
 258              		.thumb
 259 005c 7047     		bx	lr
 261              		.align	1
 262              		.global	__LDREXB
 263              		.thumb
 264              		.thumb_func
 266              	__LDREXB:
 267              		@ args = 0, pretend = 0, frame = 0
 268              		@ frame_needed = 0, uses_anonymous_args = 0
 269              		@ link register save eliminated.
 270              	@ 687 "../L0_LowLevel/source/core_cm3.c" 1
 271 005e D0E84F0F 		ldrexb r0, [r0]
 272              	@ 0 "" 2
 273              		.thumb
 274 0062 C0B2     		uxtb	r0, r0
 275 0064 7047     		bx	lr
 277              		.align	1
 278              		.global	__LDREXH
 279              		.thumb
 280              		.thumb_func
 282              	__LDREXH:
 283              		@ args = 0, pretend = 0, frame = 0
 284              		@ frame_needed = 0, uses_anonymous_args = 0
 285              		@ link register save eliminated.
 286              	@ 703 "../L0_LowLevel/source/core_cm3.c" 1
 287 0066 D0E85F0F 		ldrexh r0, [r0]
 288              	@ 0 "" 2
 289              		.thumb
 290 006a 80B2     		uxth	r0, r0
 291 006c 7047     		bx	lr
 293              		.align	1
 294              		.global	__LDREXW
 295              		.thumb
 296              		.thumb_func
 298              	__LDREXW:
 299              		@ args = 0, pretend = 0, frame = 0
 300              		@ frame_needed = 0, uses_anonymous_args = 0
 301              		@ link register save eliminated.
 302              	@ 719 "../L0_LowLevel/source/core_cm3.c" 1
 303 006e 50E8000F 		ldrex r0, [r0]
 304              	@ 0 "" 2
 305              		.thumb
 306 0072 7047     		bx	lr
 308              		.align	1
 309              		.global	__STREXB
 310              		.thumb
 311              		.thumb_func
 313              	__STREXB:
 314              		@ args = 0, pretend = 0, frame = 0
 315              		@ frame_needed = 0, uses_anonymous_args = 0
 316              		@ link register save eliminated.
 317              	@ 736 "../L0_LowLevel/source/core_cm3.c" 1
 318 0074 C1E8400F 		strexb r0, r0, [r1]
 319              	@ 0 "" 2
 320              		.thumb
 321 0078 7047     		bx	lr
 323              		.align	1
 324              		.global	__STREXH
 325              		.thumb
 326              		.thumb_func
 328              	__STREXH:
 329              		@ args = 0, pretend = 0, frame = 0
 330              		@ frame_needed = 0, uses_anonymous_args = 0
 331              		@ link register save eliminated.
 332              	@ 753 "../L0_LowLevel/source/core_cm3.c" 1
 333 007a C1E8500F 		strexh r0, r0, [r1]
 334              	@ 0 "" 2
 335              		.thumb
 336 007e 7047     		bx	lr
 338              		.align	1
 339              		.global	__STREXW
 340              		.thumb
 341              		.thumb_func
 343              	__STREXW:
 344              		@ args = 0, pretend = 0, frame = 0
 345              		@ frame_needed = 0, uses_anonymous_args = 0
 346              		@ link register save eliminated.
 347              	@ 770 "../L0_LowLevel/source/core_cm3.c" 1
 348 0080 41E80000 		strex r0, r0, [r1]
 349              	@ 0 "" 2
 350              		.thumb
 351 0084 7047     		bx	lr
 353              		.ident	"GCC: (GNU) 4.6.2"
DEFINED SYMBOLS
                            *ABS*:00000000 core_cm3.c
C:\Users\Montoya\AppData\Local\Temp\ccKWA6d2.s:15     .text:00000000 $t
C:\Users\Montoya\AppData\Local\Temp\ccKWA6d2.s:20     .text:00000000 __get_PSP
C:\Users\Montoya\AppData\Local\Temp\ccKWA6d2.s:37     .text:00000008 __set_PSP
C:\Users\Montoya\AppData\Local\Temp\ccKWA6d2.s:53     .text:0000000e __get_MSP
C:\Users\Montoya\AppData\Local\Temp\ccKWA6d2.s:70     .text:00000016 __set_MSP
C:\Users\Montoya\AppData\Local\Temp\ccKWA6d2.s:86     .text:0000001c __get_BASEPRI
C:\Users\Montoya\AppData\Local\Temp\ccKWA6d2.s:101    .text:00000022 __set_BASEPRI
C:\Users\Montoya\AppData\Local\Temp\ccKWA6d2.s:116    .text:00000028 __get_PRIMASK
C:\Users\Montoya\AppData\Local\Temp\ccKWA6d2.s:131    .text:0000002e __set_PRIMASK
C:\Users\Montoya\AppData\Local\Temp\ccKWA6d2.s:146    .text:00000034 __get_FAULTMASK
C:\Users\Montoya\AppData\Local\Temp\ccKWA6d2.s:161    .text:0000003a __set_FAULTMASK
C:\Users\Montoya\AppData\Local\Temp\ccKWA6d2.s:176    .text:00000040 __get_CONTROL
C:\Users\Montoya\AppData\Local\Temp\ccKWA6d2.s:191    .text:00000046 __set_CONTROL
C:\Users\Montoya\AppData\Local\Temp\ccKWA6d2.s:206    .text:0000004c __REV
C:\Users\Montoya\AppData\Local\Temp\ccKWA6d2.s:221    .text:00000050 __REV16
C:\Users\Montoya\AppData\Local\Temp\ccKWA6d2.s:236    .text:00000054 __REVSH
C:\Users\Montoya\AppData\Local\Temp\ccKWA6d2.s:251    .text:00000058 __RBIT
C:\Users\Montoya\AppData\Local\Temp\ccKWA6d2.s:266    .text:0000005e __LDREXB
C:\Users\Montoya\AppData\Local\Temp\ccKWA6d2.s:282    .text:00000066 __LDREXH
C:\Users\Montoya\AppData\Local\Temp\ccKWA6d2.s:298    .text:0000006e __LDREXW
C:\Users\Montoya\AppData\Local\Temp\ccKWA6d2.s:313    .text:00000074 __STREXB
C:\Users\Montoya\AppData\Local\Temp\ccKWA6d2.s:328    .text:0000007a __STREXH
C:\Users\Montoya\AppData\Local\Temp\ccKWA6d2.s:343    .text:00000080 __STREXW

NO UNDEFINED SYMBOLS
