   1              		.syntax unified
   2              		.cpu cortex-m3
   3              		.fpu softvfp
   4              		.eabi_attribute 20, 1
   5              		.eabi_attribute 21, 1
   6              		.eabi_attribute 23, 3
   7              		.eabi_attribute 24, 1
   8              		.eabi_attribute 25, 1
   9              		.eabi_attribute 26, 1
  10              		.eabi_attribute 30, 4
  11              		.eabi_attribute 18, 4
  12              		.thumb
  13              		.file	"reentrant.c"
  14              		.text
  15              		.align	1
  16              		.global	ff_cre_syncobj
  17              		.thumb
  18              		.thumb_func
  20              	ff_cre_syncobj:
  21              		@ args = 0, pretend = 0, frame = 0
  22              		@ frame_needed = 0, uses_anonymous_args = 0
  23 0000 10B5     		push	{r4, lr}
  24 0002 0120     		movs	r0, #1
  25 0004 0C46     		mov	r4, r1
  26 0006 FFF7FEFF 		bl	xQueueCreateMutex
  27 000a 2060     		str	r0, [r4, #0]
  28 000c 0030     		adds	r0, r0, #0
  29 000e 18BF     		it	ne
  30 0010 0120     		movne	r0, #1
  31 0012 10BD     		pop	{r4, pc}
  33              		.align	1
  34              		.global	ff_del_syncobj
  35              		.thumb
  36              		.thumb_func
  38              	ff_del_syncobj:
  39              		@ args = 0, pretend = 0, frame = 0
  40              		@ frame_needed = 0, uses_anonymous_args = 0
  41              		@ link register save eliminated.
  42 0014 0120     		movs	r0, #1
  43 0016 7047     		bx	lr
  45              		.align	1
  46              		.global	ff_req_grant
  47              		.thumb
  48              		.thumb_func
  50              	ff_req_grant:
  51              		@ args = 0, pretend = 0, frame = 0
  52              		@ frame_needed = 0, uses_anonymous_args = 0
  53 0018 10B5     		push	{r4, lr}
  54 001a 0446     		mov	r4, r0
  55 001c FFF7FEFF 		bl	xTaskGetSchedulerState
  56 0020 0128     		cmp	r0, #1
  57 0022 0CD1     		bne	.L5
  58 0024 0021     		movs	r1, #0
  59 0026 0B46     		mov	r3, r1
  60 0028 2046     		mov	r0, r4
  61 002a 40F6B832 		movw	r2, #3000
  62 002e FFF7FEFF 		bl	xQueueGenericReceive
  63 0032 A0F10103 		sub	r3, r0, #1
  64 0036 5842     		rsbs	r0, r3, #0
  65 0038 40EB0300 		adc	r0, r0, r3
  66 003c 10BD     		pop	{r4, pc}
  67              	.L5:
  68 003e 0120     		movs	r0, #1
  69 0040 10BD     		pop	{r4, pc}
  71              		.align	1
  72              		.global	ff_rel_grant
  73              		.thumb
  74              		.thumb_func
  76              	ff_rel_grant:
  77              		@ args = 0, pretend = 0, frame = 0
  78              		@ frame_needed = 0, uses_anonymous_args = 0
  79 0042 10B5     		push	{r4, lr}
  80 0044 0446     		mov	r4, r0
  81 0046 FFF7FEFF 		bl	xTaskGetSchedulerState
  82 004a 0128     		cmp	r0, #1
  83 004c 07D1     		bne	.L6
  84 004e 0021     		movs	r1, #0
  85 0050 2046     		mov	r0, r4
  86 0052 0A46     		mov	r2, r1
  87 0054 0B46     		mov	r3, r1
  88 0056 BDE81040 		pop	{r4, lr}
  89 005a FFF7FEBF 		b	xQueueGenericSend
  90              	.L6:
  91 005e 10BD     		pop	{r4, pc}
  93              		.ident	"GCC: (GNU) 4.6.2"
DEFINED SYMBOLS
                            *ABS*:00000000 reentrant.c
C:\Users\Montoya\AppData\Local\Temp\ccQJjvrb.s:15     .text:00000000 $t
C:\Users\Montoya\AppData\Local\Temp\ccQJjvrb.s:20     .text:00000000 ff_cre_syncobj
C:\Users\Montoya\AppData\Local\Temp\ccQJjvrb.s:38     .text:00000014 ff_del_syncobj
C:\Users\Montoya\AppData\Local\Temp\ccQJjvrb.s:50     .text:00000018 ff_req_grant
C:\Users\Montoya\AppData\Local\Temp\ccQJjvrb.s:76     .text:00000042 ff_rel_grant

UNDEFINED SYMBOLS
xQueueCreateMutex
xTaskGetSchedulerState
xQueueGenericReceive
xQueueGenericSend
