   1              		.syntax unified
   2              		.cpu cortex-m3
   3              		.fpu softvfp
   4              		.eabi_attribute 20, 1
   5              		.eabi_attribute 21, 1
   6              		.eabi_attribute 23, 3
   7              		.eabi_attribute 24, 1
   8              		.eabi_attribute 25, 1
   9              		.eabi_attribute 26, 1
  10              		.eabi_attribute 30, 4
  11              		.eabi_attribute 18, 4
  12              		.thumb
  13              		.file	"spi_dma.c"
  14              		.text
  15              		.align	1
  16              		.global	spiDmaInitialize
  17              		.thumb
  18              		.thumb_func
  20              	spiDmaInitialize:
  21              		@ args = 0, pretend = 0, frame = 0
  22              		@ frame_needed = 0, uses_anonymous_args = 0
  23              		@ link register save eliminated.
  24 0000 064B     		ldr	r3, .L4
  25 0002 D3F8C420 		ldr	r2, [r3, #196]
  26 0006 42F00052 		orr	r2, r2, #536870912
  27 000a C3F8C420 		str	r2, [r3, #196]
  28 000e 044B     		ldr	r3, .L4+4
  29 0010 0122     		movs	r2, #1
  30 0012 1A63     		str	r2, [r3, #48]
  31              	.L2:
  32 0014 1A6B     		ldr	r2, [r3, #48]
  33 0016 D207     		lsls	r2, r2, #31
  34 0018 FCD5     		bpl	.L2
  35 001a 7047     		bx	lr
  36              	.L5:
  37              		.align	2
  38              	.L4:
  39 001c 00C00F40 		.word	1074774016
  40 0020 00400050 		.word	1342193664
  42              		.align	1
  43              		.global	spiDmaTransferBlock
  44              		.thumb
  45              		.thumb_func
  47              	spiDmaTransferBlock:
  48              		@ args = 0, pretend = 0, frame = 8
  49              		@ frame_needed = 0, uses_anonymous_args = 0
  50 0024 13B5     		push	{r0, r1, r4, lr}
  51 0026 4FF0FF33 		mov	r3, #-1
  52 002a B1F5805F 		cmp	r1, #4096
  53 002e 0193     		str	r3, [sp, #4]
  54 0030 4DD2     		bcs	.L15
  55 0032 294B     		ldr	r3, .L24
  56 0034 1B69     		ldr	r3, [r3, #16]
  57 0036 DB07     		lsls	r3, r3, #31
  58 0038 4BD4     		bmi	.L17
  59 003a 284B     		ldr	r3, .L24+4
  60 003c 1B69     		ldr	r3, [r3, #16]
  61 003e DB07     		lsls	r3, r3, #31
  62 0040 47D4     		bmi	.L17
  63 0042 01E0     		b	.L23
  64              	.L9:
  65 0044 9C68     		ldr	r4, [r3, #8]
  66 0046 00E0     		b	.L20
  67              	.L23:
  68 0048 254B     		ldr	r3, .L24+8
  69              	.L20:
  70 004a DC68     		ldr	r4, [r3, #12]
  71 004c 6407     		lsls	r4, r4, #29
  72 004e F9D4     		bmi	.L9
  73 0050 244B     		ldr	r3, .L24+12
  74 0052 0324     		movs	r4, #3
  75 0054 9C60     		str	r4, [r3, #8]
  76 0056 1C61     		str	r4, [r3, #16]
  77 0058 234C     		ldr	r4, .L24+16
  78 005a 03F59073 		add	r3, r3, #288
  79 005e 1C60     		str	r4, [r3, #0]
  80 0060 22B1     		cbz	r2, .L10
  81 0062 01AC     		add	r4, sp, #4
  82 0064 5C60     		str	r4, [r3, #4]
  83 0066 41F00044 		orr	r4, r1, #-2147483648
  84 006a 02E0     		b	.L21
  85              	.L10:
  86 006c 5860     		str	r0, [r3, #4]
  87 006e 41F00844 		orr	r4, r1, #-2013265920
  88              	.L21:
  89 0072 DC60     		str	r4, [r3, #12]
  90 0074 0024     		movs	r4, #0
  91 0076 9C60     		str	r4, [r3, #8]
  92 0078 41F20604 		movw	r4, #4102
  93 007c 1C61     		str	r4, [r3, #16]
  94 007e 174B     		ldr	r3, .L24+4
  95 0080 1AB1     		cbz	r2, .L12
  96 0082 1860     		str	r0, [r3, #0]
  97 0084 41F08061 		orr	r1, r1, #67108864
  98 0088 01E0     		b	.L22
  99              	.L12:
 100 008a 01AA     		add	r2, sp, #4
 101 008c 1A60     		str	r2, [r3, #0]
 102              	.L22:
 103 008e 164A     		ldr	r2, .L24+16
 104 0090 D960     		str	r1, [r3, #12]
 105 0092 5A60     		str	r2, [r3, #4]
 106 0094 0022     		movs	r2, #0
 107 0096 9A60     		str	r2, [r3, #8]
 108 0098 4FF40862 		mov	r2, #2176
 109 009c 1A61     		str	r2, [r3, #16]
 110 009e 0E4A     		ldr	r2, .L24
 111 00a0 1169     		ldr	r1, [r2, #16]
 112 00a2 41F00101 		orr	r1, r1, #1
 113 00a6 1161     		str	r1, [r2, #16]
 114 00a8 1969     		ldr	r1, [r3, #16]
 115 00aa 41F00101 		orr	r1, r1, #1
 116 00ae 1961     		str	r1, [r3, #16]
 117 00b0 0B4B     		ldr	r3, .L24+8
 118 00b2 596A     		ldr	r1, [r3, #36]
 119 00b4 41F00301 		orr	r1, r1, #3
 120 00b8 5962     		str	r1, [r3, #36]
 121              	.L14:
 122 00ba D168     		ldr	r1, [r2, #12]
 123 00bc 0905     		lsls	r1, r1, #20
 124 00be 080D     		lsrs	r0, r1, #20
 125 00c0 0029     		cmp	r1, #0
 126 00c2 FAD1     		bne	.L14
 127 00c4 5A6A     		ldr	r2, [r3, #36]
 128 00c6 22F00302 		bic	r2, r2, #3
 129 00ca 5A62     		str	r2, [r3, #36]
 130 00cc 02E0     		b	.L7
 131              	.L15:
 132 00ce 0120     		movs	r0, #1
 133 00d0 00E0     		b	.L7
 134              	.L17:
 135 00d2 0220     		movs	r0, #2
 136              	.L7:
 137 00d4 1CBD     		pop	{r2, r3, r4, pc}
 138              	.L25:
 139 00d6 00BF     		.align	2
 140              	.L24:
 141 00d8 20410050 		.word	1342193952
 142 00dc 00410050 		.word	1342193920
 143 00e0 00000340 		.word	1073938432
 144 00e4 00400050 		.word	1342193664
 145 00e8 08000340 		.word	1073938440
 147              		.ident	"GCC: (GNU) 4.6.2"
DEFINED SYMBOLS
                            *ABS*:00000000 spi_dma.c
C:\Users\Montoya\AppData\Local\Temp\ccYTBmTv.s:15     .text:00000000 $t
C:\Users\Montoya\AppData\Local\Temp\ccYTBmTv.s:20     .text:00000000 spiDmaInitialize
C:\Users\Montoya\AppData\Local\Temp\ccYTBmTv.s:39     .text:0000001c $d
C:\Users\Montoya\AppData\Local\Temp\ccYTBmTv.s:42     .text:00000024 $t
C:\Users\Montoya\AppData\Local\Temp\ccYTBmTv.s:47     .text:00000024 spiDmaTransferBlock
C:\Users\Montoya\AppData\Local\Temp\ccYTBmTv.s:141    .text:000000d8 $d

NO UNDEFINED SYMBOLS
