   1              		.syntax unified
   2              		.cpu cortex-m3
   3              		.fpu softvfp
   4              		.eabi_attribute 20, 1
   5              		.eabi_attribute 21, 1
   6              		.eabi_attribute 23, 3
   7              		.eabi_attribute 24, 1
   8              		.eabi_attribute 25, 1
   9              		.eabi_attribute 26, 1
  10              		.eabi_attribute 30, 4
  11              		.eabi_attribute 18, 4
  12              		.thumb
  13              		.file	"uart_base.cpp"
  14              		.section	.text._ZN9UartIfaceD2Ev,"axG",%progbits,_ZN9UartIfaceD5Ev,comdat
  15              		.align	1
  16              		.weak	_ZN9UartIfaceD2Ev
  17              		.thumb
  18              		.thumb_func
  20              	_ZN9UartIfaceD2Ev:
  21              		@ args = 0, pretend = 0, frame = 0
  22              		@ frame_needed = 0, uses_anonymous_args = 0
  23              		@ link register save eliminated.
  24 0000 014B     		ldr	r3, .L3
  25 0002 0360     		str	r3, [r0, #0]
  26 0004 7047     		bx	lr
  27              	.L4:
  28 0006 00BF     		.align	2
  29              	.L3:
  30 0008 08000000 		.word	_ZTV9UartIface+8
  32              		.section	.text._ZN9UART_BaseD2Ev,"axG",%progbits,_ZN9UART_BaseD5Ev,comdat
  33              		.align	1
  34              		.weak	_ZN9UART_BaseD2Ev
  35              		.thumb
  36              		.thumb_func
  38              	_ZN9UART_BaseD2Ev:
  39              		@ args = 0, pretend = 0, frame = 0
  40              		@ frame_needed = 0, uses_anonymous_args = 0
  41              		@ link register save eliminated.
  42 0000 014B     		ldr	r3, .L8
  43 0002 0360     		str	r3, [r0, #0]
  44 0004 7047     		bx	lr
  45              	.L9:
  46 0006 00BF     		.align	2
  47              	.L8:
  48 0008 08000000 		.word	_ZTV9UartIface+8
  50              		.section	.text._ZN9UART_BaseD0Ev,"axG",%progbits,_ZN9UART_BaseD5Ev,comdat
  51              		.align	1
  52              		.weak	_ZN9UART_BaseD0Ev
  53              		.thumb
  54              		.thumb_func
  56              	_ZN9UART_BaseD0Ev:
  57              		@ args = 0, pretend = 0, frame = 0
  58              		@ frame_needed = 0, uses_anonymous_args = 0
  59 0000 034B     		ldr	r3, .L14
  60 0002 10B5     		push	{r4, lr}
  61 0004 0446     		mov	r4, r0
  62 0006 0360     		str	r3, [r0, #0]
  63 0008 FFF7FEFF 		bl	_ZdlPv
  64 000c 2046     		mov	r0, r4
  65 000e 10BD     		pop	{r4, pc}
  66              	.L15:
  67              		.align	2
  68              	.L14:
  69 0010 08000000 		.word	_ZTV9UartIface+8
  71              		.section	.text._ZN9UartIfaceD0Ev,"axG",%progbits,_ZN9UartIfaceD5Ev,comdat
  72              		.align	1
  73              		.weak	_ZN9UartIfaceD0Ev
  74              		.thumb
  75              		.thumb_func
  77              	_ZN9UartIfaceD0Ev:
  78              		@ args = 0, pretend = 0, frame = 0
  79              		@ frame_needed = 0, uses_anonymous_args = 0
  80 0000 034B     		ldr	r3, .L19
  81 0002 10B5     		push	{r4, lr}
  82 0004 0446     		mov	r4, r0
  83 0006 0360     		str	r3, [r0, #0]
  84 0008 FFF7FEFF 		bl	_ZdlPv
  85 000c 2046     		mov	r0, r4
  86 000e 10BD     		pop	{r4, pc}
  87              	.L20:
  88              		.align	2
  89              	.L19:
  90 0010 08000000 		.word	_ZTV9UartIface+8
  92              		.text
  93              		.align	1
  94              		.global	_ZN9UART_Base7putCharEcj
  95              		.thumb
  96              		.thumb_func
  98              	_ZN9UART_Base7putCharEcj:
  99              		@ args = 0, pretend = 0, frame = 16
 100              		@ frame_needed = 0, uses_anonymous_args = 0
 101 0000 30B5     		push	{r4, r5, lr}
 102 0002 85B0     		sub	sp, sp, #20
 103 0004 0446     		mov	r4, r0
 104 0006 1546     		mov	r5, r2
 105 0008 8DF80710 		strb	r1, [sp, #7]
 106 000c FFF7FEFF 		bl	xTaskGetSchedulerState
 107 0010 0128     		cmp	r0, #1
 108 0012 08D0     		beq	.L22
 109 0014 6368     		ldr	r3, [r4, #4]
 110 0016 9DF80720 		ldrb	r2, [sp, #7]	@ zero_extendqisi2
 111 001a 1A70     		strb	r2, [r3, #0]
 112 001c 6368     		ldr	r3, [r4, #4]
 113              	.L23:
 114 001e 1A7D     		ldrb	r2, [r3, #20]	@ zero_extendqisi2
 115 0020 5206     		lsls	r2, r2, #25
 116 0022 FCD5     		bpl	.L23
 117 0024 1EE0     		b	.L29
 118              	.L22:
 119 0026 0023     		movs	r3, #0
 120 0028 E068     		ldr	r0, [r4, #12]
 121 002a 0DF10701 		add	r1, sp, #7
 122 002e 2A46     		mov	r2, r5
 123 0030 0393     		str	r3, [sp, #12]
 124 0032 FFF7FEFF 		bl	xQueueGenericSend
 125 0036 B0B1     		cbz	r0, .L24
 126 0038 FFF7FEFF 		bl	vPortEnterCritical
 127 003c 237C     		ldrb	r3, [r4, #16]	@ zero_extendqisi2
 128 003e 1BB1     		cbz	r3, .L25
 129 0040 6368     		ldr	r3, [r4, #4]
 130 0042 1B7D     		ldrb	r3, [r3, #20]	@ zero_extendqisi2
 131 0044 5B06     		lsls	r3, r3, #25
 132 0046 0BD5     		bpl	.L26
 133              	.L25:
 134 0048 03AA     		add	r2, sp, #12
 135 004a E068     		ldr	r0, [r4, #12]
 136 004c 0DF10701 		add	r1, sp, #7
 137 0050 FFF7FEFF 		bl	xQueueReceiveFromISR
 138 0054 6368     		ldr	r3, [r4, #4]
 139 0056 9DF80720 		ldrb	r2, [sp, #7]	@ zero_extendqisi2
 140 005a 1A70     		strb	r2, [r3, #0]
 141 005c 0123     		movs	r3, #1
 142 005e 2374     		strb	r3, [r4, #16]
 143              	.L26:
 144 0060 FFF7FEFF 		bl	vPortExitCritical
 145              	.L29:
 146 0064 0120     		movs	r0, #1
 147              	.L24:
 148 0066 05B0     		add	sp, sp, #20
 149 0068 30BD     		pop	{r4, r5, pc}
 151              		.align	1
 152              		.global	_ZNK9UART_Base7getCharEPcj
 153              		.thumb
 154              		.thumb_func
 156              	_ZNK9UART_Base7getCharEPcj:
 157              		@ args = 0, pretend = 0, frame = 8
 158              		@ frame_needed = 0, uses_anonymous_args = 0
 159 006a 2DE9F341 		push	{r0, r1, r4, r5, r6, r7, r8, lr}
 160 006e 0546     		mov	r5, r0
 161 0070 0E46     		mov	r6, r1
 162 0072 1746     		mov	r7, r2
 163 0074 FFF7FEFF 		bl	xTaskGetSchedulerState
 164 0078 0128     		cmp	r0, #1
 165 007a 09D1     		bne	.L31
 166 007c 0023     		movs	r3, #0
 167 007e A868     		ldr	r0, [r5, #8]
 168 0080 3146     		mov	r1, r6
 169 0082 3A46     		mov	r2, r7
 170 0084 FFF7FEFF 		bl	xQueueGenericReceive
 171 0088 0030     		adds	r0, r0, #0
 172 008a 18BF     		it	ne
 173 008c 0120     		movne	r0, #1
 174 008e 16E0     		b	.L32
 175              	.L31:
 176 0090 0023     		movs	r3, #0
 177 0092 02AC     		add	r4, sp, #8
 178 0094 44F8043D 		str	r3, [r4, #-4]!
 179 0098 FFF7FEFF 		bl	rit_get_timer_value_ms
 180 009c C719     		adds	r7, r0, r7
 181 009e 03E0     		b	.L33
 182              	.L34:
 183 00a0 FFF7FEFF 		bl	rit_get_timer_value_ms
 184 00a4 B842     		cmp	r0, r7
 185 00a6 09D8     		bhi	.L35
 186              	.L33:
 187 00a8 A868     		ldr	r0, [r5, #8]
 188 00aa 3146     		mov	r1, r6
 189 00ac 2246     		mov	r2, r4
 190 00ae FFF7FEFF 		bl	xQueueReceiveFromISR
 191 00b2 8046     		mov	r8, r0
 192 00b4 0028     		cmp	r0, #0
 193 00b6 F3D0     		beq	.L34
 194 00b8 0120     		movs	r0, #1
 195 00ba 00E0     		b	.L32
 196              	.L35:
 197 00bc 4046     		mov	r0, r8
 198              	.L32:
 199 00be BDE8FC81 		pop	{r2, r3, r4, r5, r6, r7, r8, pc}
 201              		.align	1
 202              		.global	_ZNK9UART_Base14recentlyActiveEj
 203              		.thumb
 204              		.thumb_func
 206              	_ZNK9UART_Base14recentlyActiveEj:
 207              		@ args = 0, pretend = 0, frame = 0
 208              		@ frame_needed = 0, uses_anonymous_args = 0
 209 00c2 38B5     		push	{r3, r4, r5, lr}
 210 00c4 0C46     		mov	r4, r1
 211 00c6 C569     		ldr	r5, [r0, #28]
 212 00c8 FFF7FEFF 		bl	xTaskGetTickCount
 213 00cc 401B     		subs	r0, r0, r5
 214 00ce A042     		cmp	r0, r4
 215 00d0 2CBF     		ite	cs
 216 00d2 0020     		movcs	r0, #0
 217 00d4 0120     		movcc	r0, #1
 218 00d6 38BD     		pop	{r3, r4, r5, pc}
 220              		.global	__aeabi_ui2d
 221              		.global	__aeabi_dadd
 222              		.global	__aeabi_d2uiz
 223              		.align	1
 224              		.global	_ZN9UART_Base11setBaudRateEj
 225              		.thumb
 226              		.thumb_func
 228              	_ZN9UART_Base11setBaudRateEj:
 229              		@ args = 0, pretend = 0, frame = 0
 230              		@ frame_needed = 0, uses_anonymous_args = 0
 231 00d8 4368     		ldr	r3, [r0, #4]
 232 00da 8022     		movs	r2, #128
 233 00dc 10B5     		push	{r4, lr}
 234 00de 1A73     		strb	r2, [r3, #12]
 235 00e0 0446     		mov	r4, r0
 236 00e2 4069     		ldr	r0, [r0, #20]
 237 00e4 0901     		lsls	r1, r1, #4
 238 00e6 B0FBF1F0 		udiv	r0, r0, r1
 239 00ea FFF7FEFF 		bl	__aeabi_ui2d
 240 00ee 0022     		movs	r2, #0
 241 00f0 074B     		ldr	r3, .L38
 242 00f2 FFF7FEFF 		bl	__aeabi_dadd
 243 00f6 FFF7FEFF 		bl	__aeabi_d2uiz
 244 00fa 6368     		ldr	r3, [r4, #4]
 245 00fc 80B2     		uxth	r0, r0
 246 00fe 020A     		lsrs	r2, r0, #8
 247 0100 1A71     		strb	r2, [r3, #4]
 248 0102 6368     		ldr	r3, [r4, #4]
 249 0104 C0B2     		uxtb	r0, r0
 250 0106 1870     		strb	r0, [r3, #0]
 251 0108 6368     		ldr	r3, [r4, #4]
 252 010a 0322     		movs	r2, #3
 253 010c 1A73     		strb	r2, [r3, #12]
 254 010e 10BD     		pop	{r4, pc}
 255              	.L39:
 256              		.align	2
 257              	.L38:
 258 0110 0000E03F 		.word	1071644672
 260              		.align	1
 261              		.global	_ZN9UART_Base15handleInterruptEv
 262              		.thumb
 263              		.thumb_func
 265              	_ZN9UART_Base15handleInterruptEv:
 266              		@ args = 0, pretend = 0, frame = 8
 267              		@ frame_needed = 0, uses_anonymous_args = 0
 268 0114 73B5     		push	{r0, r1, r4, r5, r6, lr}
 269 0116 0023     		movs	r3, #0
 270 0118 4268     		ldr	r2, [r0, #4]
 271 011a 0093     		str	r3, [sp, #0]
 272 011c 8DF80730 		strb	r3, [sp, #7]
 273 0120 9368     		ldr	r3, [r2, #8]
 274 0122 0446     		mov	r4, r0
 275 0124 03F00E03 		and	r3, r3, #14
 276 0128 042B     		cmp	r3, #4
 277 012a 25D0     		beq	.L43
 278 012c 0C2B     		cmp	r3, #12
 279 012e 23D0     		beq	.L43
 280 0130 022B     		cmp	r3, #2
 281 0132 18BF     		it	ne
 282 0134 137D     		ldrbne	r3, [r2, #20]	@ zero_extendqisi2
 283 0136 49D1     		bne	.L40
 284 0138 C068     		ldr	r0, [r0, #12]
 285 013a FFF7FEFF 		bl	uxQueueMessagesWaitingFromISR
 286 013e 638B     		ldrh	r3, [r4, #26]
 287 0140 9842     		cmp	r0, r3
 288 0142 03D9     		bls	.L44
 289 0144 E068     		ldr	r0, [r4, #12]
 290 0146 FFF7FEFF 		bl	uxQueueMessagesWaitingFromISR
 291 014a 6083     		strh	r0, [r4, #26]	@ movhi
 292              	.L44:
 293 014c 0026     		movs	r6, #0
 294 014e 3546     		mov	r5, r6
 295              	.L45:
 296 0150 E068     		ldr	r0, [r4, #12]
 297 0152 0DF10701 		add	r1, sp, #7
 298 0156 6A46     		mov	r2, sp
 299 0158 FFF7FEFF 		bl	xQueueReceiveFromISR
 300 015c 0028     		cmp	r0, #0
 301 015e 30D0     		beq	.L46
 302 0160 6368     		ldr	r3, [r4, #4]
 303 0162 9DF80720 		ldrb	r2, [sp, #7]	@ zero_extendqisi2
 304 0166 0136     		adds	r6, r6, #1
 305 0168 1A70     		strb	r2, [r3, #0]
 306 016a 009B     		ldr	r3, [sp, #0]
 307 016c 002B     		cmp	r3, #0
 308 016e 18BF     		it	ne
 309 0170 0125     		movne	r5, #1
 310 0172 102E     		cmp	r6, #16
 311 0174 25D0     		beq	.L46
 312 0176 EBE7     		b	.L45
 313              	.L43:
 314 0178 FFF7FEFF 		bl	xTaskGetTickCountFromISR
 315 017c 0025     		movs	r5, #0
 316 017e E061     		str	r0, [r4, #28]
 317 0180 0DE0     		b	.L56
 318              	.L50:
 319 0182 1B78     		ldrb	r3, [r3, #0]	@ zero_extendqisi2
 320 0184 A068     		ldr	r0, [r4, #8]
 321 0186 8DF80730 		strb	r3, [sp, #7]
 322 018a 0DF10701 		add	r1, sp, #7
 323 018e 0023     		movs	r3, #0
 324 0190 6A46     		mov	r2, sp
 325 0192 FFF7FEFF 		bl	xQueueGenericSendFromISR
 326 0196 009B     		ldr	r3, [sp, #0]
 327 0198 002B     		cmp	r3, #0
 328 019a 18BF     		it	ne
 329 019c 0125     		movne	r5, #1
 330              	.L56:
 331 019e 6368     		ldr	r3, [r4, #4]
 332 01a0 1A7D     		ldrb	r2, [r3, #20]	@ zero_extendqisi2
 333 01a2 D107     		lsls	r1, r2, #31
 334 01a4 EDD4     		bmi	.L50
 335 01a6 A068     		ldr	r0, [r4, #8]
 336 01a8 FFF7FEFF 		bl	uxQueueMessagesWaitingFromISR
 337 01ac 238B     		ldrh	r3, [r4, #24]
 338 01ae 9842     		cmp	r0, r3
 339 01b0 03D9     		bls	.L51
 340 01b2 A068     		ldr	r0, [r4, #8]
 341 01b4 FFF7FEFF 		bl	uxQueueMessagesWaitingFromISR
 342 01b8 2083     		strh	r0, [r4, #24]	@ movhi
 343              	.L51:
 344 01ba 3DB1     		cbz	r5, .L40
 345 01bc FFF7FEFF 		bl	vPortYieldFromISR
 346 01c0 04E0     		b	.L40
 347              	.L46:
 348 01c2 0036     		adds	r6, r6, #0
 349 01c4 18BF     		it	ne
 350 01c6 0126     		movne	r6, #1
 351 01c8 2674     		strb	r6, [r4, #16]
 352 01ca F6E7     		b	.L51
 353              	.L40:
 354 01cc 7CBD     		pop	{r2, r3, r4, r5, r6, pc}
 356              		.align	1
 357              		.global	_ZN9UART_BaseC2EPj
 358              		.thumb
 359              		.thumb_func
 361              	_ZN9UART_BaseC2EPj:
 362              		@ args = 0, pretend = 0, frame = 0
 363              		@ frame_needed = 0, uses_anonymous_args = 0
 364              		@ link register save eliminated.
 365 01ce 044B     		ldr	r3, .L60
 366 01d0 4160     		str	r1, [r0, #4]
 367 01d2 0360     		str	r3, [r0, #0]
 368 01d4 0023     		movs	r3, #0
 369 01d6 0374     		strb	r3, [r0, #16]
 370 01d8 4361     		str	r3, [r0, #20]
 371 01da 0383     		strh	r3, [r0, #24]	@ movhi
 372 01dc 4383     		strh	r3, [r0, #26]	@ movhi
 373 01de 7047     		bx	lr
 374              	.L61:
 375              		.align	2
 376              	.L60:
 377 01e0 08000000 		.word	.LANCHOR0+8
 379              		.align	1
 380              		.global	_ZN9UART_Base4initEjjii
 381              		.thumb
 382              		.thumb_func
 384              	_ZN9UART_Base4initEjjii:
 385              		@ args = 4, pretend = 0, frame = 0
 386              		@ frame_needed = 0, uses_anonymous_args = 0
 387 01e4 38B5     		push	{r3, r4, r5, lr}
 388 01e6 1D46     		mov	r5, r3
 389 01e8 4161     		str	r1, [r0, #20]
 390 01ea 4368     		ldr	r3, [r0, #4]
 391 01ec 2949     		ldr	r1, .L70
 392 01ee 0446     		mov	r4, r0
 393 01f0 8B42     		cmp	r3, r1
 394 01f2 09D1     		bne	.L63
 395 01f4 01F57021 		add	r1, r1, #983040
 396 01f8 D1F8C400 		ldr	r0, [r1, #196]
 397 01fc 40F00800 		orr	r0, r0, #8
 398 0200 C1F8C400 		str	r0, [r1, #196]
 399 0204 2020     		movs	r0, #32
 400 0206 1AE0     		b	.L69
 401              	.L63:
 402 0208 2349     		ldr	r1, .L70+4
 403 020a 8B42     		cmp	r3, r1
 404 020c 09D1     		bne	.L65
 405 020e 01F5C821 		add	r1, r1, #409600
 406 0212 D1F8C400 		ldr	r0, [r1, #196]
 407 0216 40F08070 		orr	r0, r0, #16777216
 408 021a C1F8C400 		str	r0, [r1, #196]
 409 021e 8020     		movs	r0, #128
 410 0220 0DE0     		b	.L69
 411              	.L65:
 412 0222 1E49     		ldr	r1, .L70+8
 413 0224 0020     		movs	r0, #0
 414 0226 8B42     		cmp	r3, r1
 415 0228 32D1     		bne	.L66
 416 022a 01F5C021 		add	r1, r1, #393216
 417 022e D1F8C400 		ldr	r0, [r1, #196]
 418 0232 40F00070 		orr	r0, r0, #33554432
 419 0236 C1F8C400 		str	r0, [r1, #196]
 420 023a 4FF48070 		mov	r0, #256
 421              	.L69:
 422 023e 1849     		ldr	r1, .L70+12
 423 0240 0860     		str	r0, [r1, #0]
 424 0242 4121     		movs	r1, #65
 425 0244 1972     		strb	r1, [r3, #8]
 426 0246 6368     		ldr	r3, [r4, #4]
 427 0248 2046     		mov	r0, r4
 428 024a 197A     		ldrb	r1, [r3, #8]	@ zero_extendqisi2
 429 024c 41F00601 		orr	r1, r1, #6
 430 0250 1972     		strb	r1, [r3, #8]
 431 0252 1146     		mov	r1, r2
 432 0254 FFF7FEFF 		bl	_ZN9UART_Base11setBaudRateEj
 433 0258 0121     		movs	r1, #1
 434 025a 0022     		movs	r2, #0
 435 025c 082D     		cmp	r5, #8
 436 025e ACBF     		ite	ge
 437 0260 2846     		movge	r0, r5
 438 0262 0820     		movlt	r0, #8
 439 0264 FFF7FEFF 		bl	xQueueGenericCreate
 440 0268 A060     		str	r0, [r4, #8]
 441 026a 0498     		ldr	r0, [sp, #16]
 442 026c 0022     		movs	r2, #0
 443 026e 0828     		cmp	r0, #8
 444 0270 B8BF     		it	lt
 445 0272 0820     		movlt	r0, #8
 446 0274 0121     		movs	r1, #1
 447 0276 FFF7FEFF 		bl	xQueueGenericCreate
 448 027a 6368     		ldr	r3, [r4, #4]
 449 027c 0722     		movs	r2, #7
 450 027e E060     		str	r0, [r4, #12]
 451 0280 5A60     		str	r2, [r3, #4]
 452 0282 A068     		ldr	r0, [r4, #8]
 453 0284 20B1     		cbz	r0, .L66
 454 0286 E068     		ldr	r0, [r4, #12]
 455 0288 0030     		adds	r0, r0, #0
 456 028a 18BF     		it	ne
 457 028c 0120     		movne	r0, #1
 458 028e 38BD     		pop	{r3, r4, r5, pc}
 459              	.L66:
 460 0290 38BD     		pop	{r3, r4, r5, pc}
 461              	.L71:
 462 0292 00BF     		.align	2
 463              	.L70:
 464 0294 00C00040 		.word	1073790976
 465 0298 00800940 		.word	1074364416
 466 029c 00C00940 		.word	1074380800
 467 02a0 00E100E0 		.word	-536813312
 469              		.global	_ZTV9UART_Base
 470              		.weak	_ZTV9UartIface
 471              		.section	.rodata._ZTV9UartIface,"aG",%progbits,_ZTV9UartIface,comdat
 472              		.align	3
 475              	_ZTV9UartIface:
 476 0000 00000000 		.word	0
 477 0004 00000000 		.word	0
 478 0008 00000000 		.word	__cxa_pure_virtual
 479 000c 00000000 		.word	__cxa_pure_virtual
 480 0010 00000000 		.word	_ZN9UartIfaceD1Ev
 481 0014 00000000 		.word	_ZN9UartIfaceD0Ev
 482              		.weak	_ZN9UartIfaceD1Ev
 483              		.thumb_set _ZN9UartIfaceD1Ev,_ZN9UartIfaceD2Ev
 484              		.weak	_ZN9UART_BaseD1Ev
 485              		.thumb_set _ZN9UART_BaseD1Ev,_ZN9UART_BaseD2Ev
 486              		.global	_ZN9UART_BaseC1EPj
 487              		.thumb_set _ZN9UART_BaseC1EPj,_ZN9UART_BaseC2EPj
 488              		.section	.rodata
 489              		.align	3
 490              		.set	.LANCHOR0,. + 0
 493              	_ZTV9UART_Base:
 494 0000 00000000 		.word	0
 495 0004 00000000 		.word	0
 496 0008 00000000 		.word	_ZNK9UART_Base7getCharEPcj
 497 000c 00000000 		.word	_ZN9UART_Base7putCharEcj
 498 0010 00000000 		.word	_ZN9UART_BaseD1Ev
 499 0014 00000000 		.word	_ZN9UART_BaseD0Ev
 500              		.ident	"GCC: (GNU) 4.6.2"
DEFINED SYMBOLS
                            *ABS*:00000000 uart_base.cpp
C:\Users\Montoya\AppData\Local\Temp\ccDEnIzy.s:15     .text._ZN9UartIfaceD2Ev:00000000 $t
C:\Users\Montoya\AppData\Local\Temp\ccDEnIzy.s:20     .text._ZN9UartIfaceD2Ev:00000000 _ZN9UartIfaceD2Ev
C:\Users\Montoya\AppData\Local\Temp\ccDEnIzy.s:30     .text._ZN9UartIfaceD2Ev:00000008 $d
C:\Users\Montoya\AppData\Local\Temp\ccDEnIzy.s:475    .rodata._ZTV9UartIface:00000000 _ZTV9UartIface
C:\Users\Montoya\AppData\Local\Temp\ccDEnIzy.s:33     .text._ZN9UART_BaseD2Ev:00000000 $t
C:\Users\Montoya\AppData\Local\Temp\ccDEnIzy.s:38     .text._ZN9UART_BaseD2Ev:00000000 _ZN9UART_BaseD2Ev
C:\Users\Montoya\AppData\Local\Temp\ccDEnIzy.s:48     .text._ZN9UART_BaseD2Ev:00000008 $d
C:\Users\Montoya\AppData\Local\Temp\ccDEnIzy.s:51     .text._ZN9UART_BaseD0Ev:00000000 $t
C:\Users\Montoya\AppData\Local\Temp\ccDEnIzy.s:56     .text._ZN9UART_BaseD0Ev:00000000 _ZN9UART_BaseD0Ev
C:\Users\Montoya\AppData\Local\Temp\ccDEnIzy.s:69     .text._ZN9UART_BaseD0Ev:00000010 $d
C:\Users\Montoya\AppData\Local\Temp\ccDEnIzy.s:72     .text._ZN9UartIfaceD0Ev:00000000 $t
C:\Users\Montoya\AppData\Local\Temp\ccDEnIzy.s:77     .text._ZN9UartIfaceD0Ev:00000000 _ZN9UartIfaceD0Ev
C:\Users\Montoya\AppData\Local\Temp\ccDEnIzy.s:90     .text._ZN9UartIfaceD0Ev:00000010 $d
C:\Users\Montoya\AppData\Local\Temp\ccDEnIzy.s:93     .text:00000000 $t
C:\Users\Montoya\AppData\Local\Temp\ccDEnIzy.s:98     .text:00000000 _ZN9UART_Base7putCharEcj
C:\Users\Montoya\AppData\Local\Temp\ccDEnIzy.s:156    .text:0000006a _ZNK9UART_Base7getCharEPcj
C:\Users\Montoya\AppData\Local\Temp\ccDEnIzy.s:206    .text:000000c2 _ZNK9UART_Base14recentlyActiveEj
C:\Users\Montoya\AppData\Local\Temp\ccDEnIzy.s:228    .text:000000d8 _ZN9UART_Base11setBaudRateEj
C:\Users\Montoya\AppData\Local\Temp\ccDEnIzy.s:258    .text:00000110 $d
C:\Users\Montoya\AppData\Local\Temp\ccDEnIzy.s:260    .text:00000114 $t
C:\Users\Montoya\AppData\Local\Temp\ccDEnIzy.s:265    .text:00000114 _ZN9UART_Base15handleInterruptEv
C:\Users\Montoya\AppData\Local\Temp\ccDEnIzy.s:361    .text:000001ce _ZN9UART_BaseC2EPj
C:\Users\Montoya\AppData\Local\Temp\ccDEnIzy.s:377    .text:000001e0 $d
C:\Users\Montoya\AppData\Local\Temp\ccDEnIzy.s:379    .text:000001e4 $t
C:\Users\Montoya\AppData\Local\Temp\ccDEnIzy.s:384    .text:000001e4 _ZN9UART_Base4initEjjii
C:\Users\Montoya\AppData\Local\Temp\ccDEnIzy.s:464    .text:00000294 $d
C:\Users\Montoya\AppData\Local\Temp\ccDEnIzy.s:493    .rodata:00000000 _ZTV9UART_Base
C:\Users\Montoya\AppData\Local\Temp\ccDEnIzy.s:472    .rodata._ZTV9UartIface:00000000 $d
C:\Users\Montoya\AppData\Local\Temp\ccDEnIzy.s:20     .text._ZN9UartIfaceD2Ev:00000000 _ZN9UartIfaceD1Ev
C:\Users\Montoya\AppData\Local\Temp\ccDEnIzy.s:38     .text._ZN9UART_BaseD2Ev:00000000 _ZN9UART_BaseD1Ev
C:\Users\Montoya\AppData\Local\Temp\ccDEnIzy.s:361    .text:000001ce _ZN9UART_BaseC1EPj
C:\Users\Montoya\AppData\Local\Temp\ccDEnIzy.s:489    .rodata:00000000 $d
                           .group:00000000 _ZN9UartIfaceD5Ev
                           .group:00000000 _ZN9UART_BaseD5Ev

UNDEFINED SYMBOLS
_ZdlPv
xTaskGetSchedulerState
xQueueGenericSend
vPortEnterCritical
xQueueReceiveFromISR
vPortExitCritical
xQueueGenericReceive
rit_get_timer_value_ms
xTaskGetTickCount
__aeabi_ui2d
__aeabi_dadd
__aeabi_d2uiz
uxQueueMessagesWaitingFromISR
xTaskGetTickCountFromISR
xQueueGenericSendFromISR
vPortYieldFromISR
xQueueGenericCreate
__cxa_pure_virtual
