   1              		.syntax unified
   2              		.cpu cortex-m3
   3              		.fpu softvfp
   4              		.eabi_attribute 20, 1
   5              		.eabi_attribute 21, 1
   6              		.eabi_attribute 23, 3
   7              		.eabi_attribute 24, 1
   8              		.eabi_attribute 25, 1
   9              		.eabi_attribute 26, 1
  10              		.eabi_attribute 30, 4
  11              		.eabi_attribute 18, 4
  12              		.thumb
  13              		.file	"uart0.cpp"
  14              		.section	.text._ZN9UartIfaceD2Ev,"axG",%progbits,_ZN9UartIfaceD5Ev,comdat
  15              		.align	1
  16              		.weak	_ZN9UartIfaceD2Ev
  17              		.thumb
  18              		.thumb_func
  20              	_ZN9UartIfaceD2Ev:
  21              		@ args = 0, pretend = 0, frame = 0
  22              		@ frame_needed = 0, uses_anonymous_args = 0
  23              		@ link register save eliminated.
  24 0000 014B     		ldr	r3, .L3
  25 0002 0360     		str	r3, [r0, #0]
  26 0004 7047     		bx	lr
  27              	.L4:
  28 0006 00BF     		.align	2
  29              	.L3:
  30 0008 08000000 		.word	_ZTV9UartIface+8
  32              		.section	.text._ZN5Uart0D2Ev,"axG",%progbits,_ZN5Uart0D5Ev,comdat
  33              		.align	1
  34              		.weak	_ZN5Uart0D2Ev
  35              		.thumb
  36              		.thumb_func
  38              	_ZN5Uart0D2Ev:
  39              		@ args = 0, pretend = 0, frame = 0
  40              		@ frame_needed = 0, uses_anonymous_args = 0
  41              		@ link register save eliminated.
  42 0000 014B     		ldr	r3, .L9
  43 0002 0360     		str	r3, [r0, #0]
  44 0004 7047     		bx	lr
  45              	.L10:
  46 0006 00BF     		.align	2
  47              	.L9:
  48 0008 08000000 		.word	_ZTV9UartIface+8
  50              		.section	.text._ZN9UartIfaceD0Ev,"axG",%progbits,_ZN9UartIfaceD5Ev,comdat
  51              		.align	1
  52              		.weak	_ZN9UartIfaceD0Ev
  53              		.thumb
  54              		.thumb_func
  56              	_ZN9UartIfaceD0Ev:
  57              		@ args = 0, pretend = 0, frame = 0
  58              		@ frame_needed = 0, uses_anonymous_args = 0
  59 0000 034B     		ldr	r3, .L14
  60 0002 10B5     		push	{r4, lr}
  61 0004 0446     		mov	r4, r0
  62 0006 0360     		str	r3, [r0, #0]
  63 0008 FFF7FEFF 		bl	_ZdlPv
  64 000c 2046     		mov	r0, r4
  65 000e 10BD     		pop	{r4, pc}
  66              	.L15:
  67              		.align	2
  68              	.L14:
  69 0010 08000000 		.word	_ZTV9UartIface+8
  71              		.section	.text._ZN5Uart0D0Ev,"axG",%progbits,_ZN5Uart0D5Ev,comdat
  72              		.align	1
  73              		.weak	_ZN5Uart0D0Ev
  74              		.thumb
  75              		.thumb_func
  77              	_ZN5Uart0D0Ev:
  78              		@ args = 0, pretend = 0, frame = 0
  79              		@ frame_needed = 0, uses_anonymous_args = 0
  80 0000 034B     		ldr	r3, .L21
  81 0002 10B5     		push	{r4, lr}
  82 0004 0446     		mov	r4, r0
  83 0006 0360     		str	r3, [r0, #0]
  84 0008 FFF7FEFF 		bl	_ZdlPv
  85 000c 2046     		mov	r0, r4
  86 000e 10BD     		pop	{r4, pc}
  87              	.L22:
  88              		.align	2
  89              	.L21:
  90 0010 08000000 		.word	_ZTV9UartIface+8
  92              		.text
  93              		.align	1
  94              		.global	_ZN5Uart04initEjii
  95              		.thumb
  96              		.thumb_func
  98              	_ZN5Uart04initEjii:
  99              		@ args = 0, pretend = 0, frame = 0
 100              		@ frame_needed = 0, uses_anonymous_args = 0
 101 0000 F7B5     		push	{r0, r1, r2, r4, r5, r6, r7, lr}
 102 0002 1F46     		mov	r7, r3
 103 0004 114B     		ldr	r3, .L24
 104 0006 1446     		mov	r4, r2
 105 0008 1A68     		ldr	r2, [r3, #0]
 106 000a 0D46     		mov	r5, r1
 107 000c 22F0F002 		bic	r2, r2, #240
 108 0010 1A60     		str	r2, [r3, #0]
 109 0012 1A68     		ldr	r2, [r3, #0]
 110 0014 0646     		mov	r6, r0
 111 0016 42F05002 		orr	r2, r2, #80
 112 001a 1A60     		str	r2, [r3, #0]
 113 001c 03F55023 		add	r3, r3, #851968
 114 0020 D3F8A821 		ldr	r2, [r3, #424]
 115 0024 22F0C002 		bic	r2, r2, #192
 116 0028 C3F8A821 		str	r2, [r3, #424]
 117 002c D3F8A821 		ldr	r2, [r3, #424]
 118 0030 42F04002 		orr	r2, r2, #64
 119 0034 C3F8A821 		str	r2, [r3, #424]
 120 0038 FFF7FEFF 		bl	getCpuClock
 121 003c 2A46     		mov	r2, r5
 122 003e 0146     		mov	r1, r0
 123 0040 2346     		mov	r3, r4
 124 0042 3046     		mov	r0, r6
 125 0044 0097     		str	r7, [sp, #0]
 126 0046 FFF7FEFF 		bl	_ZN9UART_Base4initEjjii
 127 004a FEBD     		pop	{r1, r2, r3, r4, r5, r6, r7, pc}
 128              	.L25:
 129              		.align	2
 130              	.L24:
 131 004c 00C00240 		.word	1073922048
 133              		.align	1
 134              		.global	_ZN5Uart0C2Ev
 135              		.thumb
 136              		.thumb_func
 138              	_ZN5Uart0C2Ev:
 139              		@ args = 0, pretend = 0, frame = 0
 140              		@ frame_needed = 0, uses_anonymous_args = 0
 141 0050 10B5     		push	{r4, lr}
 142 0052 0449     		ldr	r1, .L29
 143 0054 0446     		mov	r4, r0
 144 0056 FFF7FEFF 		bl	_ZN9UART_BaseC2EPj
 145 005a 034B     		ldr	r3, .L29+4
 146 005c 2046     		mov	r0, r4
 147 005e 2360     		str	r3, [r4, #0]
 148 0060 10BD     		pop	{r4, pc}
 149              	.L30:
 150 0062 00BF     		.align	2
 151              	.L29:
 152 0064 00C00040 		.word	1073790976
 153 0068 08000000 		.word	_ZTV5Uart0+8
 155              		.section	.text._ZN17SingletonTemplateI5Uart0E11getInstanceEv,"axG",%progbits,_ZN17SingletonTemplat
 156              		.align	1
 157              		.weak	_ZN17SingletonTemplateI5Uart0E11getInstanceEv
 158              		.thumb
 159              		.thumb_func
 161              	_ZN17SingletonTemplateI5Uart0E11getInstanceEv:
 162              		@ args = 0, pretend = 0, frame = 0
 163              		@ frame_needed = 0, uses_anonymous_args = 0
 164 0000 38B5     		push	{r3, r4, r5, lr}
 165 0002 064C     		ldr	r4, .L33
 166 0004 2368     		ldr	r3, [r4, #0]
 167 0006 33B9     		cbnz	r3, .L32
 168 0008 2020     		movs	r0, #32
 169 000a FFF7FEFF 		bl	_Znwj
 170 000e 0546     		mov	r5, r0
 171 0010 FFF7FEFF 		bl	_ZN5Uart0C1Ev
 172 0014 2560     		str	r5, [r4, #0]
 173              	.L32:
 174 0016 2068     		ldr	r0, [r4, #0]
 175 0018 38BD     		pop	{r3, r4, r5, pc}
 176              	.L34:
 177 001a 00BF     		.align	2
 178              	.L33:
 179 001c 00000000 		.word	_ZN17SingletonTemplateI5Uart0E19mpSingletonInstanceE
 181              		.text
 182              		.align	1
 183              		.global	_ZN5Uart017putcharIntrDrivenEc
 184              		.thumb
 185              		.thumb_func
 187              	_ZN5Uart017putcharIntrDrivenEc:
 188              		@ args = 0, pretend = 0, frame = 0
 189              		@ frame_needed = 0, uses_anonymous_args = 0
 190 006c 10B5     		push	{r4, lr}
 191 006e 0446     		mov	r4, r0
 192 0070 FFF7FEFF 		bl	_ZN17SingletonTemplateI5Uart0E11getInstanceEv
 193 0074 0368     		ldr	r3, [r0, #0]
 194 0076 2146     		mov	r1, r4
 195 0078 5B68     		ldr	r3, [r3, #4]
 196 007a 4FF0FF32 		mov	r2, #-1
 197 007e 9847     		blx	r3
 198 0080 10BD     		pop	{r4, pc}
 200              		.align	1
 201              		.global	_ZN5Uart017getcharIntrDrivenEc
 202              		.thumb
 203              		.thumb_func
 205              	_ZN5Uart017getcharIntrDrivenEc:
 206              		@ args = 0, pretend = 0, frame = 8
 207              		@ frame_needed = 0, uses_anonymous_args = 0
 208 0082 13B5     		push	{r0, r1, r4, lr}
 209 0084 0023     		movs	r3, #0
 210 0086 02AC     		add	r4, sp, #8
 211 0088 04F8013D 		strb	r3, [r4, #-1]!
 212 008c FFF7FEFF 		bl	_ZN17SingletonTemplateI5Uart0E11getInstanceEv
 213 0090 0368     		ldr	r3, [r0, #0]
 214 0092 2146     		mov	r1, r4
 215 0094 1B68     		ldr	r3, [r3, #0]
 216 0096 4FF0FF32 		mov	r2, #-1
 217 009a 9847     		blx	r3
 218 009c 9DF80700 		ldrb	r0, [sp, #7]	@ zero_extendqisi2
 219 00a0 1CBD     		pop	{r2, r3, r4, pc}
 221              		.align	1
 222              		.global	UART0_IRQHandler
 223              		.thumb
 224              		.thumb_func
 226              	UART0_IRQHandler:
 227              		@ args = 0, pretend = 0, frame = 0
 228              		@ frame_needed = 0, uses_anonymous_args = 0
 229 00a2 08B5     		push	{r3, lr}
 230 00a4 FFF7FEFF 		bl	_ZN17SingletonTemplateI5Uart0E11getInstanceEv
 231 00a8 BDE80840 		pop	{r3, lr}
 232 00ac FFF7FEBF 		b	_ZN9UART_Base15handleInterruptEv
 234              		.weak	_ZN17SingletonTemplateI5Uart0E19mpSingletonInstanceE
 235              		.section	.bss._ZN17SingletonTemplateI5Uart0E19mpSingletonInstanceE,"awG",%nobits,_ZN17SingletonTem
 236              		.align	2
 239              	_ZN17SingletonTemplateI5Uart0E19mpSingletonInstanceE:
 240 0000 00000000 		.space	4
 241              		.weak	_ZTV5Uart0
 242              		.section	.rodata._ZTV5Uart0,"aG",%progbits,_ZTV5Uart0,comdat
 243              		.align	3
 246              	_ZTV5Uart0:
 247 0000 00000000 		.word	0
 248 0004 00000000 		.word	0
 249 0008 00000000 		.word	_ZNK9UART_Base7getCharEPcj
 250 000c 00000000 		.word	_ZN9UART_Base7putCharEcj
 251 0010 00000000 		.word	_ZN5Uart0D1Ev
 252 0014 00000000 		.word	_ZN5Uart0D0Ev
 253              		.weak	_ZTV9UartIface
 254              		.section	.rodata._ZTV9UartIface,"aG",%progbits,_ZTV9UartIface,comdat
 255              		.align	3
 258              	_ZTV9UartIface:
 259 0000 00000000 		.word	0
 260 0004 00000000 		.word	0
 261 0008 00000000 		.word	__cxa_pure_virtual
 262 000c 00000000 		.word	__cxa_pure_virtual
 263 0010 00000000 		.word	_ZN9UartIfaceD1Ev
 264 0014 00000000 		.word	_ZN9UartIfaceD0Ev
 265              		.weak	_ZN9UartIfaceD1Ev
 266              		.thumb_set _ZN9UartIfaceD1Ev,_ZN9UartIfaceD2Ev
 267              		.weak	_ZN5Uart0D1Ev
 268              		.thumb_set _ZN5Uart0D1Ev,_ZN5Uart0D2Ev
 269              		.global	_ZN5Uart0C1Ev
 270              		.thumb_set _ZN5Uart0C1Ev,_ZN5Uart0C2Ev
 271              		.ident	"GCC: (GNU) 4.6.2"
DEFINED SYMBOLS
                            *ABS*:00000000 uart0.cpp
C:\Users\Montoya\AppData\Local\Temp\ccK4KRSM.s:15     .text._ZN9UartIfaceD2Ev:00000000 $t
C:\Users\Montoya\AppData\Local\Temp\ccK4KRSM.s:20     .text._ZN9UartIfaceD2Ev:00000000 _ZN9UartIfaceD2Ev
C:\Users\Montoya\AppData\Local\Temp\ccK4KRSM.s:30     .text._ZN9UartIfaceD2Ev:00000008 $d
C:\Users\Montoya\AppData\Local\Temp\ccK4KRSM.s:258    .rodata._ZTV9UartIface:00000000 _ZTV9UartIface
C:\Users\Montoya\AppData\Local\Temp\ccK4KRSM.s:33     .text._ZN5Uart0D2Ev:00000000 $t
C:\Users\Montoya\AppData\Local\Temp\ccK4KRSM.s:38     .text._ZN5Uart0D2Ev:00000000 _ZN5Uart0D2Ev
C:\Users\Montoya\AppData\Local\Temp\ccK4KRSM.s:48     .text._ZN5Uart0D2Ev:00000008 $d
C:\Users\Montoya\AppData\Local\Temp\ccK4KRSM.s:51     .text._ZN9UartIfaceD0Ev:00000000 $t
C:\Users\Montoya\AppData\Local\Temp\ccK4KRSM.s:56     .text._ZN9UartIfaceD0Ev:00000000 _ZN9UartIfaceD0Ev
C:\Users\Montoya\AppData\Local\Temp\ccK4KRSM.s:69     .text._ZN9UartIfaceD0Ev:00000010 $d
C:\Users\Montoya\AppData\Local\Temp\ccK4KRSM.s:72     .text._ZN5Uart0D0Ev:00000000 $t
C:\Users\Montoya\AppData\Local\Temp\ccK4KRSM.s:77     .text._ZN5Uart0D0Ev:00000000 _ZN5Uart0D0Ev
C:\Users\Montoya\AppData\Local\Temp\ccK4KRSM.s:90     .text._ZN5Uart0D0Ev:00000010 $d
C:\Users\Montoya\AppData\Local\Temp\ccK4KRSM.s:93     .text:00000000 $t
C:\Users\Montoya\AppData\Local\Temp\ccK4KRSM.s:98     .text:00000000 _ZN5Uart04initEjii
C:\Users\Montoya\AppData\Local\Temp\ccK4KRSM.s:131    .text:0000004c $d
C:\Users\Montoya\AppData\Local\Temp\ccK4KRSM.s:133    .text:00000050 $t
C:\Users\Montoya\AppData\Local\Temp\ccK4KRSM.s:138    .text:00000050 _ZN5Uart0C2Ev
C:\Users\Montoya\AppData\Local\Temp\ccK4KRSM.s:152    .text:00000064 $d
C:\Users\Montoya\AppData\Local\Temp\ccK4KRSM.s:246    .rodata._ZTV5Uart0:00000000 _ZTV5Uart0
C:\Users\Montoya\AppData\Local\Temp\ccK4KRSM.s:156    .text._ZN17SingletonTemplateI5Uart0E11getInstanceEv:00000000 $t
C:\Users\Montoya\AppData\Local\Temp\ccK4KRSM.s:161    .text._ZN17SingletonTemplateI5Uart0E11getInstanceEv:00000000 _ZN17SingletonTemplateI5Uart0E11getInstanceEv
C:\Users\Montoya\AppData\Local\Temp\ccK4KRSM.s:138    .text:00000050 _ZN5Uart0C1Ev
C:\Users\Montoya\AppData\Local\Temp\ccK4KRSM.s:179    .text._ZN17SingletonTemplateI5Uart0E11getInstanceEv:0000001c $d
C:\Users\Montoya\AppData\Local\Temp\ccK4KRSM.s:239    .bss._ZN17SingletonTemplateI5Uart0E19mpSingletonInstanceE:00000000 _ZN17SingletonTemplateI5Uart0E19mpSingletonInstanceE
C:\Users\Montoya\AppData\Local\Temp\ccK4KRSM.s:182    .text:0000006c $t
C:\Users\Montoya\AppData\Local\Temp\ccK4KRSM.s:187    .text:0000006c _ZN5Uart017putcharIntrDrivenEc
C:\Users\Montoya\AppData\Local\Temp\ccK4KRSM.s:205    .text:00000082 _ZN5Uart017getcharIntrDrivenEc
C:\Users\Montoya\AppData\Local\Temp\ccK4KRSM.s:226    .text:000000a2 UART0_IRQHandler
C:\Users\Montoya\AppData\Local\Temp\ccK4KRSM.s:236    .bss._ZN17SingletonTemplateI5Uart0E19mpSingletonInstanceE:00000000 $d
C:\Users\Montoya\AppData\Local\Temp\ccK4KRSM.s:243    .rodata._ZTV5Uart0:00000000 $d
C:\Users\Montoya\AppData\Local\Temp\ccK4KRSM.s:38     .text._ZN5Uart0D2Ev:00000000 _ZN5Uart0D1Ev
C:\Users\Montoya\AppData\Local\Temp\ccK4KRSM.s:255    .rodata._ZTV9UartIface:00000000 $d
C:\Users\Montoya\AppData\Local\Temp\ccK4KRSM.s:20     .text._ZN9UartIfaceD2Ev:00000000 _ZN9UartIfaceD1Ev
                           .group:00000000 _ZN9UartIfaceD5Ev
                           .group:00000000 _ZN5Uart0D5Ev

UNDEFINED SYMBOLS
_ZdlPv
getCpuClock
_ZN9UART_Base4initEjjii
_ZN9UART_BaseC2EPj
_Znwj
_ZN9UART_Base15handleInterruptEv
_ZNK9UART_Base7getCharEPcj
_ZN9UART_Base7putCharEcj
__cxa_pure_virtual
