   1              		.syntax unified
   2              		.cpu cortex-m3
   3              		.fpu softvfp
   4              		.eabi_attribute 20, 1
   5              		.eabi_attribute 21, 1
   6              		.eabi_attribute 23, 3
   7              		.eabi_attribute 24, 1
   8              		.eabi_attribute 25, 1
   9              		.eabi_attribute 26, 1
  10              		.eabi_attribute 30, 4
  11              		.eabi_attribute 18, 4
  12              		.thumb
  13              		.file	"high_level_init.cpp"
  14              		.section	.text.adc0_initialize,"axG",%progbits,adc0_initialize,comdat
  15              		.align	1
  16              		.weak	adc0_initialize
  17              		.thumb
  18              		.thumb_func
  20              	adc0_initialize:
  21              		@ args = 0, pretend = 0, frame = 0
  22              		@ frame_needed = 0, uses_anonymous_args = 0
  23 0000 08B5     		push	{r3, lr}
  24 0002 2B4B     		ldr	r3, .L19
  25 0004 4FF40011 		mov	r1, #2097152
  26 0008 D3F8C420 		ldr	r2, [r3, #196]
  27 000c 42F48052 		orr	r2, r2, #4096
  28 0010 C3F8C420 		str	r2, [r3, #196]
  29 0014 274A     		ldr	r2, .L19+4
  30 0016 1160     		str	r1, [r2, #0]
  31 0018 D3F8A821 		ldr	r2, [r3, #424]
  32 001c 22F04072 		bic	r2, r2, #50331648
  33 0020 C3F8A821 		str	r2, [r3, #424]
  34 0024 0728     		cmp	r0, #7
  35 0026 2FD8     		bhi	.L2
  36 0028 DFE800F0 		tbb	[pc, r0]
  37              	.L11:
  38 002c 04       		.byte	(.L3-.L11)/2
  39 002d 09       		.byte	(.L4-.L11)/2
  40 002e 0F       		.byte	(.L5-.L11)/2
  41 002f 14       		.byte	(.L6-.L11)/2
  42 0030 19       		.byte	(.L7-.L11)/2
  43 0031 1E       		.byte	(.L8-.L11)/2
  44 0032 24       		.byte	(.L9-.L11)/2
  45 0033 29       		.byte	(.L10-.L11)/2
  46              		.align	1
  47              	.L3:
  48 0034 204B     		ldr	r3, .L19+8
  49 0036 5A68     		ldr	r2, [r3, #4]
  50 0038 42F48042 		orr	r2, r2, #16384
  51 003c 03E0     		b	.L16
  52              	.L4:
  53 003e 1E4B     		ldr	r3, .L19+8
  54 0040 5A68     		ldr	r2, [r3, #4]
  55 0042 42F48032 		orr	r2, r2, #65536
  56              	.L16:
  57 0046 5A60     		str	r2, [r3, #4]
  58 0048 1EE0     		b	.L2
  59              	.L5:
  60 004a 1B4B     		ldr	r3, .L19+8
  61 004c 5A68     		ldr	r2, [r3, #4]
  62 004e 42F48022 		orr	r2, r2, #262144
  63 0052 F8E7     		b	.L16
  64              	.L6:
  65 0054 184B     		ldr	r3, .L19+8
  66 0056 5A68     		ldr	r2, [r3, #4]
  67 0058 42F48012 		orr	r2, r2, #1048576
  68 005c F3E7     		b	.L16
  69              	.L7:
  70 005e 164B     		ldr	r3, .L19+8
  71 0060 DA68     		ldr	r2, [r3, #12]
  72 0062 42F04052 		orr	r2, r2, #805306368
  73 0066 03E0     		b	.L18
  74              	.L8:
  75 0068 134B     		ldr	r3, .L19+8
  76 006a DA68     		ldr	r2, [r3, #12]
  77 006c 42F04042 		orr	r2, r2, #-1073741824
  78              	.L18:
  79 0070 DA60     		str	r2, [r3, #12]
  80 0072 09E0     		b	.L2
  81              	.L9:
  82 0074 104B     		ldr	r3, .L19+8
  83 0076 1A68     		ldr	r2, [r3, #0]
  84 0078 42F08002 		orr	r2, r2, #128
  85 007c 03E0     		b	.L17
  86              	.L10:
  87 007e 0E4B     		ldr	r3, .L19+8
  88 0080 1A68     		ldr	r2, [r3, #0]
  89 0082 42F02002 		orr	r2, r2, #32
  90              	.L17:
  91 0086 1A60     		str	r2, [r3, #0]
  92              	.L2:
  93 0088 FFF7FEFF 		bl	getCpuClock
  94 008c 0B4A     		ldr	r2, .L19+12
  95 008e 8008     		lsrs	r0, r0, #2
  96 0090 0023     		movs	r3, #0
  97              	.L14:
  98 0092 B0FBF3F1 		udiv	r1, r0, r3
  99 0096 9142     		cmp	r1, r2
 100 0098 05D8     		bhi	.L12
 101 009a 064A     		ldr	r2, .L19+4
 102 009c 1168     		ldr	r1, [r2, #0]
 103 009e 41EA0323 		orr	r3, r1, r3, lsl #8
 104 00a2 1360     		str	r3, [r2, #0]
 105 00a4 08BD     		pop	{r3, pc}
 106              	.L12:
 107 00a6 0233     		adds	r3, r3, #2
 108 00a8 B3F5807F 		cmp	r3, #256
 109 00ac F1D1     		bne	.L14
 110 00ae 08BD     		pop	{r3, pc}
 111              	.L20:
 112              		.align	2
 113              	.L19:
 114 00b0 00C00F40 		.word	1074774016
 115 00b4 00400340 		.word	1073954816
 116 00b8 00C00240 		.word	1073922048
 117 00bc FF1AB700 		.word	11999999
 119              		.section	.text._ZN7Storage13getFlashDriveEv,"axG",%progbits,_ZN7Storage13getFlashDriveEv,comdat
 120              		.align	1
 121              		.weak	_ZN7Storage13getFlashDriveEv
 122              		.thumb
 123              		.thumb_func
 125              	_ZN7Storage13getFlashDriveEv:
 126              		@ args = 0, pretend = 0, frame = 0
 127              		@ frame_needed = 0, uses_anonymous_args = 0
 128 0000 38B5     		push	{r3, r4, r5, lr}
 129 0002 0F4C     		ldr	r4, .L24
 130 0004 2568     		ldr	r5, [r4, #0]
 131 0006 15F00105 		ands	r5, r5, #1
 132 000a 16D1     		bne	.L22
 133 000c 2046     		mov	r0, r4
 134 000e FFF7FEFF 		bl	__cxa_guard_acquire
 135 0012 90B1     		cbz	r0, .L22
 136 0014 4FF40E70 		mov	r0, #568
 137 0018 FFF7FEFF 		bl	_Znwj
 138 001c 3023     		movs	r3, #48
 139 001e 80F83532 		strb	r3, [r0, #565]
 140 0022 3A23     		movs	r3, #58
 141 0024 80F83632 		strb	r3, [r0, #566]
 142 0028 064B     		ldr	r3, .L24+4
 143 002a 80F83452 		strb	r5, [r0, #564]
 144 002e 80F83752 		strb	r5, [r0, #567]
 145 0032 1860     		str	r0, [r3, #0]
 146 0034 2046     		mov	r0, r4
 147 0036 FFF7FEFF 		bl	__cxa_guard_release
 148              	.L22:
 149 003a 024B     		ldr	r3, .L24+4
 150 003c 1868     		ldr	r0, [r3, #0]
 151 003e 38BD     		pop	{r3, r4, r5, pc}
 152              	.L25:
 153              		.align	2
 154              	.L24:
 155 0040 00000000 		.word	_ZGVZN7Storage13getFlashDriveEvE11pFlashDrive
 156 0044 00000000 		.word	_ZZN7Storage13getFlashDriveEvE11pFlashDrive
 158              		.text
 159              		.align	1
 160              		.global	_Z9printLinev
 161              		.thumb
 162              		.thumb_func
 164              	_Z9printLinev:
 165              		@ args = 0, pretend = 0, frame = 0
 166              		@ frame_needed = 0, uses_anonymous_args = 0
 167              		@ link register save eliminated.
 168 0000 0148     		ldr	r0, .L27
 169 0002 FFF7FEBF 		b	puts
 170              	.L28:
 171 0006 00BF     		.align	2
 172              	.L27:
 173 0008 00000000 		.word	.LC0
 175              		.align	1
 176              		.global	_Z12mountStorageR16FileSystemObjectPKc
 177              		.thumb
 178              		.thumb_func
 180              	_Z12mountStorageR16FileSystemObjectPKc:
 181              		@ args = 0, pretend = 0, frame = 8
 182              		@ frame_needed = 0, uses_anonymous_args = 0
 183 000c 37B5     		push	{r0, r1, r2, r4, r5, lr}
 184 000e 0546     		mov	r5, r0
 185 0010 90F83402 		ldrb	r0, [r0, #564]	@ zero_extendqisi2
 186 0014 0C46     		mov	r4, r1
 187 0016 FFF7FEFF 		bl	disk_initialize
 188 001a 0028     		cmp	r0, #0
 189 001c 25D1     		bne	.L30
 190 001e 95F83402 		ldrb	r0, [r5, #564]	@ zero_extendqisi2
 191 0022 2946     		mov	r1, r5
 192 0024 FFF7FEFF 		bl	f_mount
 193 0028 F8B9     		cbnz	r0, .L30
 194 002a 02A9     		add	r1, sp, #8
 195 002c 05F50C75 		add	r5, r5, #560
 196 0030 41F8040D 		str	r0, [r1, #-4]!
 197 0034 6A46     		mov	r2, sp
 198 0036 681D     		adds	r0, r5, #5
 199 0038 FFF7FEFF 		bl	f_getfree
 200 003c A8B9     		cbnz	r0, .L30
 201 003e 009A     		ldr	r2, [sp, #0]
 202 0040 0199     		ldr	r1, [sp, #4]
 203 0042 D069     		ldr	r0, [r2, #28]
 204 0044 9578     		ldrb	r5, [r2, #2]	@ zero_extendqisi2
 205 0046 0238     		subs	r0, r0, #2
 206 0048 6843     		muls	r0, r5, r0
 207 004a 6943     		muls	r1, r5, r1
 208 004c 4208     		lsrs	r2, r0, #1
 209 004e 4B08     		lsrs	r3, r1, #1
 210 0050 B2F57A7F 		cmp	r2, #1000
 211 0054 38BF     		it	cc
 212 0056 0848     		ldrcc	r0, .L34
 213 0058 02D3     		bcc	.L33
 214 005a C20A     		lsrs	r2, r0, #11
 215 005c 0748     		ldr	r0, .L34+4
 216 005e CB0A     		lsrs	r3, r1, #11
 217              	.L33:
 218 0060 2146     		mov	r1, r4
 219 0062 FFF7FEFF 		bl	printf
 220 0066 0120     		movs	r0, #1
 221              	.L32:
 222 0068 3EBD     		pop	{r1, r2, r3, r4, r5, pc}
 223              	.L30:
 224 006a 0548     		ldr	r0, .L34+8
 225 006c 2146     		mov	r1, r4
 226 006e FFF7FEFF 		bl	printf
 227 0072 0020     		movs	r0, #0
 228 0074 F8E7     		b	.L32
 229              	.L35:
 230 0076 00BF     		.align	2
 231              	.L34:
 232 0078 2B000000 		.word	.LC1
 233 007c 59000000 		.word	.LC2
 234 0080 87000000 		.word	.LC3
 236              		.align	1
 237              		.global	_Z19copyLogFileToSDCardv
 238              		.thumb
 239              		.thumb_func
 241              	_Z19copyLogFileToSDCardv:
 242              		@ args = 0, pretend = 0, frame = 8
 243              		@ frame_needed = 0, uses_anonymous_args = 0
 244 0084 1FB5     		push	{r0, r1, r2, r3, r4, lr}
 245 0086 0E4B     		ldr	r3, .L40
 246 0088 04AC     		add	r4, sp, #16
 247 008a 0393     		str	r3, [sp, #12]
 248 008c 0D49     		ldr	r1, .L40+4
 249 008e 3123     		movs	r3, #49
 250 0090 0D48     		ldr	r0, .L40+8
 251 0092 04F8043D 		strb	r3, [r4, #-4]!
 252 0096 FFF7FEFF 		bl	printf
 253 009a 0022     		movs	r2, #0
 254 009c 0948     		ldr	r0, .L40+4
 255 009e 2146     		mov	r1, r4
 256 00a0 1346     		mov	r3, r2
 257 00a2 0092     		str	r2, [sp, #0]
 258 00a4 FFF7FEFF 		bl	_ZN7Storage4copyEPKcS1_PjS2_S2_
 259 00a8 30B1     		cbz	r0, .L38
 260 00aa 084B     		ldr	r3, .L40+12
 261 00ac 084A     		ldr	r2, .L40+16
 262 00ae 0428     		cmp	r0, #4
 263 00b0 14BF     		ite	ne
 264 00b2 1046     		movne	r0, r2
 265 00b4 1846     		moveq	r0, r3
 266 00b6 00E0     		b	.L37
 267              	.L38:
 268 00b8 0648     		ldr	r0, .L40+20
 269              	.L37:
 270 00ba FFF7FEFF 		bl	puts
 271 00be 1FBD     		pop	{r0, r1, r2, r3, r4, pc}
 272              	.L41:
 273              		.align	2
 274              	.L40:
 275 00c0 6C6F6700 		.word	6778732
 276 00c4 D4000000 		.word	.LC8
 277 00c8 B9000000 		.word	.LC7
 278 00cc AF000000 		.word	.LC6
 279 00d0 A2000000 		.word	.LC4
 280 00d4 A9000000 		.word	.LC5
 282              		.align	1
 283              		.global	_Z17initializeBoardIOv
 284              		.thumb
 285              		.thumb_func
 287              	_Z17initializeBoardIOv:
 288              		@ args = 0, pretend = 0, frame = 0
 289              		@ frame_needed = 0, uses_anonymous_args = 0
 290 00d8 38B5     		push	{r3, r4, r5, lr}
 291 00da 114C     		ldr	r4, .L52
 292 00dc 2368     		ldr	r3, [r4, #0]
 293 00de 1BB9     		cbnz	r3, .L43
 294 00e0 0120     		movs	r0, #1
 295 00e2 FFF7FEFF 		bl	_Znwj
 296 00e6 2060     		str	r0, [r4, #0]
 297              	.L43:
 298 00e8 2068     		ldr	r0, [r4, #0]
 299 00ea FFF7FEFF 		bl	_ZN12Photo_Sensor4initEv
 300 00ee 0446     		mov	r4, r0
 301 00f0 18B9     		cbnz	r0, .L51
 302 00f2 0C48     		ldr	r0, .L52+4
 303 00f4 FFF7FEFF 		bl	puts
 304 00f8 00E0     		b	.L46
 305              	.L51:
 306 00fa 0124     		movs	r4, #1
 307              	.L46:
 308 00fc 0A4D     		ldr	r5, .L52+8
 309 00fe 2B68     		ldr	r3, [r5, #0]
 310 0100 1BB9     		cbnz	r3, .L47
 311 0102 0120     		movs	r0, #1
 312 0104 FFF7FEFF 		bl	_Znwj
 313 0108 2860     		str	r0, [r5, #0]
 314              	.L47:
 315 010a 2868     		ldr	r0, [r5, #0]
 316 010c FFF7FEFF 		bl	_ZN11Servo_Motor4initEv
 317 0110 0546     		mov	r5, r0
 318 0112 18B9     		cbnz	r0, .L50
 319 0114 0548     		ldr	r0, .L52+12
 320 0116 FFF7FEFF 		bl	puts
 321 011a 2C46     		mov	r4, r5
 322              	.L50:
 323 011c 2046     		mov	r0, r4
 324 011e 38BD     		pop	{r3, r4, r5, pc}
 325              	.L53:
 326              		.align	2
 327              	.L52:
 328 0120 00000000 		.word	_ZN17SingletonTemplateI12Photo_SensorE19mpSingletonInstanceE
 329 0124 D8000000 		.word	.LC9
 330 0128 00000000 		.word	_ZN17SingletonTemplateI11Servo_MotorE19mpSingletonInstanceE
 331 012c F4000000 		.word	.LC10
 333              		.section	.text._ZN17SingletonTemplateI4I2C2E11getInstanceEv,"axG",%progbits,_ZN17SingletonTemplate
 334              		.align	1
 335              		.weak	_ZN17SingletonTemplateI4I2C2E11getInstanceEv
 336              		.thumb
 337              		.thumb_func
 339              	_ZN17SingletonTemplateI4I2C2E11getInstanceEv:
 340              		@ args = 0, pretend = 0, frame = 0
 341              		@ frame_needed = 0, uses_anonymous_args = 0
 342 0000 38B5     		push	{r3, r4, r5, lr}
 343 0002 064C     		ldr	r4, .L56
 344 0004 2368     		ldr	r3, [r4, #0]
 345 0006 33B9     		cbnz	r3, .L55
 346 0008 1C20     		movs	r0, #28
 347 000a FFF7FEFF 		bl	_Znwj
 348 000e 0546     		mov	r5, r0
 349 0010 FFF7FEFF 		bl	_ZN4I2C2C1Ev
 350 0014 2560     		str	r5, [r4, #0]
 351              	.L55:
 352 0016 2068     		ldr	r0, [r4, #0]
 353 0018 38BD     		pop	{r3, r4, r5, pc}
 354              	.L57:
 355 001a 00BF     		.align	2
 356              	.L56:
 357 001c 00000000 		.word	_ZN17SingletonTemplateI4I2C2E19mpSingletonInstanceE
 359              		.text
 360              		.align	1
 361              		.global	_Z25discoverExternalDevsOnI2Cv
 362              		.thumb
 363              		.thumb_func
 365              	_Z25discoverExternalDevsOnI2Cv:
 366              		@ args = 0, pretend = 0, frame = 0
 367              		@ frame_needed = 0, uses_anonymous_args = 0
 368 0130 38B5     		push	{r3, r4, r5, lr}
 369 0132 0224     		movs	r4, #2
 370 0134 0025     		movs	r5, #0
 371              	.L60:
 372 0136 FFF7FEFF 		bl	_ZN17SingletonTemplateI4I2C2E11getInstanceEv
 373 013a E1B2     		uxtb	r1, r4
 374 013c FFF7FEFF 		bl	_ZN8I2C_Base15isDevicePresentEc
 375 0140 80B1     		cbz	r0, .L59
 376 0142 B4F13803 		subs	r3, r4, #56
 377 0146 18BF     		it	ne
 378 0148 0123     		movne	r3, #1
 379 014a 402C     		cmp	r4, #64
 380 014c 0CBF     		ite	eq
 381 014e 0023     		moveq	r3, #0
 382 0150 03F00103 		andne	r3, r3, #1
 383 0154 33B1     		cbz	r3, .L59
 384 0156 902C     		cmp	r4, #144
 385 0158 04D0     		beq	.L59
 386 015a 0548     		ldr	r0, .L62
 387 015c 2146     		mov	r1, r4
 388 015e FFF7FEFF 		bl	printf
 389 0162 0125     		movs	r5, #1
 390              	.L59:
 391 0164 0234     		adds	r4, r4, #2
 392 0166 B4F5807F 		cmp	r4, #256
 393 016a E4D1     		bne	.L60
 394 016c 2846     		mov	r0, r5
 395 016e 38BD     		pop	{r3, r4, r5, pc}
 396              	.L63:
 397              		.align	2
 398              	.L62:
 399 0170 0D010000 		.word	.LC11
 401              		.align	1
 402              		.global	_Z19highLevelInitializev
 403              		.thumb
 404              		.thumb_func
 406              	_Z19highLevelInitializev:
 407              		@ args = 0, pretend = 0, frame = 512
 408              		@ frame_needed = 0, uses_anonymous_args = 0
 409 0174 70B5     		push	{r4, r5, r6, lr}
 410 0176 ADF5007D 		sub	sp, sp, #512
 411 017a FFF7FEFF 		bl	_Z9printLinev
 412 017e FFF7FEFF 		bl	sd_initializeCardSignals
 413 0182 FFF7FEFF 		bl	flash_InitializeSignals
 414 0186 FFF7FEFF 		bl	vConfigureTimerForRunTimeStats
 415 018a 4FF4FA60 		mov	r0, #2000
 416 018e FFF7FEFF 		bl	delay_ms
 417 0192 FFF7FEFF 		bl	getCpuClock
 418 0196 574B     		ldr	r3, .L79
 419 0198 B0FBF3F1 		udiv	r1, r0, r3
 420 019c 03FB1102 		mls	r2, r3, r1, r0
 421 01a0 5548     		ldr	r0, .L79+4
 422 01a2 FFF7FEFF 		bl	printf
 423 01a6 FFF7FEFF 		bl	getRebootCause
 424 01aa 0428     		cmp	r0, #4
 425 01ac 0DD1     		bne	.L65
 426 01ae FFF7FEFF 		bl	_Z9printLinev
 427 01b2 5248     		ldr	r0, .L79+8
 428 01b4 FFF7FEFF 		bl	puts
 429 01b8 514B     		ldr	r3, .L79+12
 430 01ba 5248     		ldr	r0, .L79+16
 431 01bc D96C     		ldr	r1, [r3, #76]
 432 01be 1A6D     		ldr	r2, [r3, #80]
 433 01c0 5B6D     		ldr	r3, [r3, #84]
 434 01c2 FFF7FEFF 		bl	printf
 435 01c6 FFF7FEFF 		bl	_Z9printLinev
 436              	.L65:
 437 01ca FFF7FEFF 		bl	rtc_initialize
 438 01ce 0220     		movs	r0, #2
 439 01d0 FFF7FEFF 		bl	adc0_initialize
 440 01d4 FFF7FEFF 		bl	spi1_Init
 441 01d8 FFF7FEFF 		bl	_ZN17SingletonTemplateI4I2C2E11getInstanceEv
 442 01dc 6421     		movs	r1, #100
 443 01de FFF7FEFF 		bl	_ZN4I2C24initEj
 444 01e2 10B9     		cbnz	r0, .L66
 445 01e4 4848     		ldr	r0, .L79+20
 446 01e6 FFF7FEFF 		bl	puts
 447              	.L66:
 448 01ea 0A21     		movs	r1, #10
 449 01ec 4748     		ldr	r0, .L79+24
 450 01ee FFF7FEFF 		bl	rit_setup_callback
 451 01f2 FFF7FEFF 		bl	getHandles
 452 01f6 FFF7FEFF 		bl	diskio_initializeSPIMutex
 453 01fa FFF7FEFF 		bl	_ZN7Storage13getFlashDriveEv
 454 01fe 4449     		ldr	r1, .L79+28
 455 0200 FFF7FEFF 		bl	_Z12mountStorageR16FileSystemObjectPKc
 456 0204 0446     		mov	r4, r0
 457 0206 C0B9     		cbnz	r0, .L67
 458 0208 4248     		ldr	r0, .L79+32
 459 020a FFF7FEFF 		bl	printf
 460 020e FFF7FEFF 		bl	_ZN7Storage13getFlashDriveEv
 461 0212 2146     		mov	r1, r4
 462 0214 2246     		mov	r2, r4
 463 0216 90F83402 		ldrb	r0, [r0, #564]	@ zero_extendqisi2
 464 021a FFF7FEFF 		bl	f_mkfs
 465 021e 3E4B     		ldr	r3, .L79+36
 466 0220 3E4A     		ldr	r2, .L79+40
 467 0222 0028     		cmp	r0, #0
 468 0224 14BF     		ite	ne
 469 0226 1046     		movne	r0, r2
 470 0228 1846     		moveq	r0, r3
 471 022a FFF7FEFF 		bl	puts
 472 022e FFF7FEFF 		bl	_ZN7Storage13getFlashDriveEv
 473 0232 3749     		ldr	r1, .L79+28
 474 0234 FFF7FEFF 		bl	_Z12mountStorageR16FileSystemObjectPKc
 475 0238 0446     		mov	r4, r0
 476              	.L67:
 477 023a 394D     		ldr	r5, .L79+44
 478 023c 2E68     		ldr	r6, [r5, #0]
 479 023e 16F00106 		ands	r6, r6, #1
 480 0242 17D1     		bne	.L69
 481 0244 2846     		mov	r0, r5
 482 0246 FFF7FEFF 		bl	__cxa_guard_acquire
 483 024a 98B1     		cbz	r0, .L69
 484 024c 4FF40E70 		mov	r0, #568
 485 0250 FFF7FEFF 		bl	_Znwj
 486 0254 0123     		movs	r3, #1
 487 0256 80F83432 		strb	r3, [r0, #564]
 488 025a 3123     		movs	r3, #49
 489 025c 80F83532 		strb	r3, [r0, #565]
 490 0260 3A23     		movs	r3, #58
 491 0262 80F83632 		strb	r3, [r0, #566]
 492 0266 2F4B     		ldr	r3, .L79+48
 493 0268 80F83762 		strb	r6, [r0, #567]
 494 026c 1860     		str	r0, [r3, #0]
 495 026e 2846     		mov	r0, r5
 496 0270 FFF7FEFF 		bl	__cxa_guard_release
 497              	.L69:
 498 0274 2B4B     		ldr	r3, .L79+48
 499 0276 2C49     		ldr	r1, .L79+52
 500 0278 1868     		ldr	r0, [r3, #0]
 501 027a FFF7FEFF 		bl	_Z12mountStorageR16FileSystemObjectPKc
 502 027e 14B1     		cbz	r4, .L71
 503 0280 08B1     		cbz	r0, .L71
 504 0282 FFF7FEFF 		bl	_Z19copyLogFileToSDCardv
 505              	.L71:
 506 0286 1820     		movs	r0, #24
 507 0288 FFF7FEFF 		bl	spi1_SetMaxClockMhz
 508 028c FFF7FEFF 		bl	_Z9printLinev
 509 0290 FFF7FEFF 		bl	_Z25discoverExternalDevsOnI2Cv
 510 0294 08B1     		cbz	r0, .L72
 511 0296 FFF7FEFF 		bl	_Z9printLinev
 512              	.L72:
 513 029a FFF7FEFF 		bl	_Z17initializeBoardIOv
 514 029e 08B9     		cbnz	r0, .L73
 515 02a0 FFF7FEFF 		bl	_Z9printLinev
 516              	.L73:
 517 02a4 6846     		mov	r0, sp
 518 02a6 214D     		ldr	r5, .L79+56
 519 02a8 FFF7FEFF 		bl	printMemoryInfo
 520 02ac 6846     		mov	r0, sp
 521 02ae FFF7FEFF 		bl	puts
 522 02b2 FFF7FEFF 		bl	_Z9printLinev
 523 02b6 2B68     		ldr	r3, [r5, #0]
 524 02b8 4BB9     		cbnz	r3, .L74
 525 02ba 0820     		movs	r0, #8
 526 02bc FFF7FEFF 		bl	_Znwj
 527 02c0 0446     		mov	r4, r0
 528 02c2 FFF7FEFF 		bl	_ZN17SingletonTemplateI4I2C2E11getInstanceEv
 529 02c6 4023     		movs	r3, #64
 530 02c8 2060     		str	r0, [r4, #0]
 531 02ca 2371     		strb	r3, [r4, #4]
 532 02cc 2C60     		str	r4, [r5, #0]
 533              	.L74:
 534 02ce 174B     		ldr	r3, .L79+56
 535 02d0 1C68     		ldr	r4, [r3, #0]
 536 02d2 FFF7FEFF 		bl	getCpuClock
 537 02d6 074B     		ldr	r3, .L79
 538 02d8 B0FBF3F1 		udiv	r1, r0, r3
 539 02dc C9B2     		uxtb	r1, r1
 540 02de 2046     		mov	r0, r4
 541 02e0 FFF7FEFF 		bl	_ZN11LED_Display9setNumberEc
 542 02e4 1248     		ldr	r0, .L79+60
 543 02e6 FFF7FEFF 		bl	puts
 544 02ea FFF7FEFF 		bl	_Z9printLinev
 545 02ee 0DF5007D 		add	sp, sp, #512
 546 02f2 70BD     		pop	{r4, r5, r6, pc}
 547              	.L80:
 548              		.align	2
 549              	.L79:
 550 02f4 40420F00 		.word	1000000
 551 02f8 3B010000 		.word	.LC14
 552 02fc 55010000 		.word	.LC15
 553 0300 00400240 		.word	1073889280
 554 0304 82010000 		.word	.LC16
 555 0308 A9010000 		.word	.LC17
 556 030c 00000000 		.word	sd_timerproc
 557 0310 DD010000 		.word	.LC18
 558 0314 E5010000 		.word	.LC19
 559 0318 30010000 		.word	.LC12
 560 031c 35010000 		.word	.LC13
 561 0320 00000000 		.word	_ZGVZN7Storage10getSDDriveEvE12pSDCardDrive
 562 0324 00000000 		.word	_ZZN7Storage10getSDDriveEvE12pSDCardDrive
 563 0328 0E020000 		.word	.LC20
 564 032c 00000000 		.word	_ZN17SingletonTemplateI11LED_DisplayE19mpSingletonInstanceE
 565 0330 16020000 		.word	.LC21
 567              		.weak	_ZGVZN7Storage10getSDDriveEvE12pSDCardDrive
 568              		.section	.bss._ZGVZN7Storage10getSDDriveEvE12pSDCardDrive,"awG",%nobits,_ZGVZN7Storage10getSDDrive
 569              		.align	2
 572              	_ZGVZN7Storage10getSDDriveEvE12pSDCardDrive:
 573 0000 00000000 		.space	4
 574              		.weak	_ZZN7Storage10getSDDriveEvE12pSDCardDrive
 575              		.section	.bss._ZZN7Storage10getSDDriveEvE12pSDCardDrive,"awG",%nobits,_ZZN7Storage10getSDDriveEvE1
 576              		.align	2
 579              	_ZZN7Storage10getSDDriveEvE12pSDCardDrive:
 580 0000 00000000 		.space	4
 581              		.weak	_ZN17SingletonTemplateI11LED_DisplayE19mpSingletonInstanceE
 582              		.section	.bss._ZN17SingletonTemplateI11LED_DisplayE19mpSingletonInstanceE,"awG",%nobits,_ZN17Singl
 583              		.align	2
 586              	_ZN17SingletonTemplateI11LED_DisplayE19mpSingletonInstanceE:
 587 0000 00000000 		.space	4
 588              		.weak	_ZGVZN7Storage13getFlashDriveEvE11pFlashDrive
 589              		.section	.bss._ZGVZN7Storage13getFlashDriveEvE11pFlashDrive,"awG",%nobits,_ZGVZN7Storage13getFlash
 590              		.align	2
 593              	_ZGVZN7Storage13getFlashDriveEvE11pFlashDrive:
 594 0000 00000000 		.space	4
 595              		.weak	_ZZN7Storage13getFlashDriveEvE11pFlashDrive
 596              		.section	.bss._ZZN7Storage13getFlashDriveEvE11pFlashDrive,"awG",%nobits,_ZZN7Storage13getFlashDriv
 597              		.align	2
 600              	_ZZN7Storage13getFlashDriveEvE11pFlashDrive:
 601 0000 00000000 		.space	4
 602              		.weak	_ZN17SingletonTemplateI4I2C2E19mpSingletonInstanceE
 603              		.section	.bss._ZN17SingletonTemplateI4I2C2E19mpSingletonInstanceE,"awG",%nobits,_ZN17SingletonTemp
 604              		.align	2
 607              	_ZN17SingletonTemplateI4I2C2E19mpSingletonInstanceE:
 608 0000 00000000 		.space	4
 609              		.weak	_ZN17SingletonTemplateI12Photo_SensorE19mpSingletonInstanceE
 610              		.section	.bss._ZN17SingletonTemplateI12Photo_SensorE19mpSingletonInstanceE,"awG",%nobits,_ZN17Sing
 611              		.align	2
 614              	_ZN17SingletonTemplateI12Photo_SensorE19mpSingletonInstanceE:
 615 0000 00000000 		.space	4
 616              		.weak	_ZN17SingletonTemplateI11Servo_MotorE19mpSingletonInstanceE
 617              		.section	.bss._ZN17SingletonTemplateI11Servo_MotorE19mpSingletonInstanceE,"awG",%nobits,_ZN17Singl
 618              		.align	2
 621              	_ZN17SingletonTemplateI11Servo_MotorE19mpSingletonInstanceE:
 622 0000 00000000 		.space	4
 623              		.section	.rodata.str1.1,"aMS",%progbits,1
 624              	.LC0:
 625 0000 2D2D2D2D 		.ascii	"------------------------------------------\000"
 625      2D2D2D2D 
 625      2D2D2D2D 
 625      2D2D2D2D 
 625      2D2D2D2D 
 626              	.LC1:
 627 002b 25733A20 		.ascii	"%s: OK -- Capacity %-5uKB, Available: %-5uKB\012\000"
 627      4F4B202D 
 627      2D204361 
 627      70616369 
 627      74792025 
 628              	.LC2:
 629 0059 25733A20 		.ascii	"%s: OK -- Capacity %-5uMB, Available: %-5uMB\012\000"
 629      4F4B202D 
 629      2D204361 
 629      70616369 
 629      74792025 
 630              	.LC3:
 631 0087 25733A20 		.ascii	"%s: Error or not present.\012\000"
 631      4572726F 
 631      72206F72 
 631      206E6F74 
 631      20707265 
 632              	.LC4:
 633 00a2 4552524F 		.ascii	"ERROR!\000"
 633      522100
 634              	.LC5:
 635 00a9 446F6E65 		.ascii	"Done!\000"
 635      2100
 636              	.LC6:
 637 00af 4E6F7420 		.ascii	"Not found\000"
 637      666F756E 
 637      6400
 638              	.LC7:
 639 00b9 436F7079 		.ascii	"Copying %s to SD Card ... \000"
 639      696E6720 
 639      25732074 
 639      6F205344 
 639      20436172 
 640              	.LC8:
 641 00d4 6C6F6700 		.ascii	"log\000"
 642              	.LC9:
 643 00d8 50686F74 		.ascii	"Photo resistor Sensor Error\000"
 643      6F207265 
 643      73697374 
 643      6F722053 
 643      656E736F 
 644              	.LC10:
 645 00f4 50756C73 		.ascii	"Pulse Width Module Error\000"
 645      65205769 
 645      64746820 
 645      4D6F6475 
 645      6C652045 
 646              	.LC11:
 647 010d 466F756E 		.ascii	"Found External I2C Device: 0x%02X\012\000"
 647      64204578 
 647      7465726E 
 647      616C2049 
 647      32432044 
 648              	.LC12:
 649 0130 446F6E65 		.ascii	"Done\000"
 649      00
 650              	.LC13:
 651 0135 4572726F 		.ascii	"Error\000"
 651      7200
 652              	.LC14:
 653 013b 0A537973 		.ascii	"\012System Boot @ %u.%u Mhz\012\000"
 653      74656D20 
 653      426F6F74 
 653      20402025 
 653      752E2575 
 654              	.LC15:
 655 0155 53797374 		.ascii	"System rebooted after crash.  Relevant info:\000"
 655      656D2072 
 655      65626F6F 
 655      74656420 
 655      61667465 
 656              	.LC16:
 657 0182 50433A20 		.ascii	"PC: 0x%08X.  LR: 0x%08X.  PSR: 0x%08X\012\000"
 657      30782530 
 657      38582E20 
 657      204C523A 
 657      20307825 
 658              	.LC17:
 659 01a9 49324320 		.ascii	"I2C #2 : ERROR!  Possible short on SDA or SCL wire!"
 659      2332203A 
 659      20455252 
 659      4F522120 
 659      20506F73 
 660 01dc 00       		.ascii	"\000"
 661              	.LC18:
 662 01dd 20466C61 		.ascii	" Flash \000"
 662      73682000 
 663              	.LC19:
 664 01e5 464C4153 		.ascii	"FLASH not formatted, formatting now ... \000"
 664      48206E6F 
 664      7420666F 
 664      726D6174 
 664      7465642C 
 665              	.LC20:
 666 020e 53442043 		.ascii	"SD Card\000"
 666      61726400 
 667              	.LC21:
 668 0216 43616C6C 		.ascii	"Calling your main()\000"
 668      696E6720 
 668      796F7572 
 668      206D6169 
 668      6E282900 
 669              		.ident	"GCC: (GNU) 4.6.2"
DEFINED SYMBOLS
                            *ABS*:00000000 high_level_init.cpp
C:\Users\Montoya\AppData\Local\Temp\ccRzP8PD.s:15     .text.adc0_initialize:00000000 $t
C:\Users\Montoya\AppData\Local\Temp\ccRzP8PD.s:20     .text.adc0_initialize:00000000 adc0_initialize
C:\Users\Montoya\AppData\Local\Temp\ccRzP8PD.s:38     .text.adc0_initialize:0000002c $d
C:\Users\Montoya\AppData\Local\Temp\ccRzP8PD.s:46     .text.adc0_initialize:00000034 $t
C:\Users\Montoya\AppData\Local\Temp\ccRzP8PD.s:114    .text.adc0_initialize:000000b0 $d
C:\Users\Montoya\AppData\Local\Temp\ccRzP8PD.s:120    .text._ZN7Storage13getFlashDriveEv:00000000 $t
C:\Users\Montoya\AppData\Local\Temp\ccRzP8PD.s:125    .text._ZN7Storage13getFlashDriveEv:00000000 _ZN7Storage13getFlashDriveEv
C:\Users\Montoya\AppData\Local\Temp\ccRzP8PD.s:155    .text._ZN7Storage13getFlashDriveEv:00000040 $d
C:\Users\Montoya\AppData\Local\Temp\ccRzP8PD.s:593    .bss._ZGVZN7Storage13getFlashDriveEvE11pFlashDrive:00000000 _ZGVZN7Storage13getFlashDriveEvE11pFlashDrive
C:\Users\Montoya\AppData\Local\Temp\ccRzP8PD.s:600    .bss._ZZN7Storage13getFlashDriveEvE11pFlashDrive:00000000 _ZZN7Storage13getFlashDriveEvE11pFlashDrive
C:\Users\Montoya\AppData\Local\Temp\ccRzP8PD.s:159    .text:00000000 $t
C:\Users\Montoya\AppData\Local\Temp\ccRzP8PD.s:164    .text:00000000 _Z9printLinev
C:\Users\Montoya\AppData\Local\Temp\ccRzP8PD.s:173    .text:00000008 $d
C:\Users\Montoya\AppData\Local\Temp\ccRzP8PD.s:175    .text:0000000c $t
C:\Users\Montoya\AppData\Local\Temp\ccRzP8PD.s:180    .text:0000000c _Z12mountStorageR16FileSystemObjectPKc
C:\Users\Montoya\AppData\Local\Temp\ccRzP8PD.s:232    .text:00000078 $d
C:\Users\Montoya\AppData\Local\Temp\ccRzP8PD.s:236    .text:00000084 $t
C:\Users\Montoya\AppData\Local\Temp\ccRzP8PD.s:241    .text:00000084 _Z19copyLogFileToSDCardv
C:\Users\Montoya\AppData\Local\Temp\ccRzP8PD.s:275    .text:000000c0 $d
C:\Users\Montoya\AppData\Local\Temp\ccRzP8PD.s:282    .text:000000d8 $t
C:\Users\Montoya\AppData\Local\Temp\ccRzP8PD.s:287    .text:000000d8 _Z17initializeBoardIOv
C:\Users\Montoya\AppData\Local\Temp\ccRzP8PD.s:328    .text:00000120 $d
C:\Users\Montoya\AppData\Local\Temp\ccRzP8PD.s:614    .bss._ZN17SingletonTemplateI12Photo_SensorE19mpSingletonInstanceE:00000000 _ZN17SingletonTemplateI12Photo_SensorE19mpSingletonInstanceE
C:\Users\Montoya\AppData\Local\Temp\ccRzP8PD.s:621    .bss._ZN17SingletonTemplateI11Servo_MotorE19mpSingletonInstanceE:00000000 _ZN17SingletonTemplateI11Servo_MotorE19mpSingletonInstanceE
C:\Users\Montoya\AppData\Local\Temp\ccRzP8PD.s:334    .text._ZN17SingletonTemplateI4I2C2E11getInstanceEv:00000000 $t
C:\Users\Montoya\AppData\Local\Temp\ccRzP8PD.s:339    .text._ZN17SingletonTemplateI4I2C2E11getInstanceEv:00000000 _ZN17SingletonTemplateI4I2C2E11getInstanceEv
C:\Users\Montoya\AppData\Local\Temp\ccRzP8PD.s:357    .text._ZN17SingletonTemplateI4I2C2E11getInstanceEv:0000001c $d
C:\Users\Montoya\AppData\Local\Temp\ccRzP8PD.s:607    .bss._ZN17SingletonTemplateI4I2C2E19mpSingletonInstanceE:00000000 _ZN17SingletonTemplateI4I2C2E19mpSingletonInstanceE
C:\Users\Montoya\AppData\Local\Temp\ccRzP8PD.s:360    .text:00000130 $t
C:\Users\Montoya\AppData\Local\Temp\ccRzP8PD.s:365    .text:00000130 _Z25discoverExternalDevsOnI2Cv
C:\Users\Montoya\AppData\Local\Temp\ccRzP8PD.s:399    .text:00000170 $d
C:\Users\Montoya\AppData\Local\Temp\ccRzP8PD.s:401    .text:00000174 $t
C:\Users\Montoya\AppData\Local\Temp\ccRzP8PD.s:406    .text:00000174 _Z19highLevelInitializev
C:\Users\Montoya\AppData\Local\Temp\ccRzP8PD.s:550    .text:000002f4 $d
C:\Users\Montoya\AppData\Local\Temp\ccRzP8PD.s:572    .bss._ZGVZN7Storage10getSDDriveEvE12pSDCardDrive:00000000 _ZGVZN7Storage10getSDDriveEvE12pSDCardDrive
C:\Users\Montoya\AppData\Local\Temp\ccRzP8PD.s:579    .bss._ZZN7Storage10getSDDriveEvE12pSDCardDrive:00000000 _ZZN7Storage10getSDDriveEvE12pSDCardDrive
C:\Users\Montoya\AppData\Local\Temp\ccRzP8PD.s:586    .bss._ZN17SingletonTemplateI11LED_DisplayE19mpSingletonInstanceE:00000000 _ZN17SingletonTemplateI11LED_DisplayE19mpSingletonInstanceE
C:\Users\Montoya\AppData\Local\Temp\ccRzP8PD.s:569    .bss._ZGVZN7Storage10getSDDriveEvE12pSDCardDrive:00000000 $d
C:\Users\Montoya\AppData\Local\Temp\ccRzP8PD.s:576    .bss._ZZN7Storage10getSDDriveEvE12pSDCardDrive:00000000 $d
C:\Users\Montoya\AppData\Local\Temp\ccRzP8PD.s:583    .bss._ZN17SingletonTemplateI11LED_DisplayE19mpSingletonInstanceE:00000000 $d
C:\Users\Montoya\AppData\Local\Temp\ccRzP8PD.s:590    .bss._ZGVZN7Storage13getFlashDriveEvE11pFlashDrive:00000000 $d
C:\Users\Montoya\AppData\Local\Temp\ccRzP8PD.s:597    .bss._ZZN7Storage13getFlashDriveEvE11pFlashDrive:00000000 $d
C:\Users\Montoya\AppData\Local\Temp\ccRzP8PD.s:604    .bss._ZN17SingletonTemplateI4I2C2E19mpSingletonInstanceE:00000000 $d
C:\Users\Montoya\AppData\Local\Temp\ccRzP8PD.s:611    .bss._ZN17SingletonTemplateI12Photo_SensorE19mpSingletonInstanceE:00000000 $d
C:\Users\Montoya\AppData\Local\Temp\ccRzP8PD.s:618    .bss._ZN17SingletonTemplateI11Servo_MotorE19mpSingletonInstanceE:00000000 $d

UNDEFINED SYMBOLS
getCpuClock
__cxa_guard_acquire
_Znwj
__cxa_guard_release
puts
disk_initialize
f_mount
f_getfree
printf
_ZN7Storage4copyEPKcS1_PjS2_S2_
_ZN12Photo_Sensor4initEv
_ZN11Servo_Motor4initEv
_ZN4I2C2C1Ev
_ZN8I2C_Base15isDevicePresentEc
sd_initializeCardSignals
flash_InitializeSignals
vConfigureTimerForRunTimeStats
delay_ms
getRebootCause
rtc_initialize
spi1_Init
_ZN4I2C24initEj
rit_setup_callback
getHandles
diskio_initializeSPIMutex
f_mkfs
spi1_SetMaxClockMhz
printMemoryInfo
_ZN11LED_Display9setNumberEc
sd_timerproc
