   1              		.syntax unified
   2              		.cpu cortex-m3
   3              		.fpu softvfp
   4              		.eabi_attribute 20, 1
   5              		.eabi_attribute 21, 1
   6              		.eabi_attribute 23, 3
   7              		.eabi_attribute 24, 1
   8              		.eabi_attribute 25, 1
   9              		.eabi_attribute 26, 1
  10              		.eabi_attribute 30, 4
  11              		.eabi_attribute 18, 4
  12              		.thumb
  13              		.file	"spi1.c"
  14              		.text
  15              		.align	1
  16              		.global	spi1_SetMaxClockMhz
  17              		.thumb
  18              		.thumb_func
  20              	spi1_SetMaxClockMhz:
  21              		@ args = 0, pretend = 0, frame = 0
  22              		@ frame_needed = 0, uses_anonymous_args = 0
  23 0000 10B5     		push	{r4, lr}
  24 0002 0446     		mov	r4, r0
  25 0004 FFF7FEFF 		bl	getCpuClock
  26 0008 0A4B     		ldr	r3, .L4
  27 000a B0FBF3F0 		udiv	r0, r0, r3
  28 000e 0223     		movs	r3, #2
  29 0010 00E0     		b	.L2
  30              	.L3:
  31 0012 0233     		adds	r3, r3, #2
  32              	.L2:
  33 0014 FE2B     		cmp	r3, #254
  34 0016 B0FBF3F1 		udiv	r1, r0, r3
  35 001a 8CBF     		ite	hi
  36 001c 0022     		movhi	r2, #0
  37 001e 0122     		movls	r2, #1
  38 0020 8C42     		cmp	r4, r1
  39 0022 2CBF     		ite	cs
  40 0024 0022     		movcs	r2, #0
  41 0026 02F00102 		andcc	r2, r2, #1
  42 002a 002A     		cmp	r2, #0
  43 002c F1D1     		bne	.L3
  44 002e 024A     		ldr	r2, .L4+4
  45 0030 1361     		str	r3, [r2, #16]
  46 0032 10BD     		pop	{r4, pc}
  47              	.L5:
  48              		.align	2
  49              	.L4:
  50 0034 40420F00 		.word	1000000
  51 0038 00000340 		.word	1073938432
  53              		.align	1
  54              		.global	spi1_Init
  55              		.thumb
  56              		.thumb_func
  58              	spi1_Init:
  59              		@ args = 0, pretend = 0, frame = 0
  60              		@ frame_needed = 0, uses_anonymous_args = 0
  61 003c 08B5     		push	{r3, lr}
  62 003e 154B     		ldr	r3, .L7
  63 0040 0C20     		movs	r0, #12
  64 0042 D3F8C420 		ldr	r2, [r3, #196]
  65 0046 42F48062 		orr	r2, r2, #1024
  66 004a C3F8C420 		str	r2, [r3, #196]
  67 004e D3F8A821 		ldr	r2, [r3, #424]
  68 0052 22F44012 		bic	r2, r2, #3145728
  69 0056 C3F8A821 		str	r2, [r3, #424]
  70 005a D3F8A821 		ldr	r2, [r3, #424]
  71 005e 42F48012 		orr	r2, r2, #1048576
  72 0062 C3F8A821 		str	r2, [r3, #424]
  73 0066 A3F55023 		sub	r3, r3, #851968
  74 006a 1A68     		ldr	r2, [r3, #0]
  75 006c 22F47C22 		bic	r2, r2, #1032192
  76 0070 1A60     		str	r2, [r3, #0]
  77 0072 1A68     		ldr	r2, [r3, #0]
  78 0074 42F42822 		orr	r2, r2, #688128
  79 0078 1A60     		str	r2, [r3, #0]
  80 007a 03F58043 		add	r3, r3, #16384
  81 007e 0722     		movs	r2, #7
  82 0080 1A60     		str	r2, [r3, #0]
  83 0082 0222     		movs	r2, #2
  84 0084 5A60     		str	r2, [r3, #4]
  85 0086 FFF7FEFF 		bl	spi1_SetMaxClockMhz
  86 008a BDE80840 		pop	{r3, lr}
  87 008e FFF7FEBF 		b	spiDmaInitialize
  88              	.L8:
  89 0092 00BF     		.align	2
  90              	.L7:
  91 0094 00C00F40 		.word	1074774016
  93              		.ident	"GCC: (GNU) 4.6.2"
DEFINED SYMBOLS
                            *ABS*:00000000 spi1.c
C:\Users\Montoya\AppData\Local\Temp\cc93xPEs.s:15     .text:00000000 $t
C:\Users\Montoya\AppData\Local\Temp\cc93xPEs.s:20     .text:00000000 spi1_SetMaxClockMhz
C:\Users\Montoya\AppData\Local\Temp\cc93xPEs.s:50     .text:00000034 $d
C:\Users\Montoya\AppData\Local\Temp\cc93xPEs.s:53     .text:0000003c $t
C:\Users\Montoya\AppData\Local\Temp\cc93xPEs.s:58     .text:0000003c spi1_Init
C:\Users\Montoya\AppData\Local\Temp\cc93xPEs.s:91     .text:00000094 $d

UNDEFINED SYMBOLS
getCpuClock
spiDmaInitialize
