   1              		.syntax unified
   2              		.cpu cortex-m3
   3              		.fpu softvfp
   4              		.eabi_attribute 20, 1
   5              		.eabi_attribute 21, 1
   6              		.eabi_attribute 23, 3
   7              		.eabi_attribute 24, 1
   8              		.eabi_attribute 25, 1
   9              		.eabi_attribute 26, 1
  10              		.eabi_attribute 30, 4
  11              		.eabi_attribute 18, 4
  12              		.thumb
  13              		.file	"spi_flash.cpp"
  14              		.text
  15              		.align	1
  16              		.thumb
  17              		.thumb_func
  19              	_ZL15spiExchangeBytec:
  20              		@ args = 0, pretend = 0, frame = 0
  21              		@ frame_needed = 0, uses_anonymous_args = 0
  22              		@ link register save eliminated.
  23 0000 044B     		ldr	r3, .L4
  24 0002 9860     		str	r0, [r3, #8]
  25              	.L2:
  26 0004 DA68     		ldr	r2, [r3, #12]
  27 0006 D206     		lsls	r2, r2, #27
  28 0008 FCD4     		bmi	.L2
  29 000a 024B     		ldr	r3, .L4
  30 000c 9868     		ldr	r0, [r3, #8]
  31 000e C0B2     		uxtb	r0, r0
  32 0010 7047     		bx	lr
  33              	.L5:
  34 0012 00BF     		.align	2
  35              	.L4:
  36 0014 00000340 		.word	1073938432
  38              		.align	1
  39              		.thumb
  40              		.thumb_func
  42              	_ZL16waitUntilNotBusyv:
  43              		@ args = 0, pretend = 0, frame = 0
  44              		@ frame_needed = 0, uses_anonymous_args = 0
  45 0018 10B5     		push	{r4, lr}
  46 001a 094C     		ldr	r4, .L9
  47 001c 4FF48033 		mov	r3, #65536
  48 0020 A361     		str	r3, [r4, #24]
  49 0022 D720     		movs	r0, #215
  50 0024 A361     		str	r3, [r4, #24]
  51 0026 E361     		str	r3, [r4, #28]
  52 0028 FFF7EAFF 		bl	_ZL15spiExchangeBytec
  53              	.L7:
  54 002c FF20     		movs	r0, #255
  55 002e FFF7E7FF 		bl	_ZL15spiExchangeBytec
  56 0032 0106     		lsls	r1, r0, #24
  57 0034 FAD5     		bpl	.L7
  58 0036 4FF48033 		mov	r3, #65536
  59 003a A361     		str	r3, [r4, #24]
  60 003c 10BD     		pop	{r4, pc}
  61              	.L10:
  62 003e 00BF     		.align	2
  63              	.L9:
  64 0040 00C00920 		.word	537509888
  66              		.align	1
  67              		.thumb
  68              		.thumb_func
  70              	_ZL15flash_WritePagePh16FlashAddressType.isra.1:
  71              		@ args = 0, pretend = 0, frame = 0
  72              		@ frame_needed = 0, uses_anonymous_args = 0
  73 0044 2DE9F843 		push	{r3, r4, r5, r6, r7, r8, r9, lr}
  74 0048 104D     		ldr	r5, .L12
  75 004a 4FF48036 		mov	r6, #65536
  76 004e 0F46     		mov	r7, r1
  77 0050 9046     		mov	r8, r2
  78 0052 9946     		mov	r9, r3
  79 0054 0446     		mov	r4, r0
  80 0056 FFF7DFFF 		bl	_ZL16waitUntilNotBusyv
  81 005a AE61     		str	r6, [r5, #24]
  82 005c 8220     		movs	r0, #130
  83 005e AE61     		str	r6, [r5, #24]
  84 0060 EE61     		str	r6, [r5, #28]
  85 0062 FFF7CDFF 		bl	_ZL15spiExchangeBytec
  86 0066 4846     		mov	r0, r9
  87 0068 FFF7CAFF 		bl	_ZL15spiExchangeBytec
  88 006c 4046     		mov	r0, r8
  89 006e FFF7C7FF 		bl	_ZL15spiExchangeBytec
  90 0072 3846     		mov	r0, r7
  91 0074 FFF7C4FF 		bl	_ZL15spiExchangeBytec
  92 0078 2046     		mov	r0, r4
  93 007a 4FF48071 		mov	r1, #256
  94 007e 0122     		movs	r2, #1
  95 0080 FFF7FEFF 		bl	spiDmaTransferBlock
  96 0084 AE61     		str	r6, [r5, #24]
  97 0086 BDE8F883 		pop	{r3, r4, r5, r6, r7, r8, r9, pc}
  98              	.L13:
  99 008a 00BF     		.align	2
 100              	.L12:
 101 008c 00C00920 		.word	537509888
 103              		.align	1
 104              		.global	flash_InitializeSignals
 105              		.thumb
 106              		.thumb_func
 108              	flash_InitializeSignals:
 109              		@ args = 0, pretend = 0, frame = 0
 110              		@ frame_needed = 0, uses_anonymous_args = 0
 111              		@ link register save eliminated.
 112 0090 064B     		ldr	r3, .L15
 113 0092 5A68     		ldr	r2, [r3, #4]
 114 0094 22F00302 		bic	r2, r2, #3
 115 0098 5A60     		str	r2, [r3, #4]
 116 009a 054B     		ldr	r3, .L15+4
 117 009c 1A68     		ldr	r2, [r3, #0]
 118 009e 42F48032 		orr	r2, r2, #65536
 119 00a2 1A60     		str	r2, [r3, #0]
 120 00a4 4FF48032 		mov	r2, #65536
 121 00a8 9A61     		str	r2, [r3, #24]
 122 00aa 7047     		bx	lr
 123              	.L16:
 124              		.align	2
 125              	.L15:
 126 00ac 00C00240 		.word	1073922048
 127 00b0 00C00920 		.word	537509888
 129              		.align	1
 130              		.global	flash_Initialize
 131              		.thumb
 132              		.thumb_func
 134              	flash_Initialize:
 135              		@ args = 0, pretend = 0, frame = 0
 136              		@ frame_needed = 0, uses_anonymous_args = 0
 137 00b4 70B5     		push	{r4, r5, r6, lr}
 138 00b6 1A4C     		ldr	r4, .L20
 139 00b8 4FF48035 		mov	r5, #65536
 140 00bc FFF7ACFF 		bl	_ZL16waitUntilNotBusyv
 141 00c0 A561     		str	r5, [r4, #24]
 142 00c2 D720     		movs	r0, #215
 143 00c4 A561     		str	r5, [r4, #24]
 144 00c6 E561     		str	r5, [r4, #28]
 145 00c8 FFF79AFF 		bl	_ZL15spiExchangeBytec
 146 00cc FF20     		movs	r0, #255
 147 00ce FFF797FF 		bl	_ZL15spiExchangeBytec
 148 00d2 A561     		str	r5, [r4, #24]
 149 00d4 0646     		mov	r6, r0
 150 00d6 A561     		str	r5, [r4, #24]
 151 00d8 9F20     		movs	r0, #159
 152 00da A561     		str	r5, [r4, #24]
 153 00dc E561     		str	r5, [r4, #28]
 154 00de FFF78FFF 		bl	_ZL15spiExchangeBytec
 155 00e2 FF20     		movs	r0, #255
 156 00e4 FFF78CFF 		bl	_ZL15spiExchangeBytec
 157 00e8 F307     		lsls	r3, r6, #31
 158 00ea A561     		str	r5, [r4, #24]
 159 00ec 13D4     		bmi	.L18
 160 00ee A561     		str	r5, [r4, #24]
 161 00f0 3D20     		movs	r0, #61
 162 00f2 A561     		str	r5, [r4, #24]
 163 00f4 E561     		str	r5, [r4, #28]
 164 00f6 FFF783FF 		bl	_ZL15spiExchangeBytec
 165 00fa 2A20     		movs	r0, #42
 166 00fc FFF780FF 		bl	_ZL15spiExchangeBytec
 167 0100 8020     		movs	r0, #128
 168 0102 FFF77DFF 		bl	_ZL15spiExchangeBytec
 169 0106 A620     		movs	r0, #166
 170 0108 FFF77AFF 		bl	_ZL15spiExchangeBytec
 171 010c A561     		str	r5, [r4, #24]
 172 010e 0548     		ldr	r0, .L20+4
 173 0110 FFF7FEFF 		bl	puts
 174              	.L19:
 175 0114 FEE7     		b	.L19
 176              	.L18:
 177 0116 1F38     		subs	r0, r0, #31
 178 0118 18BF     		it	ne
 179 011a 0120     		movne	r0, #1
 180 011c 70BD     		pop	{r4, r5, r6, pc}
 181              	.L21:
 182 011e 00BF     		.align	2
 183              	.L20:
 184 0120 00C00920 		.word	537509888
 185 0124 00000000 		.word	.LC0
 187              		.align	1
 188              		.global	flash_ReadSector
 189              		.thumb
 190              		.thumb_func
 192              	flash_ReadSector:
 193              		@ args = 0, pretend = 0, frame = 0
 194              		@ frame_needed = 0, uses_anonymous_args = 0
 195 0128 70B5     		push	{r4, r5, r6, lr}
 196 012a 4C02     		lsls	r4, r1, #9
 197 012c 0546     		mov	r5, r0
 198 012e 1646     		mov	r6, r2
 199 0130 FFF772FF 		bl	_ZL16waitUntilNotBusyv
 200 0134 1A4B     		ldr	r3, .L27
 201 0136 4FF48032 		mov	r2, #65536
 202 013a 9A61     		str	r2, [r3, #24]
 203 013c 9A61     		str	r2, [r3, #24]
 204 013e DA61     		str	r2, [r3, #28]
 205 0140 184B     		ldr	r3, .L27+4
 206 0142 C4F30722 		ubfx	r2, r4, #8, #8
 207 0146 C4F30741 		ubfx	r1, r4, #16, #8
 208 014a D2B2     		uxtb	r2, r2
 209 014c E820     		movs	r0, #232
 210 014e 9860     		str	r0, [r3, #8]
 211 0150 E4B2     		uxtb	r4, r4
 212 0152 9960     		str	r1, [r3, #8]
 213 0154 9A60     		str	r2, [r3, #8]
 214 0156 FF22     		movs	r2, #255
 215 0158 9C60     		str	r4, [r3, #8]
 216 015a 9A60     		str	r2, [r3, #8]
 217 015c 9A60     		str	r2, [r3, #8]
 218 015e 9A60     		str	r2, [r3, #8]
 219 0160 9A60     		str	r2, [r3, #8]
 220              	.L23:
 221 0162 DC68     		ldr	r4, [r3, #12]
 222 0164 0F4A     		ldr	r2, .L27+4
 223 0166 14F01004 		ands	r4, r4, #16
 224 016a FAD1     		bne	.L23
 225 016c 9368     		ldr	r3, [r2, #8]
 226 016e 9368     		ldr	r3, [r2, #8]
 227 0170 9368     		ldr	r3, [r2, #8]
 228 0172 9368     		ldr	r3, [r2, #8]
 229 0174 9368     		ldr	r3, [r2, #8]
 230 0176 9368     		ldr	r3, [r2, #8]
 231 0178 9368     		ldr	r3, [r2, #8]
 232 017a 9368     		ldr	r3, [r2, #8]
 233 017c 08E0     		b	.L24
 234              	.L25:
 235 017e 2846     		mov	r0, r5
 236 0180 4FF40071 		mov	r1, #512
 237 0184 0022     		movs	r2, #0
 238 0186 FFF7FEFF 		bl	spiDmaTransferBlock
 239 018a 05F50075 		add	r5, r5, #512
 240 018e 0134     		adds	r4, r4, #1
 241              	.L24:
 242 0190 B442     		cmp	r4, r6
 243 0192 F4DB     		blt	.L25
 244 0194 024B     		ldr	r3, .L27
 245 0196 4FF48032 		mov	r2, #65536
 246 019a 9A61     		str	r2, [r3, #24]
 247 019c 0020     		movs	r0, #0
 248 019e 70BD     		pop	{r4, r5, r6, pc}
 249              	.L28:
 250              		.align	2
 251              	.L27:
 252 01a0 00C00920 		.word	537509888
 253 01a4 00000340 		.word	1073938432
 255              		.align	1
 256              		.global	flash_WriteSector
 257              		.thumb
 258              		.thumb_func
 260              	flash_WriteSector:
 261              		@ args = 0, pretend = 0, frame = 0
 262              		@ frame_needed = 0, uses_anonymous_args = 0
 263 01a8 2DE9F041 		push	{r4, r5, r6, r7, r8, lr}
 264 01ac 0546     		mov	r5, r0
 265 01ae 9046     		mov	r8, r2
 266 01b0 4C02     		lsls	r4, r1, #9
 267 01b2 0026     		movs	r6, #0
 268 01b4 18E0     		b	.L30
 269              	.L31:
 270 01b6 E1B2     		uxtb	r1, r4
 271 01b8 C4F30722 		ubfx	r2, r4, #8, #8
 272 01bc C4F30743 		ubfx	r3, r4, #16, #8
 273 01c0 2846     		mov	r0, r5
 274 01c2 2746     		mov	r7, r4
 275 01c4 04F58074 		add	r4, r4, #256
 276 01c8 FFF73CFF 		bl	_ZL15flash_WritePagePh16FlashAddressType.isra.1
 277 01cc 05F58070 		add	r0, r5, #256
 278 01d0 E1B2     		uxtb	r1, r4
 279 01d2 C4F30722 		ubfx	r2, r4, #8, #8
 280 01d6 C4F30743 		ubfx	r3, r4, #16, #8
 281 01da FFF733FF 		bl	_ZL15flash_WritePagePh16FlashAddressType.isra.1
 282 01de 05F50075 		add	r5, r5, #512
 283 01e2 07F50074 		add	r4, r7, #512
 284 01e6 0136     		adds	r6, r6, #1
 285              	.L30:
 286 01e8 4645     		cmp	r6, r8
 287 01ea E4DB     		blt	.L31
 288 01ec 0020     		movs	r0, #0
 289 01ee BDE8F081 		pop	{r4, r5, r6, r7, r8, pc}
 291              		.align	1
 292              		.global	flash_ioctl
 293              		.thumb
 294              		.thumb_func
 296              	flash_ioctl:
 297              		@ args = 0, pretend = 0, frame = 0
 298              		@ frame_needed = 0, uses_anonymous_args = 0
 299 01f2 08B5     		push	{r3, lr}
 300 01f4 0728     		cmp	r0, #7
 301 01f6 13D8     		bhi	.L40
 302 01f8 DFE800F0 		tbb	[pc, r0]
 303              	.L39:
 304 01fc 04       		.byte	(.L34-.L39)/2
 305 01fd 07       		.byte	(.L35-.L39)/2
 306 01fe 0A       		.byte	(.L36-.L39)/2
 307 01ff 0E       		.byte	(.L37-.L39)/2
 308 0200 10       		.byte	(.L41-.L39)/2
 309 0201 10       		.byte	(.L41-.L39)/2
 310 0202 10       		.byte	(.L41-.L39)/2
 311 0203 10       		.byte	(.L41-.L39)/2
 312              		.align	1
 313              	.L34:
 314 0204 FFF708FF 		bl	_ZL16waitUntilNotBusyv
 315 0208 08E0     		b	.L41
 316              	.L35:
 317 020a 4FF40063 		mov	r3, #2048
 318 020e 04E0     		b	.L42
 319              	.L36:
 320 0210 4FF40073 		mov	r3, #512	@ movhi
 321 0214 0B80     		strh	r3, [r1, #0]	@ movhi
 322 0216 01E0     		b	.L41
 323              	.L37:
 324 0218 0123     		movs	r3, #1
 325              	.L42:
 326 021a 0B60     		str	r3, [r1, #0]
 327              	.L41:
 328 021c 0020     		movs	r0, #0
 329 021e 08BD     		pop	{r3, pc}
 330              	.L40:
 331 0220 0420     		movs	r0, #4
 332 0222 08BD     		pop	{r3, pc}
 334              		.section	.rodata.str1.1,"aMS",%progbits,1
 335              	.LC0:
 336 0000 2D2D2D2D 		.ascii	"----> POWER OFF AND POWER ON CPU TO INITIALIZE FLAS"
 336      3E20504F 
 336      57455220 
 336      4F464620 
 336      414E4420 
 337 0033 48204D45 		.ascii	"H MEMORY!!! <-------\000"
 337      4D4F5259 
 337      21212120 
 337      3C2D2D2D 
 337      2D2D2D2D 
 338              		.ident	"GCC: (GNU) 4.6.2"
DEFINED SYMBOLS
                            *ABS*:00000000 spi_flash.cpp
C:\Users\Montoya\AppData\Local\Temp\ccSLkk1e.s:15     .text:00000000 $t
C:\Users\Montoya\AppData\Local\Temp\ccSLkk1e.s:19     .text:00000000 _ZL15spiExchangeBytec
C:\Users\Montoya\AppData\Local\Temp\ccSLkk1e.s:36     .text:00000014 $d
C:\Users\Montoya\AppData\Local\Temp\ccSLkk1e.s:38     .text:00000018 $t
C:\Users\Montoya\AppData\Local\Temp\ccSLkk1e.s:42     .text:00000018 _ZL16waitUntilNotBusyv
C:\Users\Montoya\AppData\Local\Temp\ccSLkk1e.s:64     .text:00000040 $d
C:\Users\Montoya\AppData\Local\Temp\ccSLkk1e.s:66     .text:00000044 $t
C:\Users\Montoya\AppData\Local\Temp\ccSLkk1e.s:70     .text:00000044 _ZL15flash_WritePagePh16FlashAddressType.isra.1
C:\Users\Montoya\AppData\Local\Temp\ccSLkk1e.s:101    .text:0000008c $d
C:\Users\Montoya\AppData\Local\Temp\ccSLkk1e.s:103    .text:00000090 $t
C:\Users\Montoya\AppData\Local\Temp\ccSLkk1e.s:108    .text:00000090 flash_InitializeSignals
C:\Users\Montoya\AppData\Local\Temp\ccSLkk1e.s:126    .text:000000ac $d
C:\Users\Montoya\AppData\Local\Temp\ccSLkk1e.s:129    .text:000000b4 $t
C:\Users\Montoya\AppData\Local\Temp\ccSLkk1e.s:134    .text:000000b4 flash_Initialize
C:\Users\Montoya\AppData\Local\Temp\ccSLkk1e.s:184    .text:00000120 $d
C:\Users\Montoya\AppData\Local\Temp\ccSLkk1e.s:187    .text:00000128 $t
C:\Users\Montoya\AppData\Local\Temp\ccSLkk1e.s:192    .text:00000128 flash_ReadSector
C:\Users\Montoya\AppData\Local\Temp\ccSLkk1e.s:252    .text:000001a0 $d
C:\Users\Montoya\AppData\Local\Temp\ccSLkk1e.s:255    .text:000001a8 $t
C:\Users\Montoya\AppData\Local\Temp\ccSLkk1e.s:260    .text:000001a8 flash_WriteSector
C:\Users\Montoya\AppData\Local\Temp\ccSLkk1e.s:296    .text:000001f2 flash_ioctl
C:\Users\Montoya\AppData\Local\Temp\ccSLkk1e.s:304    .text:000001fc $d
C:\Users\Montoya\AppData\Local\Temp\ccSLkk1e.s:312    .text:00000204 $t

UNDEFINED SYMBOLS
spiDmaTransferBlock
puts
